mode: atomic
github.com/romanpitatelev/wallets-service/cmd/user_generator/main.go:39.13,43.16 3 0
github.com/romanpitatelev/wallets-service/cmd/user_generator/main.go:43.16,45.3 1 0
github.com/romanpitatelev/wallets-service/cmd/user_generator/main.go:47.2,47.15 1 0
github.com/romanpitatelev/wallets-service/cmd/user_generator/main.go:47.15,48.41 1 0
github.com/romanpitatelev/wallets-service/cmd/user_generator/main.go:48.41,50.4 1 0
github.com/romanpitatelev/wallets-service/cmd/user_generator/main.go:53.2,55.26 2 0
github.com/romanpitatelev/wallets-service/cmd/user_generator/main.go:55.26,56.64 1 0
github.com/romanpitatelev/wallets-service/cmd/user_generator/main.go:56.64,58.4 1 0
github.com/romanpitatelev/wallets-service/cmd/user_generator/main.go:60.3,61.27 2 0
github.com/romanpitatelev/wallets-service/cmd/user_generator/main.go:65.32,68.12 2 0
github.com/romanpitatelev/wallets-service/cmd/user_generator/main.go:68.12,71.7 2 0
github.com/romanpitatelev/wallets-service/cmd/user_generator/main.go:71.7,73.4 1 0
github.com/romanpitatelev/wallets-service/cmd/user_generator/main.go:76.2,76.11 1 0
github.com/romanpitatelev/wallets-service/cmd/user_generator/main.go:79.26,86.16 6 0
github.com/romanpitatelev/wallets-service/cmd/user_generator/main.go:86.16,90.3 2 0
github.com/romanpitatelev/wallets-service/cmd/user_generator/main.go:92.2,93.16 2 0
github.com/romanpitatelev/wallets-service/cmd/user_generator/main.go:93.16,97.3 2 0
github.com/romanpitatelev/wallets-service/cmd/user_generator/main.go:99.2,100.16 2 0
github.com/romanpitatelev/wallets-service/cmd/user_generator/main.go:100.16,102.3 1 0
github.com/romanpitatelev/wallets-service/cmd/user_generator/main.go:104.2,105.16 2 0
github.com/romanpitatelev/wallets-service/cmd/user_generator/main.go:105.16,107.3 1 0
github.com/romanpitatelev/wallets-service/cmd/user_generator/main.go:109.2,116.3 1 0
github.com/romanpitatelev/wallets-service/cmd/user_generator/main.go:119.48,123.2 2 0
github.com/romanpitatelev/wallets-service/cmd/user_generator/main.go:125.39,127.16 2 0
github.com/romanpitatelev/wallets-service/cmd/user_generator/main.go:127.16,129.3 1 0
github.com/romanpitatelev/wallets-service/cmd/user_generator/main.go:131.2,131.36 1 0
github.com/romanpitatelev/wallets-service/cmd/user_generator/main.go:131.36,133.3 1 0
github.com/romanpitatelev/wallets-service/cmd/user_generator/main.go:135.2,135.20 1 0
github.com/romanpitatelev/wallets-service/cmd/user_generator/main.go:138.51,142.16 3 0
github.com/romanpitatelev/wallets-service/cmd/user_generator/main.go:142.16,144.3 1 0
github.com/romanpitatelev/wallets-service/cmd/user_generator/main.go:146.2,146.48 1 0
github.com/romanpitatelev/wallets-service/cmd/user_generator/main.go:149.70,154.16 4 0
github.com/romanpitatelev/wallets-service/cmd/user_generator/main.go:154.16,156.3 1 0
github.com/romanpitatelev/wallets-service/cmd/user_generator/main.go:158.2,158.22 1 0
github.com/romanpitatelev/wallets-service/cmd/user_generator/main.go:161.83,163.16 2 0
github.com/romanpitatelev/wallets-service/cmd/user_generator/main.go:163.16,165.3 1 0
github.com/romanpitatelev/wallets-service/cmd/user_generator/main.go:167.2,173.16 3 0
github.com/romanpitatelev/wallets-service/cmd/user_generator/main.go:173.16,175.3 1 0
github.com/romanpitatelev/wallets-service/cmd/user_generator/main.go:177.2,177.12 1 0
github.com/romanpitatelev/wallets-service/cmd/user_generator/main.go:180.36,182.16 2 0
github.com/romanpitatelev/wallets-service/cmd/user_generator/main.go:182.16,184.3 1 0
github.com/romanpitatelev/wallets-service/cmd/user_generator/main.go:186.2,188.30 2 0
github.com/romanpitatelev/wallets-service/cmd/user_generator/main.go:188.30,190.3 1 0
github.com/romanpitatelev/wallets-service/cmd/user_generator/main.go:192.2,192.19 1 0
github.com/romanpitatelev/wallets-service/cmd/wallets_service/main.go:21.13,28.16 5 0
github.com/romanpitatelev/wallets-service/cmd/wallets_service/main.go:28.16,30.3 1 0
github.com/romanpitatelev/wallets-service/cmd/wallets_service/main.go:32.2,32.52 1 0
github.com/romanpitatelev/wallets-service/cmd/wallets_service/main.go:32.52,34.3 1 0
github.com/romanpitatelev/wallets-service/cmd/wallets_service/main.go:36.2,39.16 3 0
github.com/romanpitatelev/wallets-service/cmd/wallets_service/main.go:39.16,41.3 1 0
github.com/romanpitatelev/wallets-service/cmd/wallets_service/main.go:43.2,43.15 1 0
github.com/romanpitatelev/wallets-service/cmd/wallets_service/main.go:43.15,44.46 1 0
github.com/romanpitatelev/wallets-service/cmd/wallets_service/main.go:44.46,46.4 1 0
github.com/romanpitatelev/wallets-service/cmd/wallets_service/main.go:49.2,66.24 6 0
github.com/romanpitatelev/wallets-service/cmd/wallets_service/main.go:66.24,67.48 1 0
github.com/romanpitatelev/wallets-service/cmd/wallets_service/main.go:67.48,69.4 1 0
github.com/romanpitatelev/wallets-service/cmd/wallets_service/main.go:71.3,71.13 1 0
github.com/romanpitatelev/wallets-service/cmd/wallets_service/main.go:74.2,74.24 1 0
github.com/romanpitatelev/wallets-service/cmd/wallets_service/main.go:74.24,75.38 1 0
github.com/romanpitatelev/wallets-service/cmd/wallets_service/main.go:75.38,77.4 1 0
github.com/romanpitatelev/wallets-service/cmd/wallets_service/main.go:79.3,79.13 1 0
github.com/romanpitatelev/wallets-service/cmd/wallets_service/main.go:82.2,82.24 1 0
github.com/romanpitatelev/wallets-service/cmd/wallets_service/main.go:82.24,83.41 1 0
github.com/romanpitatelev/wallets-service/cmd/wallets_service/main.go:83.41,85.4 1 0
github.com/romanpitatelev/wallets-service/cmd/wallets_service/main.go:87.3,87.13 1 0
github.com/romanpitatelev/wallets-service/cmd/wallets_service/main.go:90.2,90.36 1 0
github.com/romanpitatelev/wallets-service/cmd/wallets_service/main.go:90.36,92.3 1 0
github.com/romanpitatelev/wallets-service/configs/config.go:30.28,34.2 2 0
github.com/romanpitatelev/wallets-service/configs/config.go:36.54,40.16 3 0
github.com/romanpitatelev/wallets-service/configs/config.go:40.16,42.3 1 0
github.com/romanpitatelev/wallets-service/configs/config.go:44.2,44.24 1 0
github.com/romanpitatelev/wallets-service/configs/config.go:47.20,51.16 3 0
github.com/romanpitatelev/wallets-service/configs/config.go:51.16,53.3 1 0
github.com/romanpitatelev/wallets-service/configs/config.go:55.2,57.22 2 0
github.com/romanpitatelev/wallets-service/configs/config.go:57.22,58.70 1 0
github.com/romanpitatelev/wallets-service/configs/config.go:58.70,60.4 1 0
github.com/romanpitatelev/wallets-service/configs/config.go:61.8,61.60 1 0
github.com/romanpitatelev/wallets-service/configs/config.go:61.60,63.3 1 0
github.com/romanpitatelev/wallets-service/configs/config.go:65.2,65.33 1 0
github.com/romanpitatelev/wallets-service/configs/config.go:68.31,74.39 4 0
github.com/romanpitatelev/wallets-service/configs/config.go:74.39,77.27 2 0
github.com/romanpitatelev/wallets-service/configs/config.go:77.27,81.12 3 0
github.com/romanpitatelev/wallets-service/configs/config.go:84.3,84.88 1 0
github.com/romanpitatelev/wallets-service/configs/config.go:88.35,90.2 1 0
github.com/romanpitatelev/wallets-service/configs/config.go:92.40,94.2 1 0
github.com/romanpitatelev/wallets-service/configs/config.go:96.42,98.2 1 0
github.com/romanpitatelev/wallets-service/configs/config.go:100.57,102.2 1 0
github.com/romanpitatelev/wallets-service/configs/config.go:104.56,106.2 1 0
github.com/romanpitatelev/wallets-service/configs/config.go:108.46,110.2 1 0
github.com/romanpitatelev/wallets-service/internal/rest/handlers.go:19.71,22.64 2 0
github.com/romanpitatelev/wallets-service/internal/rest/handlers.go:22.64,27.3 3 0
github.com/romanpitatelev/wallets-service/internal/rest/handlers.go:29.2,33.16 4 0
github.com/romanpitatelev/wallets-service/internal/rest/handlers.go:33.16,38.3 3 0
github.com/romanpitatelev/wallets-service/internal/rest/handlers.go:40.2,43.64 3 0
github.com/romanpitatelev/wallets-service/internal/rest/handlers.go:43.64,47.3 2 0
github.com/romanpitatelev/wallets-service/internal/rest/handlers.go:50.68,54.16 3 0
github.com/romanpitatelev/wallets-service/internal/rest/handlers.go:54.16,59.3 3 0
github.com/romanpitatelev/wallets-service/internal/rest/handlers.go:61.2,62.16 2 0
github.com/romanpitatelev/wallets-service/internal/rest/handlers.go:62.16,63.47 1 0
github.com/romanpitatelev/wallets-service/internal/rest/handlers.go:63.47,67.4 2 0
github.com/romanpitatelev/wallets-service/internal/rest/handlers.go:69.3,73.9 3 0
github.com/romanpitatelev/wallets-service/internal/rest/handlers.go:76.2,79.58 3 0
github.com/romanpitatelev/wallets-service/internal/rest/handlers.go:79.58,83.3 2 0
github.com/romanpitatelev/wallets-service/internal/rest/handlers.go:86.71,90.16 3 0
github.com/romanpitatelev/wallets-service/internal/rest/handlers.go:90.16,95.3 3 0
github.com/romanpitatelev/wallets-service/internal/rest/handlers.go:97.2,99.78 2 0
github.com/romanpitatelev/wallets-service/internal/rest/handlers.go:99.78,103.3 2 0
github.com/romanpitatelev/wallets-service/internal/rest/handlers.go:105.2,106.16 2 0
github.com/romanpitatelev/wallets-service/internal/rest/handlers.go:106.16,110.3 2 0
github.com/romanpitatelev/wallets-service/internal/rest/handlers.go:112.2,115.64 3 0
github.com/romanpitatelev/wallets-service/internal/rest/handlers.go:115.64,119.3 2 0
github.com/romanpitatelev/wallets-service/internal/rest/handlers.go:122.71,127.16 4 0
github.com/romanpitatelev/wallets-service/internal/rest/handlers.go:127.16,132.3 3 0
github.com/romanpitatelev/wallets-service/internal/rest/handlers.go:134.2,134.70 1 0
github.com/romanpitatelev/wallets-service/internal/rest/handlers.go:134.70,135.47 1 0
github.com/romanpitatelev/wallets-service/internal/rest/handlers.go:135.47,139.4 2 0
github.com/romanpitatelev/wallets-service/internal/rest/handlers.go:141.3,141.53 1 0
github.com/romanpitatelev/wallets-service/internal/rest/handlers.go:141.53,145.4 2 0
github.com/romanpitatelev/wallets-service/internal/rest/handlers.go:147.3,151.9 3 0
github.com/romanpitatelev/wallets-service/internal/rest/handlers.go:154.2,154.37 1 0
github.com/romanpitatelev/wallets-service/internal/rest/handlers.go:157.69,162.16 4 0
github.com/romanpitatelev/wallets-service/internal/rest/handlers.go:162.16,167.3 3 0
github.com/romanpitatelev/wallets-service/internal/rest/handlers.go:169.2,172.59 3 0
github.com/romanpitatelev/wallets-service/internal/rest/handlers.go:172.59,176.3 2 0
github.com/romanpitatelev/wallets-service/internal/rest/handlers.go:179.64,192.49 4 0
github.com/romanpitatelev/wallets-service/internal/rest/handlers.go:192.49,194.3 1 0
github.com/romanpitatelev/wallets-service/internal/rest/handlers.go:196.2,196.44 1 0
github.com/romanpitatelev/wallets-service/internal/rest/handlers.go:196.44,197.56 1 0
github.com/romanpitatelev/wallets-service/internal/rest/handlers.go:197.56,199.4 1 0
github.com/romanpitatelev/wallets-service/internal/rest/handlers.go:201.3,201.32 1 0
github.com/romanpitatelev/wallets-service/internal/rest/handlers.go:202.8,204.3 1 0
github.com/romanpitatelev/wallets-service/internal/rest/handlers.go:206.2,206.45 1 0
github.com/romanpitatelev/wallets-service/internal/rest/handlers.go:206.45,209.3 2 0
github.com/romanpitatelev/wallets-service/internal/rest/handlers.go:211.2,211.19 1 0
github.com/romanpitatelev/wallets-service/internal/rest/server.go:36.48,48.45 3 0
github.com/romanpitatelev/wallets-service/internal/rest/server.go:48.45,54.3 5 0
github.com/romanpitatelev/wallets-service/internal/rest/server.go:56.2,56.10 1 0
github.com/romanpitatelev/wallets-service/internal/rest/server.go:59.49,60.12 1 0
github.com/romanpitatelev/wallets-service/internal/rest/server.go:60.12,63.48 2 0
github.com/romanpitatelev/wallets-service/internal/rest/server.go:63.48,65.4 1 0
github.com/romanpitatelev/wallets-service/internal/rest/server.go:68.2,68.91 1 0
github.com/romanpitatelev/wallets-service/internal/rest/server.go:68.91,70.3 1 0
github.com/romanpitatelev/wallets-service/internal/rest/server.go:72.2,72.12 1 0
github.com/romanpitatelev/wallets-service/cmd/xr_service/main.go:14.13,20.40 4 0
github.com/romanpitatelev/wallets-service/cmd/xr_service/main.go:20.40,22.3 1 0
github.com/romanpitatelev/wallets-service/internal/consumer/consumer.go:30.59,32.16 2 0
github.com/romanpitatelev/wallets-service/internal/consumer/consumer.go:32.16,34.3 1 0
github.com/romanpitatelev/wallets-service/internal/consumer/consumer.go:36.2,39.8 1 0
github.com/romanpitatelev/wallets-service/internal/consumer/consumer.go:42.51,44.16 2 0
github.com/romanpitatelev/wallets-service/internal/consumer/consumer.go:44.16,46.3 1 0
github.com/romanpitatelev/wallets-service/internal/consumer/consumer.go:48.2,48.15 1 0
github.com/romanpitatelev/wallets-service/internal/consumer/consumer.go:48.15,49.46 1 0
github.com/romanpitatelev/wallets-service/internal/consumer/consumer.go:49.46,51.4 1 0
github.com/romanpitatelev/wallets-service/internal/consumer/consumer.go:54.2,54.6 1 0
github.com/romanpitatelev/wallets-service/internal/consumer/consumer.go:54.6,55.10 1 0
github.com/romanpitatelev/wallets-service/internal/consumer/consumer.go:56.45,61.63 3 0
github.com/romanpitatelev/wallets-service/internal/consumer/consumer.go:61.63,63.5 1 0
github.com/romanpitatelev/wallets-service/internal/consumer/consumer.go:65.4,65.56 1 0
github.com/romanpitatelev/wallets-service/internal/consumer/consumer.go:65.56,67.5 1 0
github.com/romanpitatelev/wallets-service/internal/consumer/consumer.go:68.38,69.65 1 0
github.com/romanpitatelev/wallets-service/internal/consumer/consumer.go:70.21,73.14 2 0
github.com/romanpitatelev/wallets-service/internal/consumer/consumer.go:78.34,79.43 1 0
github.com/romanpitatelev/wallets-service/internal/consumer/consumer.go:79.43,81.3 1 0
github.com/romanpitatelev/wallets-service/internal/consumer/consumer.go:83.2,83.12 1 0
github.com/romanpitatelev/wallets-service/internal/service/service.go:39.75,45.2 1 0
github.com/romanpitatelev/wallets-service/internal/service/service.go:47.98,51.16 3 0
github.com/romanpitatelev/wallets-service/internal/service/service.go:51.16,53.3 1 0
github.com/romanpitatelev/wallets-service/internal/service/service.go:55.2,56.16 2 0
github.com/romanpitatelev/wallets-service/internal/service/service.go:56.16,58.3 1 0
github.com/romanpitatelev/wallets-service/internal/service/service.go:58.8,60.3 1 0
github.com/romanpitatelev/wallets-service/internal/service/service.go:62.2,62.20 1 0
github.com/romanpitatelev/wallets-service/internal/service/service.go:65.93,67.16 2 0
github.com/romanpitatelev/wallets-service/internal/service/service.go:67.16,69.3 1 0
github.com/romanpitatelev/wallets-service/internal/service/service.go:71.2,71.20 1 0
github.com/romanpitatelev/wallets-service/internal/service/service.go:74.131,78.16 3 0
github.com/romanpitatelev/wallets-service/internal/service/service.go:78.16,80.3 1 0
github.com/romanpitatelev/wallets-service/internal/service/service.go:82.2,84.49 2 0
github.com/romanpitatelev/wallets-service/internal/service/service.go:84.49,86.17 2 0
github.com/romanpitatelev/wallets-service/internal/service/service.go:86.17,88.4 1 0
github.com/romanpitatelev/wallets-service/internal/service/service.go:91.2,92.16 2 0
github.com/romanpitatelev/wallets-service/internal/service/service.go:92.16,94.3 1 0
github.com/romanpitatelev/wallets-service/internal/service/service.go:96.2,96.27 1 0
github.com/romanpitatelev/wallets-service/internal/service/service.go:99.79,102.66 2 0
github.com/romanpitatelev/wallets-service/internal/service/service.go:102.66,104.3 1 0
github.com/romanpitatelev/wallets-service/internal/service/service.go:106.2,106.12 1 0
github.com/romanpitatelev/wallets-service/internal/service/service.go:109.113,111.16 2 0
github.com/romanpitatelev/wallets-service/internal/service/service.go:111.16,113.3 1 0
github.com/romanpitatelev/wallets-service/internal/service/service.go:115.2,115.21 1 0
github.com/romanpitatelev/wallets-service/internal/service/service.go:118.50,122.6 3 0
github.com/romanpitatelev/wallets-service/internal/service/service.go:122.6,123.10 1 0
github.com/romanpitatelev/wallets-service/internal/service/service.go:124.21,125.14 1 0
github.com/romanpitatelev/wallets-service/internal/service/service.go:126.19,127.91 1 0
github.com/romanpitatelev/wallets-service/internal/service/service.go:127.91,129.5 1 0
github.com/romanpitatelev/wallets-service/internal/store/store.go:33.64,35.16 2 0
github.com/romanpitatelev/wallets-service/internal/store/store.go:35.16,37.3 1 0
github.com/romanpitatelev/wallets-service/internal/store/store.go:39.2,39.39 1 0
github.com/romanpitatelev/wallets-service/internal/store/store.go:39.39,41.3 1 0
github.com/romanpitatelev/wallets-service/internal/store/store.go:43.2,48.8 2 0
github.com/romanpitatelev/wallets-service/internal/store/store.go:51.73,53.16 2 0
github.com/romanpitatelev/wallets-service/internal/store/store.go:53.16,55.3 1 0
github.com/romanpitatelev/wallets-service/internal/store/store.go:57.2,57.15 1 0
github.com/romanpitatelev/wallets-service/internal/store/store.go:57.15,59.17 2 0
github.com/romanpitatelev/wallets-service/internal/store/store.go:59.17,61.4 1 0
github.com/romanpitatelev/wallets-service/internal/store/store.go:64.2,65.16 2 0
github.com/romanpitatelev/wallets-service/internal/store/store.go:65.16,67.3 1 0
github.com/romanpitatelev/wallets-service/internal/store/store.go:69.2,69.29 1 0
github.com/romanpitatelev/wallets-service/internal/store/store.go:69.29,71.3 1 0
github.com/romanpitatelev/wallets-service/internal/store/store.go:73.2,73.52 1 0
github.com/romanpitatelev/wallets-service/internal/store/store.go:73.52,74.46 1 0
github.com/romanpitatelev/wallets-service/internal/store/store.go:74.46,76.18 2 0
github.com/romanpitatelev/wallets-service/internal/store/store.go:76.18,78.5 1 0
github.com/romanpitatelev/wallets-service/internal/store/store.go:80.4,81.31 2 0
github.com/romanpitatelev/wallets-service/internal/store/store.go:81.31,83.5 1 0
github.com/romanpitatelev/wallets-service/internal/store/store.go:85.4,85.23 1 0
github.com/romanpitatelev/wallets-service/internal/store/store.go:89.2,96.16 3 0
github.com/romanpitatelev/wallets-service/internal/store/store.go:96.16,98.3 1 0
github.com/romanpitatelev/wallets-service/internal/store/store.go:100.2,100.12 1 0
github.com/romanpitatelev/wallets-service/internal/store/store.go:103.78,110.16 3 0
github.com/romanpitatelev/wallets-service/internal/store/store.go:110.16,112.3 1 0
github.com/romanpitatelev/wallets-service/internal/store/store.go:114.2,114.12 1 0
github.com/romanpitatelev/wallets-service/internal/store/store.go:117.100,139.16 5 0
github.com/romanpitatelev/wallets-service/internal/store/store.go:139.16,143.3 2 0
github.com/romanpitatelev/wallets-service/internal/store/store.go:145.2,145.27 1 0
github.com/romanpitatelev/wallets-service/internal/store/store.go:148.95,165.16 4 0
github.com/romanpitatelev/wallets-service/internal/store/store.go:165.16,166.36 1 0
github.com/romanpitatelev/wallets-service/internal/store/store.go:166.36,168.4 1 0
github.com/romanpitatelev/wallets-service/internal/store/store.go:170.3,170.75 1 0
github.com/romanpitatelev/wallets-service/internal/store/store.go:173.2,173.20 1 0
github.com/romanpitatelev/wallets-service/internal/store/store.go:176.147,178.16 2 0
github.com/romanpitatelev/wallets-service/internal/store/store.go:178.16,180.3 1 0
github.com/romanpitatelev/wallets-service/internal/store/store.go:182.2,182.36 1 0
github.com/romanpitatelev/wallets-service/internal/store/store.go:182.36,184.3 1 0
github.com/romanpitatelev/wallets-service/internal/store/store.go:186.2,186.34 1 0
github.com/romanpitatelev/wallets-service/internal/store/store.go:186.34,188.3 1 0
github.com/romanpitatelev/wallets-service/internal/store/store.go:190.2,217.16 6 0
github.com/romanpitatelev/wallets-service/internal/store/store.go:217.16,218.36 1 0
github.com/romanpitatelev/wallets-service/internal/store/store.go:218.36,220.4 1 0
github.com/romanpitatelev/wallets-service/internal/store/store.go:222.3,222.75 1 0
github.com/romanpitatelev/wallets-service/internal/store/store.go:225.2,225.20 1 0
github.com/romanpitatelev/wallets-service/internal/store/store.go:228.81,230.16 2 0
github.com/romanpitatelev/wallets-service/internal/store/store.go:230.16,231.47 1 0
github.com/romanpitatelev/wallets-service/internal/store/store.go:231.47,233.4 1 0
github.com/romanpitatelev/wallets-service/internal/store/store.go:235.3,235.90 1 0
github.com/romanpitatelev/wallets-service/internal/store/store.go:238.2,238.34 1 0
github.com/romanpitatelev/wallets-service/internal/store/store.go:238.34,240.3 1 0
github.com/romanpitatelev/wallets-service/internal/store/store.go:242.2,249.16 3 0
github.com/romanpitatelev/wallets-service/internal/store/store.go:249.16,251.3 1 0
github.com/romanpitatelev/wallets-service/internal/store/store.go:253.2,253.12 1 0
github.com/romanpitatelev/wallets-service/internal/store/store.go:256.112,265.63 3 0
github.com/romanpitatelev/wallets-service/internal/store/store.go:265.63,267.3 1 0
github.com/romanpitatelev/wallets-service/internal/store/store.go:269.2,271.18 2 0
github.com/romanpitatelev/wallets-service/internal/store/store.go:271.18,283.17 3 0
github.com/romanpitatelev/wallets-service/internal/store/store.go:283.17,285.4 1 0
github.com/romanpitatelev/wallets-service/internal/store/store.go:287.3,287.42 1 0
github.com/romanpitatelev/wallets-service/internal/store/store.go:290.2,290.34 1 0
github.com/romanpitatelev/wallets-service/internal/store/store.go:290.34,292.3 1 0
github.com/romanpitatelev/wallets-service/internal/store/store.go:294.2,294.26 1 0
github.com/romanpitatelev/wallets-service/internal/store/store.go:294.26,296.3 1 0
github.com/romanpitatelev/wallets-service/internal/store/store.go:298.2,298.24 1 0
github.com/romanpitatelev/wallets-service/internal/store/store.go:301.87,320.26 3 0
github.com/romanpitatelev/wallets-service/internal/store/store.go:320.26,323.3 2 0
github.com/romanpitatelev/wallets-service/internal/store/store.go:325.2,326.9 2 0
github.com/romanpitatelev/wallets-service/internal/store/store.go:326.9,328.3 1 0
github.com/romanpitatelev/wallets-service/internal/store/store.go:330.2,332.24 2 0
github.com/romanpitatelev/wallets-service/internal/store/store.go:332.24,334.3 1 0
github.com/romanpitatelev/wallets-service/internal/store/store.go:336.2,340.24 3 0
github.com/romanpitatelev/wallets-service/internal/store/store.go:340.24,343.3 2 0
github.com/romanpitatelev/wallets-service/internal/store/store.go:345.2,345.26 1 0
github.com/romanpitatelev/wallets-service/internal/store/store.go:348.75,349.31 1 0
github.com/romanpitatelev/wallets-service/internal/store/store.go:349.31,350.67 1 0
github.com/romanpitatelev/wallets-service/internal/store/store.go:350.67,352.4 1 0
github.com/romanpitatelev/wallets-service/internal/store/store.go:355.2,355.12 1 0
github.com/romanpitatelev/wallets-service/internal/store/store.go:358.95,365.16 3 0
github.com/romanpitatelev/wallets-service/internal/store/store.go:365.16,367.3 1 0
github.com/romanpitatelev/wallets-service/internal/store/store.go:369.2,369.12 1 0
github.com/romanpitatelev/wallets-service/internal/store/store.go:372.80,373.60 1 0
github.com/romanpitatelev/wallets-service/internal/store/store.go:373.60,375.3 1 0
github.com/romanpitatelev/wallets-service/internal/store/store.go:377.2,377.12 1 0
github.com/romanpitatelev/wallets-service/internal/xr/xr_server/server.go:28.28,39.45 3 0
github.com/romanpitatelev/wallets-service/internal/xr/xr_server/server.go:39.45,41.3 1 0
github.com/romanpitatelev/wallets-service/internal/xr/xr_server/server.go:43.2,43.10 1 0
github.com/romanpitatelev/wallets-service/internal/xr/xr_server/server.go:46.49,47.12 1 0
github.com/romanpitatelev/wallets-service/internal/xr/xr_server/server.go:47.12,50.48 2 0
github.com/romanpitatelev/wallets-service/internal/xr/xr_server/server.go:50.48,52.4 1 0
github.com/romanpitatelev/wallets-service/internal/xr/xr_server/server.go:55.2,55.91 1 0
github.com/romanpitatelev/wallets-service/internal/xr/xr_server/server.go:55.91,57.3 1 0
github.com/romanpitatelev/wallets-service/internal/xr/xr_server/server.go:59.2,59.12 1 0
github.com/romanpitatelev/wallets-service/internal/xr/xr_server/server.go:62.74,84.30 6 0
github.com/romanpitatelev/wallets-service/internal/xr/xr_server/server.go:84.30,88.3 2 0
github.com/romanpitatelev/wallets-service/internal/xr/xr_server/server.go:90.2,95.42 4 0
github.com/romanpitatelev/wallets-service/internal/xr/xr_server/server.go:98.84,101.45 2 0
github.com/romanpitatelev/wallets-service/internal/xr/xr_server/server.go:101.45,103.3 1 0
github.com/romanpitatelev/wallets-service/internal/xr/xr_server/server.go:105.2,106.50 2 0
github.com/romanpitatelev/wallets-service/internal/xr/xr_server/server.go:106.50,110.3 2 0
github.com/romanpitatelev/wallets-service/internal/xr/xr_server/server.go:112.2,113.16 2 0
github.com/romanpitatelev/wallets-service/internal/xr/xr_server/server.go:113.16,115.3 1 0
github.com/romanpitatelev/wallets-service/internal/xr/xr_server/server.go:117.2,119.45 2 0
github.com/romanpitatelev/wallets-service/internal/xr/xr_server/server.go:119.45,121.3 1 0
github.com/romanpitatelev/wallets-service/internal/xr/xr_server/server.go:124.78,128.60 3 0
github.com/romanpitatelev/wallets-service/internal/xr/xr_server/server.go:128.60,130.3 1 0
github.com/romanpitatelev/wallets-service/internal/xr/xr_client/client.go:23.31,27.2 1 0
github.com/romanpitatelev/wallets-service/internal/xr/xr_client/client.go:29.88,33.16 3 0
github.com/romanpitatelev/wallets-service/internal/xr/xr_client/client.go:33.16,35.3 1 0
github.com/romanpitatelev/wallets-service/internal/xr/xr_client/client.go:37.2,40.16 3 0
github.com/romanpitatelev/wallets-service/internal/xr/xr_client/client.go:40.16,42.3 1 0
github.com/romanpitatelev/wallets-service/internal/xr/xr_client/client.go:44.2,44.15 1 0
github.com/romanpitatelev/wallets-service/internal/xr/xr_client/client.go:44.15,45.47 1 0
github.com/romanpitatelev/wallets-service/internal/xr/xr_client/client.go:45.47,47.4 1 0
github.com/romanpitatelev/wallets-service/internal/xr/xr_client/client.go:50.2,50.42 1 0
github.com/romanpitatelev/wallets-service/internal/xr/xr_client/client.go:50.42,52.3 1 0
github.com/romanpitatelev/wallets-service/internal/xr/xr_client/client.go:54.2,56.68 2 0
github.com/romanpitatelev/wallets-service/internal/xr/xr_client/client.go:56.68,58.3 1 0
github.com/romanpitatelev/wallets-service/internal/xr/xr_client/client.go:60.2,60.23 1 0
github.com/romanpitatelev/wallets-service/cmd/user_generator/main.go:39.13,43.16 3 0
github.com/romanpitatelev/wallets-service/cmd/user_generator/main.go:43.16,45.3 1 0
github.com/romanpitatelev/wallets-service/cmd/user_generator/main.go:47.2,47.15 1 0
github.com/romanpitatelev/wallets-service/cmd/user_generator/main.go:47.15,48.41 1 0
github.com/romanpitatelev/wallets-service/cmd/user_generator/main.go:48.41,50.4 1 0
github.com/romanpitatelev/wallets-service/cmd/user_generator/main.go:53.2,55.26 2 0
github.com/romanpitatelev/wallets-service/cmd/user_generator/main.go:55.26,56.64 1 0
github.com/romanpitatelev/wallets-service/cmd/user_generator/main.go:56.64,58.4 1 0
github.com/romanpitatelev/wallets-service/cmd/user_generator/main.go:60.3,61.27 2 0
github.com/romanpitatelev/wallets-service/cmd/user_generator/main.go:65.32,68.12 2 0
github.com/romanpitatelev/wallets-service/cmd/user_generator/main.go:68.12,71.7 2 0
github.com/romanpitatelev/wallets-service/cmd/user_generator/main.go:71.7,73.4 1 0
github.com/romanpitatelev/wallets-service/cmd/user_generator/main.go:76.2,76.11 1 0
github.com/romanpitatelev/wallets-service/cmd/user_generator/main.go:79.26,86.16 6 0
github.com/romanpitatelev/wallets-service/cmd/user_generator/main.go:86.16,90.3 2 0
github.com/romanpitatelev/wallets-service/cmd/user_generator/main.go:92.2,93.16 2 0
github.com/romanpitatelev/wallets-service/cmd/user_generator/main.go:93.16,97.3 2 0
github.com/romanpitatelev/wallets-service/cmd/user_generator/main.go:99.2,100.16 2 0
github.com/romanpitatelev/wallets-service/cmd/user_generator/main.go:100.16,102.3 1 0
github.com/romanpitatelev/wallets-service/cmd/user_generator/main.go:104.2,105.16 2 0
github.com/romanpitatelev/wallets-service/cmd/user_generator/main.go:105.16,107.3 1 0
github.com/romanpitatelev/wallets-service/cmd/user_generator/main.go:109.2,116.3 1 0
github.com/romanpitatelev/wallets-service/cmd/user_generator/main.go:119.48,123.2 2 0
github.com/romanpitatelev/wallets-service/cmd/user_generator/main.go:125.39,127.16 2 0
github.com/romanpitatelev/wallets-service/cmd/user_generator/main.go:127.16,129.3 1 0
github.com/romanpitatelev/wallets-service/cmd/user_generator/main.go:131.2,131.36 1 0
github.com/romanpitatelev/wallets-service/cmd/user_generator/main.go:131.36,133.3 1 0
github.com/romanpitatelev/wallets-service/cmd/user_generator/main.go:135.2,135.20 1 0
github.com/romanpitatelev/wallets-service/cmd/user_generator/main.go:138.51,142.16 3 0
github.com/romanpitatelev/wallets-service/cmd/user_generator/main.go:142.16,144.3 1 0
github.com/romanpitatelev/wallets-service/cmd/user_generator/main.go:146.2,146.48 1 0
github.com/romanpitatelev/wallets-service/cmd/user_generator/main.go:149.70,154.16 4 0
github.com/romanpitatelev/wallets-service/cmd/user_generator/main.go:154.16,156.3 1 0
github.com/romanpitatelev/wallets-service/cmd/user_generator/main.go:158.2,158.22 1 0
github.com/romanpitatelev/wallets-service/cmd/user_generator/main.go:161.83,163.16 2 0
github.com/romanpitatelev/wallets-service/cmd/user_generator/main.go:163.16,165.3 1 0
github.com/romanpitatelev/wallets-service/cmd/user_generator/main.go:167.2,173.16 3 0
github.com/romanpitatelev/wallets-service/cmd/user_generator/main.go:173.16,175.3 1 0
github.com/romanpitatelev/wallets-service/cmd/user_generator/main.go:177.2,177.12 1 0
github.com/romanpitatelev/wallets-service/cmd/user_generator/main.go:180.36,182.16 2 0
github.com/romanpitatelev/wallets-service/cmd/user_generator/main.go:182.16,184.3 1 0
github.com/romanpitatelev/wallets-service/cmd/user_generator/main.go:186.2,188.30 2 0
github.com/romanpitatelev/wallets-service/cmd/user_generator/main.go:188.30,190.3 1 0
github.com/romanpitatelev/wallets-service/cmd/user_generator/main.go:192.2,192.19 1 0
github.com/romanpitatelev/wallets-service/cmd/wallets_service/main.go:21.13,28.16 5 0
github.com/romanpitatelev/wallets-service/cmd/wallets_service/main.go:28.16,30.3 1 0
github.com/romanpitatelev/wallets-service/cmd/wallets_service/main.go:32.2,32.52 1 0
github.com/romanpitatelev/wallets-service/cmd/wallets_service/main.go:32.52,34.3 1 0
github.com/romanpitatelev/wallets-service/cmd/wallets_service/main.go:36.2,39.16 3 0
github.com/romanpitatelev/wallets-service/cmd/wallets_service/main.go:39.16,41.3 1 0
github.com/romanpitatelev/wallets-service/cmd/wallets_service/main.go:43.2,43.15 1 0
github.com/romanpitatelev/wallets-service/cmd/wallets_service/main.go:43.15,44.46 1 0
github.com/romanpitatelev/wallets-service/cmd/wallets_service/main.go:44.46,46.4 1 0
github.com/romanpitatelev/wallets-service/cmd/wallets_service/main.go:49.2,66.24 6 0
github.com/romanpitatelev/wallets-service/cmd/wallets_service/main.go:66.24,67.48 1 0
github.com/romanpitatelev/wallets-service/cmd/wallets_service/main.go:67.48,69.4 1 0
github.com/romanpitatelev/wallets-service/cmd/wallets_service/main.go:71.3,71.13 1 0
github.com/romanpitatelev/wallets-service/cmd/wallets_service/main.go:74.2,74.24 1 0
github.com/romanpitatelev/wallets-service/cmd/wallets_service/main.go:74.24,75.38 1 0
github.com/romanpitatelev/wallets-service/cmd/wallets_service/main.go:75.38,77.4 1 0
github.com/romanpitatelev/wallets-service/cmd/wallets_service/main.go:79.3,79.13 1 0
github.com/romanpitatelev/wallets-service/cmd/wallets_service/main.go:82.2,82.24 1 0
github.com/romanpitatelev/wallets-service/cmd/wallets_service/main.go:82.24,83.41 1 0
github.com/romanpitatelev/wallets-service/cmd/wallets_service/main.go:83.41,85.4 1 0
github.com/romanpitatelev/wallets-service/cmd/wallets_service/main.go:87.3,87.13 1 0
github.com/romanpitatelev/wallets-service/cmd/wallets_service/main.go:90.2,90.36 1 0
github.com/romanpitatelev/wallets-service/cmd/wallets_service/main.go:90.36,92.3 1 0
github.com/romanpitatelev/wallets-service/cmd/xr_service/main.go:14.13,20.40 4 0
github.com/romanpitatelev/wallets-service/cmd/xr_service/main.go:20.40,22.3 1 0
github.com/romanpitatelev/wallets-service/configs/config.go:30.28,34.2 2 0
github.com/romanpitatelev/wallets-service/configs/config.go:36.54,40.16 3 0
github.com/romanpitatelev/wallets-service/configs/config.go:40.16,42.3 1 0
github.com/romanpitatelev/wallets-service/configs/config.go:44.2,44.24 1 0
github.com/romanpitatelev/wallets-service/configs/config.go:47.20,51.16 3 0
github.com/romanpitatelev/wallets-service/configs/config.go:51.16,53.3 1 0
github.com/romanpitatelev/wallets-service/configs/config.go:55.2,57.22 2 0
github.com/romanpitatelev/wallets-service/configs/config.go:57.22,58.70 1 0
github.com/romanpitatelev/wallets-service/configs/config.go:58.70,60.4 1 0
github.com/romanpitatelev/wallets-service/configs/config.go:61.8,61.60 1 0
github.com/romanpitatelev/wallets-service/configs/config.go:61.60,63.3 1 0
github.com/romanpitatelev/wallets-service/configs/config.go:65.2,65.33 1 0
github.com/romanpitatelev/wallets-service/configs/config.go:68.31,74.39 4 0
github.com/romanpitatelev/wallets-service/configs/config.go:74.39,77.27 2 0
github.com/romanpitatelev/wallets-service/configs/config.go:77.27,81.12 3 0
github.com/romanpitatelev/wallets-service/configs/config.go:84.3,84.88 1 0
github.com/romanpitatelev/wallets-service/configs/config.go:88.35,90.2 1 0
github.com/romanpitatelev/wallets-service/configs/config.go:92.40,94.2 1 0
github.com/romanpitatelev/wallets-service/configs/config.go:96.42,98.2 1 0
github.com/romanpitatelev/wallets-service/configs/config.go:100.57,102.2 1 0
github.com/romanpitatelev/wallets-service/configs/config.go:104.56,106.2 1 0
github.com/romanpitatelev/wallets-service/configs/config.go:108.46,110.2 1 0
github.com/romanpitatelev/wallets-service/internal/consumer/consumer.go:30.59,32.16 2 0
github.com/romanpitatelev/wallets-service/internal/consumer/consumer.go:32.16,34.3 1 0
github.com/romanpitatelev/wallets-service/internal/consumer/consumer.go:36.2,39.8 1 0
github.com/romanpitatelev/wallets-service/internal/consumer/consumer.go:42.51,44.16 2 0
github.com/romanpitatelev/wallets-service/internal/consumer/consumer.go:44.16,46.3 1 0
github.com/romanpitatelev/wallets-service/internal/consumer/consumer.go:48.2,48.15 1 0
github.com/romanpitatelev/wallets-service/internal/consumer/consumer.go:48.15,49.46 1 0
github.com/romanpitatelev/wallets-service/internal/consumer/consumer.go:49.46,51.4 1 0
github.com/romanpitatelev/wallets-service/internal/consumer/consumer.go:54.2,54.6 1 0
github.com/romanpitatelev/wallets-service/internal/consumer/consumer.go:54.6,55.10 1 0
github.com/romanpitatelev/wallets-service/internal/consumer/consumer.go:56.45,61.63 3 0
github.com/romanpitatelev/wallets-service/internal/consumer/consumer.go:61.63,63.5 1 0
github.com/romanpitatelev/wallets-service/internal/consumer/consumer.go:65.4,65.56 1 0
github.com/romanpitatelev/wallets-service/internal/consumer/consumer.go:65.56,67.5 1 0
github.com/romanpitatelev/wallets-service/internal/consumer/consumer.go:68.38,69.65 1 0
github.com/romanpitatelev/wallets-service/internal/consumer/consumer.go:70.21,73.14 2 0
github.com/romanpitatelev/wallets-service/internal/consumer/consumer.go:78.34,79.43 1 0
github.com/romanpitatelev/wallets-service/internal/consumer/consumer.go:79.43,81.3 1 0
github.com/romanpitatelev/wallets-service/internal/consumer/consumer.go:83.2,83.12 1 0
github.com/romanpitatelev/wallets-service/internal/rest/handlers.go:19.71,22.64 2 10
github.com/romanpitatelev/wallets-service/internal/rest/handlers.go:22.64,27.3 3 0
github.com/romanpitatelev/wallets-service/internal/rest/handlers.go:29.2,33.16 4 10
github.com/romanpitatelev/wallets-service/internal/rest/handlers.go:33.16,38.3 3 0
github.com/romanpitatelev/wallets-service/internal/rest/handlers.go:40.2,43.64 3 10
github.com/romanpitatelev/wallets-service/internal/rest/handlers.go:43.64,47.3 2 0
github.com/romanpitatelev/wallets-service/internal/rest/handlers.go:50.68,54.16 3 4
github.com/romanpitatelev/wallets-service/internal/rest/handlers.go:54.16,59.3 3 0
github.com/romanpitatelev/wallets-service/internal/rest/handlers.go:61.2,62.16 2 4
github.com/romanpitatelev/wallets-service/internal/rest/handlers.go:62.16,63.47 1 2
github.com/romanpitatelev/wallets-service/internal/rest/handlers.go:63.47,67.4 2 2
github.com/romanpitatelev/wallets-service/internal/rest/handlers.go:69.3,73.9 3 0
github.com/romanpitatelev/wallets-service/internal/rest/handlers.go:76.2,79.58 3 2
github.com/romanpitatelev/wallets-service/internal/rest/handlers.go:79.58,83.3 2 0
github.com/romanpitatelev/wallets-service/internal/rest/handlers.go:86.71,90.16 3 3
github.com/romanpitatelev/wallets-service/internal/rest/handlers.go:90.16,95.3 3 0
github.com/romanpitatelev/wallets-service/internal/rest/handlers.go:97.2,99.78 2 3
github.com/romanpitatelev/wallets-service/internal/rest/handlers.go:99.78,103.3 2 0
github.com/romanpitatelev/wallets-service/internal/rest/handlers.go:105.2,106.16 2 3
github.com/romanpitatelev/wallets-service/internal/rest/handlers.go:106.16,110.3 2 0
github.com/romanpitatelev/wallets-service/internal/rest/handlers.go:112.2,115.64 3 3
github.com/romanpitatelev/wallets-service/internal/rest/handlers.go:115.64,119.3 2 0
github.com/romanpitatelev/wallets-service/internal/rest/handlers.go:122.71,127.16 4 3
github.com/romanpitatelev/wallets-service/internal/rest/handlers.go:127.16,132.3 3 0
github.com/romanpitatelev/wallets-service/internal/rest/handlers.go:134.2,134.70 1 3
github.com/romanpitatelev/wallets-service/internal/rest/handlers.go:134.70,135.47 1 2
github.com/romanpitatelev/wallets-service/internal/rest/handlers.go:135.47,139.4 2 1
github.com/romanpitatelev/wallets-service/internal/rest/handlers.go:141.3,141.53 1 1
github.com/romanpitatelev/wallets-service/internal/rest/handlers.go:141.53,145.4 2 1
github.com/romanpitatelev/wallets-service/internal/rest/handlers.go:147.3,151.9 3 0
github.com/romanpitatelev/wallets-service/internal/rest/handlers.go:154.2,154.37 1 1
github.com/romanpitatelev/wallets-service/internal/rest/handlers.go:157.69,162.16 4 5
github.com/romanpitatelev/wallets-service/internal/rest/handlers.go:162.16,167.3 3 0
github.com/romanpitatelev/wallets-service/internal/rest/handlers.go:169.2,172.59 3 5
github.com/romanpitatelev/wallets-service/internal/rest/handlers.go:172.59,176.3 2 0
github.com/romanpitatelev/wallets-service/internal/rest/handlers.go:179.64,192.49 4 5
github.com/romanpitatelev/wallets-service/internal/rest/handlers.go:192.49,194.3 1 1
github.com/romanpitatelev/wallets-service/internal/rest/handlers.go:196.2,196.44 1 5
github.com/romanpitatelev/wallets-service/internal/rest/handlers.go:196.44,197.56 1 4
github.com/romanpitatelev/wallets-service/internal/rest/handlers.go:197.56,199.4 1 0
github.com/romanpitatelev/wallets-service/internal/rest/handlers.go:201.3,201.32 1 4
github.com/romanpitatelev/wallets-service/internal/rest/handlers.go:202.8,204.3 1 1
github.com/romanpitatelev/wallets-service/internal/rest/handlers.go:206.2,206.45 1 5
github.com/romanpitatelev/wallets-service/internal/rest/handlers.go:206.45,209.3 2 3
github.com/romanpitatelev/wallets-service/internal/rest/handlers.go:211.2,211.19 1 5
github.com/romanpitatelev/wallets-service/internal/rest/server.go:36.48,48.45 3 1
github.com/romanpitatelev/wallets-service/internal/rest/server.go:48.45,54.3 5 1
github.com/romanpitatelev/wallets-service/internal/rest/server.go:56.2,56.10 1 1
github.com/romanpitatelev/wallets-service/internal/rest/server.go:59.49,60.12 1 1
github.com/romanpitatelev/wallets-service/internal/rest/server.go:60.12,63.48 2 1
github.com/romanpitatelev/wallets-service/internal/rest/server.go:63.48,65.4 1 0
github.com/romanpitatelev/wallets-service/internal/rest/server.go:68.2,68.91 1 1
github.com/romanpitatelev/wallets-service/internal/rest/server.go:68.91,70.3 1 0
github.com/romanpitatelev/wallets-service/internal/rest/server.go:72.2,72.12 1 0
github.com/romanpitatelev/wallets-service/internal/service/service.go:39.75,45.2 1 1
github.com/romanpitatelev/wallets-service/internal/service/service.go:47.98,51.16 3 10
github.com/romanpitatelev/wallets-service/internal/service/service.go:51.16,53.3 1 0
github.com/romanpitatelev/wallets-service/internal/service/service.go:55.2,56.16 2 10
github.com/romanpitatelev/wallets-service/internal/service/service.go:56.16,58.3 1 0
github.com/romanpitatelev/wallets-service/internal/service/service.go:58.8,60.3 1 10
github.com/romanpitatelev/wallets-service/internal/service/service.go:62.2,62.20 1 10
github.com/romanpitatelev/wallets-service/internal/service/service.go:65.93,67.16 2 4
github.com/romanpitatelev/wallets-service/internal/service/service.go:67.16,69.3 1 2
github.com/romanpitatelev/wallets-service/internal/service/service.go:71.2,71.20 1 2
github.com/romanpitatelev/wallets-service/internal/service/service.go:74.131,78.16 3 3
github.com/romanpitatelev/wallets-service/internal/service/service.go:78.16,80.3 1 0
github.com/romanpitatelev/wallets-service/internal/service/service.go:82.2,84.49 2 3
github.com/romanpitatelev/wallets-service/internal/service/service.go:84.49,86.17 2 1
github.com/romanpitatelev/wallets-service/internal/service/service.go:86.17,88.4 1 0
github.com/romanpitatelev/wallets-service/internal/service/service.go:91.2,92.16 2 3
github.com/romanpitatelev/wallets-service/internal/service/service.go:92.16,94.3 1 0
github.com/romanpitatelev/wallets-service/internal/service/service.go:96.2,96.27 1 3
github.com/romanpitatelev/wallets-service/internal/service/service.go:99.79,102.66 2 3
github.com/romanpitatelev/wallets-service/internal/service/service.go:102.66,104.3 1 2
github.com/romanpitatelev/wallets-service/internal/service/service.go:106.2,106.12 1 1
github.com/romanpitatelev/wallets-service/internal/service/service.go:109.113,111.16 2 5
github.com/romanpitatelev/wallets-service/internal/service/service.go:111.16,113.3 1 0
github.com/romanpitatelev/wallets-service/internal/service/service.go:115.2,115.21 1 5
github.com/romanpitatelev/wallets-service/internal/service/service.go:118.50,122.6 3 0
github.com/romanpitatelev/wallets-service/internal/service/service.go:122.6,123.10 1 0
github.com/romanpitatelev/wallets-service/internal/service/service.go:124.21,125.14 1 0
github.com/romanpitatelev/wallets-service/internal/service/service.go:126.19,127.91 1 0
github.com/romanpitatelev/wallets-service/internal/service/service.go:127.91,129.5 1 0
github.com/romanpitatelev/wallets-service/internal/store/store.go:33.64,35.16 2 1
github.com/romanpitatelev/wallets-service/internal/store/store.go:35.16,37.3 1 0
github.com/romanpitatelev/wallets-service/internal/store/store.go:39.2,39.39 1 1
github.com/romanpitatelev/wallets-service/internal/store/store.go:39.39,41.3 1 0
github.com/romanpitatelev/wallets-service/internal/store/store.go:43.2,48.8 2 1
github.com/romanpitatelev/wallets-service/internal/store/store.go:51.73,53.16 2 1
github.com/romanpitatelev/wallets-service/internal/store/store.go:53.16,55.3 1 0
github.com/romanpitatelev/wallets-service/internal/store/store.go:57.2,57.15 1 1
github.com/romanpitatelev/wallets-service/internal/store/store.go:57.15,59.17 2 1
github.com/romanpitatelev/wallets-service/internal/store/store.go:59.17,61.4 1 0
github.com/romanpitatelev/wallets-service/internal/store/store.go:64.2,65.16 2 1
github.com/romanpitatelev/wallets-service/internal/store/store.go:65.16,67.3 1 0
github.com/romanpitatelev/wallets-service/internal/store/store.go:69.2,69.29 1 1
github.com/romanpitatelev/wallets-service/internal/store/store.go:69.29,71.3 1 1
github.com/romanpitatelev/wallets-service/internal/store/store.go:73.2,73.52 1 1
github.com/romanpitatelev/wallets-service/internal/store/store.go:73.52,74.46 1 1
github.com/romanpitatelev/wallets-service/internal/store/store.go:74.46,76.18 2 1
github.com/romanpitatelev/wallets-service/internal/store/store.go:76.18,78.5 1 0
github.com/romanpitatelev/wallets-service/internal/store/store.go:80.4,81.31 2 1
github.com/romanpitatelev/wallets-service/internal/store/store.go:81.31,83.5 1 1
github.com/romanpitatelev/wallets-service/internal/store/store.go:85.4,85.23 1 1
github.com/romanpitatelev/wallets-service/internal/store/store.go:89.2,96.16 3 1
github.com/romanpitatelev/wallets-service/internal/store/store.go:96.16,98.3 1 0
github.com/romanpitatelev/wallets-service/internal/store/store.go:100.2,100.12 1 1
github.com/romanpitatelev/wallets-service/internal/store/store.go:103.78,110.16 3 0
github.com/romanpitatelev/wallets-service/internal/store/store.go:110.16,112.3 1 0
github.com/romanpitatelev/wallets-service/internal/store/store.go:114.2,114.12 1 0
github.com/romanpitatelev/wallets-service/internal/store/store.go:117.100,139.16 5 10
github.com/romanpitatelev/wallets-service/internal/store/store.go:139.16,143.3 2 0
github.com/romanpitatelev/wallets-service/internal/store/store.go:145.2,145.27 1 10
github.com/romanpitatelev/wallets-service/internal/store/store.go:148.95,165.16 4 23
github.com/romanpitatelev/wallets-service/internal/store/store.go:165.16,166.36 1 3
github.com/romanpitatelev/wallets-service/internal/store/store.go:166.36,168.4 1 3
github.com/romanpitatelev/wallets-service/internal/store/store.go:170.3,170.75 1 0
github.com/romanpitatelev/wallets-service/internal/store/store.go:173.2,173.20 1 20
github.com/romanpitatelev/wallets-service/internal/store/store.go:176.147,178.16 2 3
github.com/romanpitatelev/wallets-service/internal/store/store.go:178.16,180.3 1 0
github.com/romanpitatelev/wallets-service/internal/store/store.go:182.2,182.36 1 3
github.com/romanpitatelev/wallets-service/internal/store/store.go:182.36,184.3 1 0
github.com/romanpitatelev/wallets-service/internal/store/store.go:186.2,186.34 1 3
github.com/romanpitatelev/wallets-service/internal/store/store.go:186.34,188.3 1 0
github.com/romanpitatelev/wallets-service/internal/store/store.go:190.2,217.16 6 3
github.com/romanpitatelev/wallets-service/internal/store/store.go:217.16,218.36 1 0
github.com/romanpitatelev/wallets-service/internal/store/store.go:218.36,220.4 1 0
github.com/romanpitatelev/wallets-service/internal/store/store.go:222.3,222.75 1 0
github.com/romanpitatelev/wallets-service/internal/store/store.go:225.2,225.20 1 3
github.com/romanpitatelev/wallets-service/internal/store/store.go:228.81,230.16 2 3
github.com/romanpitatelev/wallets-service/internal/store/store.go:230.16,231.47 1 1
github.com/romanpitatelev/wallets-service/internal/store/store.go:231.47,233.4 1 1
github.com/romanpitatelev/wallets-service/internal/store/store.go:235.3,235.90 1 0
github.com/romanpitatelev/wallets-service/internal/store/store.go:238.2,238.34 1 2
github.com/romanpitatelev/wallets-service/internal/store/store.go:238.34,240.3 1 1
github.com/romanpitatelev/wallets-service/internal/store/store.go:242.2,249.16 3 1
github.com/romanpitatelev/wallets-service/internal/store/store.go:249.16,251.3 1 0
github.com/romanpitatelev/wallets-service/internal/store/store.go:253.2,253.12 1 1
github.com/romanpitatelev/wallets-service/internal/store/store.go:256.112,265.63 3 5
github.com/romanpitatelev/wallets-service/internal/store/store.go:265.63,267.3 1 0
github.com/romanpitatelev/wallets-service/internal/store/store.go:269.2,271.18 2 5
github.com/romanpitatelev/wallets-service/internal/store/store.go:271.18,283.17 3 13
github.com/romanpitatelev/wallets-service/internal/store/store.go:283.17,285.4 1 0
github.com/romanpitatelev/wallets-service/internal/store/store.go:287.3,287.42 1 13
github.com/romanpitatelev/wallets-service/internal/store/store.go:290.2,290.34 1 5
github.com/romanpitatelev/wallets-service/internal/store/store.go:290.34,292.3 1 0
github.com/romanpitatelev/wallets-service/internal/store/store.go:294.2,294.26 1 5
github.com/romanpitatelev/wallets-service/internal/store/store.go:294.26,296.3 1 0
github.com/romanpitatelev/wallets-service/internal/store/store.go:298.2,298.24 1 5
github.com/romanpitatelev/wallets-service/internal/store/store.go:301.87,320.26 3 5
github.com/romanpitatelev/wallets-service/internal/store/store.go:320.26,323.3 2 0
github.com/romanpitatelev/wallets-service/internal/store/store.go:325.2,326.9 2 5
github.com/romanpitatelev/wallets-service/internal/store/store.go:326.9,328.3 1 1
github.com/romanpitatelev/wallets-service/internal/store/store.go:330.2,332.24 2 5
github.com/romanpitatelev/wallets-service/internal/store/store.go:332.24,334.3 1 1
github.com/romanpitatelev/wallets-service/internal/store/store.go:336.2,340.24 3 5
github.com/romanpitatelev/wallets-service/internal/store/store.go:340.24,343.3 2 3
github.com/romanpitatelev/wallets-service/internal/store/store.go:345.2,345.26 1 5
github.com/romanpitatelev/wallets-service/internal/store/store.go:348.75,349.31 1 6
github.com/romanpitatelev/wallets-service/internal/store/store.go:349.31,350.67 1 11
github.com/romanpitatelev/wallets-service/internal/store/store.go:350.67,352.4 1 0
github.com/romanpitatelev/wallets-service/internal/store/store.go:355.2,355.12 1 6
github.com/romanpitatelev/wallets-service/internal/store/store.go:358.95,365.16 3 0
github.com/romanpitatelev/wallets-service/internal/store/store.go:365.16,367.3 1 0
github.com/romanpitatelev/wallets-service/internal/store/store.go:369.2,369.12 1 0
github.com/romanpitatelev/wallets-service/internal/store/store.go:372.80,373.60 1 6
github.com/romanpitatelev/wallets-service/internal/store/store.go:373.60,375.3 1 0
github.com/romanpitatelev/wallets-service/internal/store/store.go:377.2,377.12 1 6
github.com/romanpitatelev/wallets-service/internal/xr/xr_client/client.go:23.31,27.2 1 1
github.com/romanpitatelev/wallets-service/internal/xr/xr_client/client.go:29.88,33.16 3 1
github.com/romanpitatelev/wallets-service/internal/xr/xr_client/client.go:33.16,35.3 1 0
github.com/romanpitatelev/wallets-service/internal/xr/xr_client/client.go:37.2,40.16 3 1
github.com/romanpitatelev/wallets-service/internal/xr/xr_client/client.go:40.16,42.3 1 0
github.com/romanpitatelev/wallets-service/internal/xr/xr_client/client.go:44.2,44.15 1 1
github.com/romanpitatelev/wallets-service/internal/xr/xr_client/client.go:44.15,45.47 1 1
github.com/romanpitatelev/wallets-service/internal/xr/xr_client/client.go:45.47,47.4 1 0
github.com/romanpitatelev/wallets-service/internal/xr/xr_client/client.go:50.2,50.42 1 1
github.com/romanpitatelev/wallets-service/internal/xr/xr_client/client.go:50.42,52.3 1 0
github.com/romanpitatelev/wallets-service/internal/xr/xr_client/client.go:54.2,56.68 2 1
github.com/romanpitatelev/wallets-service/internal/xr/xr_client/client.go:56.68,58.3 1 0
github.com/romanpitatelev/wallets-service/internal/xr/xr_client/client.go:60.2,60.23 1 1
github.com/romanpitatelev/wallets-service/internal/xr/xr_server/server.go:28.28,39.45 3 1
github.com/romanpitatelev/wallets-service/internal/xr/xr_server/server.go:39.45,41.3 1 1
github.com/romanpitatelev/wallets-service/internal/xr/xr_server/server.go:43.2,43.10 1 1
github.com/romanpitatelev/wallets-service/internal/xr/xr_server/server.go:46.49,47.12 1 1
github.com/romanpitatelev/wallets-service/internal/xr/xr_server/server.go:47.12,50.48 2 1
github.com/romanpitatelev/wallets-service/internal/xr/xr_server/server.go:50.48,52.4 1 0
github.com/romanpitatelev/wallets-service/internal/xr/xr_server/server.go:55.2,55.91 1 1
github.com/romanpitatelev/wallets-service/internal/xr/xr_server/server.go:55.91,57.3 1 0
github.com/romanpitatelev/wallets-service/internal/xr/xr_server/server.go:59.2,59.12 1 0
github.com/romanpitatelev/wallets-service/internal/xr/xr_server/server.go:62.74,84.30 6 1
github.com/romanpitatelev/wallets-service/internal/xr/xr_server/server.go:84.30,88.3 2 0
github.com/romanpitatelev/wallets-service/internal/xr/xr_server/server.go:90.2,95.42 4 1
github.com/romanpitatelev/wallets-service/internal/xr/xr_server/server.go:98.84,101.45 2 0
github.com/romanpitatelev/wallets-service/internal/xr/xr_server/server.go:101.45,103.3 1 0
github.com/romanpitatelev/wallets-service/internal/xr/xr_server/server.go:105.2,106.50 2 0
github.com/romanpitatelev/wallets-service/internal/xr/xr_server/server.go:106.50,110.3 2 0
github.com/romanpitatelev/wallets-service/internal/xr/xr_server/server.go:112.2,113.16 2 0
github.com/romanpitatelev/wallets-service/internal/xr/xr_server/server.go:113.16,115.3 1 0
github.com/romanpitatelev/wallets-service/internal/xr/xr_server/server.go:117.2,119.45 2 0
github.com/romanpitatelev/wallets-service/internal/xr/xr_server/server.go:119.45,121.3 1 0
github.com/romanpitatelev/wallets-service/internal/xr/xr_server/server.go:124.78,128.60 3 1
github.com/romanpitatelev/wallets-service/internal/xr/xr_server/server.go:128.60,130.3 1 0
