mode: atomic
github.com/romanpitatelev/wallets-service/cmd/user-generator/main.go:40.13,44.16 3 0
github.com/romanpitatelev/wallets-service/cmd/user-generator/main.go:44.16,46.3 1 0
github.com/romanpitatelev/wallets-service/cmd/user-generator/main.go:48.2,48.15 1 0
github.com/romanpitatelev/wallets-service/cmd/user-generator/main.go:48.15,49.41 1 0
github.com/romanpitatelev/wallets-service/cmd/user-generator/main.go:49.41,51.4 1 0
github.com/romanpitatelev/wallets-service/cmd/user-generator/main.go:54.2,56.26 2 0
github.com/romanpitatelev/wallets-service/cmd/user-generator/main.go:56.26,57.64 1 0
github.com/romanpitatelev/wallets-service/cmd/user-generator/main.go:57.64,59.4 1 0
github.com/romanpitatelev/wallets-service/cmd/user-generator/main.go:61.3,62.27 2 0
github.com/romanpitatelev/wallets-service/cmd/user-generator/main.go:66.32,69.12 2 0
github.com/romanpitatelev/wallets-service/cmd/user-generator/main.go:69.12,72.7 2 0
github.com/romanpitatelev/wallets-service/cmd/user-generator/main.go:72.7,74.4 1 0
github.com/romanpitatelev/wallets-service/cmd/user-generator/main.go:77.2,77.11 1 0
github.com/romanpitatelev/wallets-service/cmd/user-generator/main.go:80.26,87.16 6 0
github.com/romanpitatelev/wallets-service/cmd/user-generator/main.go:87.16,91.3 2 0
github.com/romanpitatelev/wallets-service/cmd/user-generator/main.go:93.2,94.16 2 0
github.com/romanpitatelev/wallets-service/cmd/user-generator/main.go:94.16,98.3 2 0
github.com/romanpitatelev/wallets-service/cmd/user-generator/main.go:100.2,103.16 3 0
github.com/romanpitatelev/wallets-service/cmd/user-generator/main.go:103.16,105.3 1 0
github.com/romanpitatelev/wallets-service/cmd/user-generator/main.go:107.2,114.3 1 0
github.com/romanpitatelev/wallets-service/cmd/user-generator/main.go:117.48,121.2 2 0
github.com/romanpitatelev/wallets-service/cmd/user-generator/main.go:123.39,125.16 2 0
github.com/romanpitatelev/wallets-service/cmd/user-generator/main.go:125.16,127.3 1 0
github.com/romanpitatelev/wallets-service/cmd/user-generator/main.go:129.2,129.36 1 0
github.com/romanpitatelev/wallets-service/cmd/user-generator/main.go:129.36,131.3 1 0
github.com/romanpitatelev/wallets-service/cmd/user-generator/main.go:133.2,133.20 1 0
github.com/romanpitatelev/wallets-service/cmd/user-generator/main.go:136.51,140.16 3 0
github.com/romanpitatelev/wallets-service/cmd/user-generator/main.go:140.16,142.3 1 0
github.com/romanpitatelev/wallets-service/cmd/user-generator/main.go:144.2,144.48 1 0
github.com/romanpitatelev/wallets-service/cmd/user-generator/main.go:147.70,152.16 4 0
github.com/romanpitatelev/wallets-service/cmd/user-generator/main.go:152.16,154.3 1 0
github.com/romanpitatelev/wallets-service/cmd/user-generator/main.go:156.2,156.22 1 0
github.com/romanpitatelev/wallets-service/cmd/user-generator/main.go:159.83,161.16 2 0
github.com/romanpitatelev/wallets-service/cmd/user-generator/main.go:161.16,163.3 1 0
github.com/romanpitatelev/wallets-service/cmd/user-generator/main.go:165.2,171.16 3 0
github.com/romanpitatelev/wallets-service/cmd/user-generator/main.go:171.16,173.3 1 0
github.com/romanpitatelev/wallets-service/cmd/user-generator/main.go:175.2,175.12 1 0
github.com/romanpitatelev/wallets-service/cmd/user-generator/main.go:178.36,180.16 2 0
github.com/romanpitatelev/wallets-service/cmd/user-generator/main.go:180.16,182.3 1 0
github.com/romanpitatelev/wallets-service/cmd/user-generator/main.go:184.2,186.30 2 0
github.com/romanpitatelev/wallets-service/cmd/user-generator/main.go:186.30,188.3 1 0
github.com/romanpitatelev/wallets-service/cmd/user-generator/main.go:190.2,190.19 1 0
github.com/romanpitatelev/wallets-service/internal/consumer/consumer.go:30.59,32.16 2 0
github.com/romanpitatelev/wallets-service/internal/consumer/consumer.go:32.16,34.3 1 0
github.com/romanpitatelev/wallets-service/internal/consumer/consumer.go:36.2,39.8 1 0
github.com/romanpitatelev/wallets-service/internal/consumer/consumer.go:42.51,44.16 2 0
github.com/romanpitatelev/wallets-service/internal/consumer/consumer.go:44.16,46.3 1 0
github.com/romanpitatelev/wallets-service/internal/consumer/consumer.go:48.2,48.15 1 0
github.com/romanpitatelev/wallets-service/internal/consumer/consumer.go:48.15,49.46 1 0
github.com/romanpitatelev/wallets-service/internal/consumer/consumer.go:49.46,51.4 1 0
github.com/romanpitatelev/wallets-service/internal/consumer/consumer.go:54.2,54.6 1 0
github.com/romanpitatelev/wallets-service/internal/consumer/consumer.go:54.6,55.10 1 0
github.com/romanpitatelev/wallets-service/internal/consumer/consumer.go:56.45,61.63 3 0
github.com/romanpitatelev/wallets-service/internal/consumer/consumer.go:61.63,63.5 1 0
github.com/romanpitatelev/wallets-service/internal/consumer/consumer.go:65.4,65.56 1 0
github.com/romanpitatelev/wallets-service/internal/consumer/consumer.go:65.56,67.5 1 0
github.com/romanpitatelev/wallets-service/internal/consumer/consumer.go:68.38,69.65 1 0
github.com/romanpitatelev/wallets-service/internal/consumer/consumer.go:70.21,73.14 2 0
github.com/romanpitatelev/wallets-service/internal/consumer/consumer.go:78.34,79.43 1 0
github.com/romanpitatelev/wallets-service/internal/consumer/consumer.go:79.43,81.3 1 0
github.com/romanpitatelev/wallets-service/internal/consumer/consumer.go:83.2,83.12 1 0
github.com/romanpitatelev/wallets-service/cmd/wallets-service/main.go:21.13,28.16 5 0
github.com/romanpitatelev/wallets-service/cmd/wallets-service/main.go:28.16,30.3 1 0
github.com/romanpitatelev/wallets-service/cmd/wallets-service/main.go:32.2,32.52 1 0
github.com/romanpitatelev/wallets-service/cmd/wallets-service/main.go:32.52,34.3 1 0
github.com/romanpitatelev/wallets-service/cmd/wallets-service/main.go:36.2,39.16 3 0
github.com/romanpitatelev/wallets-service/cmd/wallets-service/main.go:39.16,41.3 1 0
github.com/romanpitatelev/wallets-service/cmd/wallets-service/main.go:43.2,43.15 1 0
github.com/romanpitatelev/wallets-service/cmd/wallets-service/main.go:43.15,44.46 1 0
github.com/romanpitatelev/wallets-service/cmd/wallets-service/main.go:44.46,46.4 1 0
github.com/romanpitatelev/wallets-service/cmd/wallets-service/main.go:49.2,66.24 6 0
github.com/romanpitatelev/wallets-service/cmd/wallets-service/main.go:66.24,67.48 1 0
github.com/romanpitatelev/wallets-service/cmd/wallets-service/main.go:67.48,69.4 1 0
github.com/romanpitatelev/wallets-service/cmd/wallets-service/main.go:71.3,71.13 1 0
github.com/romanpitatelev/wallets-service/cmd/wallets-service/main.go:74.2,74.24 1 0
github.com/romanpitatelev/wallets-service/cmd/wallets-service/main.go:74.24,75.38 1 0
github.com/romanpitatelev/wallets-service/cmd/wallets-service/main.go:75.38,77.4 1 0
github.com/romanpitatelev/wallets-service/cmd/wallets-service/main.go:79.3,79.13 1 0
github.com/romanpitatelev/wallets-service/cmd/wallets-service/main.go:82.2,82.24 1 0
github.com/romanpitatelev/wallets-service/cmd/wallets-service/main.go:82.24,83.41 1 0
github.com/romanpitatelev/wallets-service/cmd/wallets-service/main.go:83.41,85.4 1 0
github.com/romanpitatelev/wallets-service/cmd/wallets-service/main.go:87.3,87.13 1 0
github.com/romanpitatelev/wallets-service/cmd/wallets-service/main.go:90.2,90.36 1 0
github.com/romanpitatelev/wallets-service/cmd/wallets-service/main.go:90.36,92.3 1 0
github.com/romanpitatelev/wallets-service/internal/configs/config.go:30.28,34.2 2 0
github.com/romanpitatelev/wallets-service/internal/configs/config.go:36.54,40.16 3 0
github.com/romanpitatelev/wallets-service/internal/configs/config.go:40.16,42.3 1 0
github.com/romanpitatelev/wallets-service/internal/configs/config.go:44.2,44.24 1 0
github.com/romanpitatelev/wallets-service/internal/configs/config.go:47.20,51.16 3 0
github.com/romanpitatelev/wallets-service/internal/configs/config.go:51.16,53.3 1 0
github.com/romanpitatelev/wallets-service/internal/configs/config.go:55.2,57.22 2 0
github.com/romanpitatelev/wallets-service/internal/configs/config.go:57.22,58.70 1 0
github.com/romanpitatelev/wallets-service/internal/configs/config.go:58.70,60.4 1 0
github.com/romanpitatelev/wallets-service/internal/configs/config.go:61.8,61.60 1 0
github.com/romanpitatelev/wallets-service/internal/configs/config.go:61.60,63.3 1 0
github.com/romanpitatelev/wallets-service/internal/configs/config.go:65.2,65.33 1 0
github.com/romanpitatelev/wallets-service/internal/configs/config.go:68.31,74.39 4 0
github.com/romanpitatelev/wallets-service/internal/configs/config.go:74.39,77.27 2 0
github.com/romanpitatelev/wallets-service/internal/configs/config.go:77.27,81.12 3 0
github.com/romanpitatelev/wallets-service/internal/configs/config.go:84.3,84.88 1 0
github.com/romanpitatelev/wallets-service/internal/configs/config.go:88.35,90.2 1 0
github.com/romanpitatelev/wallets-service/internal/configs/config.go:92.40,94.2 1 0
github.com/romanpitatelev/wallets-service/internal/configs/config.go:96.42,98.2 1 0
github.com/romanpitatelev/wallets-service/internal/configs/config.go:100.57,102.2 1 0
github.com/romanpitatelev/wallets-service/internal/configs/config.go:104.56,106.2 1 0
github.com/romanpitatelev/wallets-service/internal/configs/config.go:108.46,110.2 1 0
github.com/romanpitatelev/wallets-service/cmd/xr-service/main.go:14.13,20.40 4 0
github.com/romanpitatelev/wallets-service/cmd/xr-service/main.go:20.40,22.3 1 0
github.com/romanpitatelev/wallets-service/internal/rest/handlers.go:19.71,22.64 2 0
github.com/romanpitatelev/wallets-service/internal/rest/handlers.go:22.64,27.3 3 0
github.com/romanpitatelev/wallets-service/internal/rest/handlers.go:29.2,33.16 4 0
github.com/romanpitatelev/wallets-service/internal/rest/handlers.go:33.16,38.3 3 0
github.com/romanpitatelev/wallets-service/internal/rest/handlers.go:40.2,41.16 2 0
github.com/romanpitatelev/wallets-service/internal/rest/handlers.go:41.16,46.3 3 0
github.com/romanpitatelev/wallets-service/internal/rest/handlers.go:48.2,49.16 2 0
github.com/romanpitatelev/wallets-service/internal/rest/handlers.go:49.16,54.3 3 0
github.com/romanpitatelev/wallets-service/internal/rest/handlers.go:56.2,59.64 3 0
github.com/romanpitatelev/wallets-service/internal/rest/handlers.go:59.64,63.3 2 0
github.com/romanpitatelev/wallets-service/internal/rest/handlers.go:66.68,70.16 3 0
github.com/romanpitatelev/wallets-service/internal/rest/handlers.go:70.16,75.3 3 0
github.com/romanpitatelev/wallets-service/internal/rest/handlers.go:77.2,80.26 3 0
github.com/romanpitatelev/wallets-service/internal/rest/handlers.go:80.26,84.3 2 0
github.com/romanpitatelev/wallets-service/internal/rest/handlers.go:86.2,86.33 1 0
github.com/romanpitatelev/wallets-service/internal/rest/handlers.go:86.33,90.3 2 0
github.com/romanpitatelev/wallets-service/internal/rest/handlers.go:92.2,93.16 2 0
github.com/romanpitatelev/wallets-service/internal/rest/handlers.go:93.16,94.47 1 0
github.com/romanpitatelev/wallets-service/internal/rest/handlers.go:94.47,99.4 3 0
github.com/romanpitatelev/wallets-service/internal/rest/handlers.go:101.3,104.9 3 0
github.com/romanpitatelev/wallets-service/internal/rest/handlers.go:107.2,110.58 3 0
github.com/romanpitatelev/wallets-service/internal/rest/handlers.go:110.58,114.3 2 0
github.com/romanpitatelev/wallets-service/internal/rest/handlers.go:117.71,121.16 3 0
github.com/romanpitatelev/wallets-service/internal/rest/handlers.go:121.16,126.3 3 0
github.com/romanpitatelev/wallets-service/internal/rest/handlers.go:128.2,133.78 4 0
github.com/romanpitatelev/wallets-service/internal/rest/handlers.go:133.78,138.3 3 0
github.com/romanpitatelev/wallets-service/internal/rest/handlers.go:140.2,142.9 2 0
github.com/romanpitatelev/wallets-service/internal/rest/handlers.go:143.48,147.9 3 0
github.com/romanpitatelev/wallets-service/internal/rest/handlers.go:148.47,152.9 3 0
github.com/romanpitatelev/wallets-service/internal/rest/handlers.go:153.18,157.9 3 0
github.com/romanpitatelev/wallets-service/internal/rest/handlers.go:160.2,163.64 3 0
github.com/romanpitatelev/wallets-service/internal/rest/handlers.go:163.64,167.3 2 0
github.com/romanpitatelev/wallets-service/internal/rest/handlers.go:170.71,174.16 3 0
github.com/romanpitatelev/wallets-service/internal/rest/handlers.go:174.16,179.3 3 0
github.com/romanpitatelev/wallets-service/internal/rest/handlers.go:181.2,186.9 4 0
github.com/romanpitatelev/wallets-service/internal/rest/handlers.go:187.48,191.9 3 0
github.com/romanpitatelev/wallets-service/internal/rest/handlers.go:192.54,196.9 3 0
github.com/romanpitatelev/wallets-service/internal/rest/handlers.go:197.18,201.9 3 0
github.com/romanpitatelev/wallets-service/internal/rest/handlers.go:204.2,205.37 2 0
github.com/romanpitatelev/wallets-service/internal/rest/handlers.go:208.69,214.16 5 0
github.com/romanpitatelev/wallets-service/internal/rest/handlers.go:214.16,219.3 3 0
github.com/romanpitatelev/wallets-service/internal/rest/handlers.go:221.2,224.59 3 0
github.com/romanpitatelev/wallets-service/internal/rest/handlers.go:224.59,228.3 2 0
github.com/romanpitatelev/wallets-service/internal/rest/handlers.go:231.64,244.49 4 0
github.com/romanpitatelev/wallets-service/internal/rest/handlers.go:244.49,246.3 1 0
github.com/romanpitatelev/wallets-service/internal/rest/handlers.go:248.2,248.44 1 0
github.com/romanpitatelev/wallets-service/internal/rest/handlers.go:248.44,249.56 1 0
github.com/romanpitatelev/wallets-service/internal/rest/handlers.go:249.56,251.4 1 0
github.com/romanpitatelev/wallets-service/internal/rest/handlers.go:253.3,253.32 1 0
github.com/romanpitatelev/wallets-service/internal/rest/handlers.go:254.8,256.3 1 0
github.com/romanpitatelev/wallets-service/internal/rest/handlers.go:258.2,258.45 1 0
github.com/romanpitatelev/wallets-service/internal/rest/handlers.go:258.45,261.3 2 0
github.com/romanpitatelev/wallets-service/internal/rest/handlers.go:263.2,263.19 1 0
github.com/romanpitatelev/wallets-service/internal/rest/handlers.go:266.78,267.29 1 0
github.com/romanpitatelev/wallets-service/internal/rest/handlers.go:267.29,269.3 1 0
github.com/romanpitatelev/wallets-service/internal/rest/handlers.go:271.2,274.20 3 0
github.com/romanpitatelev/wallets-service/internal/rest/handlers.go:277.88,278.24 1 0
github.com/romanpitatelev/wallets-service/internal/rest/handlers.go:278.24,280.3 1 0
github.com/romanpitatelev/wallets-service/internal/rest/handlers.go:282.2,282.20 1 0
github.com/romanpitatelev/wallets-service/internal/rest/middleware.go:28.58,29.71 1 0
github.com/romanpitatelev/wallets-service/internal/rest/middleware.go:29.71,31.19 2 0
github.com/romanpitatelev/wallets-service/internal/rest/middleware.go:31.19,35.4 2 0
github.com/romanpitatelev/wallets-service/internal/rest/middleware.go:37.3,39.33 2 0
github.com/romanpitatelev/wallets-service/internal/rest/middleware.go:39.33,43.4 2 0
github.com/romanpitatelev/wallets-service/internal/rest/middleware.go:45.3,46.39 2 0
github.com/romanpitatelev/wallets-service/internal/rest/middleware.go:46.39,50.4 2 0
github.com/romanpitatelev/wallets-service/internal/rest/middleware.go:52.3,52.115 1 0
github.com/romanpitatelev/wallets-service/internal/rest/middleware.go:52.115,53.58 1 0
github.com/romanpitatelev/wallets-service/internal/rest/middleware.go:53.58,55.5 1 0
github.com/romanpitatelev/wallets-service/internal/rest/middleware.go:57.4,57.21 1 0
github.com/romanpitatelev/wallets-service/internal/rest/middleware.go:59.3,59.17 1 0
github.com/romanpitatelev/wallets-service/internal/rest/middleware.go:59.17,63.4 2 0
github.com/romanpitatelev/wallets-service/internal/rest/middleware.go:65.3,66.27 2 0
github.com/romanpitatelev/wallets-service/internal/rest/middleware.go:66.27,70.4 2 0
github.com/romanpitatelev/wallets-service/internal/rest/middleware.go:72.3,72.42 1 0
github.com/romanpitatelev/wallets-service/internal/rest/middleware.go:72.42,76.4 2 0
github.com/romanpitatelev/wallets-service/internal/rest/middleware.go:78.3,86.23 3 0
github.com/romanpitatelev/wallets-service/internal/rest/middleware.go:90.67,94.2 2 0
github.com/romanpitatelev/wallets-service/internal/rest/middleware.go:96.78,100.16 3 0
github.com/romanpitatelev/wallets-service/internal/rest/middleware.go:100.16,102.3 1 0
github.com/romanpitatelev/wallets-service/internal/rest/middleware.go:104.2,106.44 2 0
github.com/romanpitatelev/wallets-service/internal/rest/middleware.go:106.44,108.3 1 0
github.com/romanpitatelev/wallets-service/internal/rest/middleware.go:111.33,120.2 2 0
github.com/romanpitatelev/wallets-service/internal/rest/middleware.go:122.46,124.16 2 0
github.com/romanpitatelev/wallets-service/internal/rest/middleware.go:124.16,126.3 1 0
github.com/romanpitatelev/wallets-service/internal/rest/middleware.go:128.2,128.23 1 0
github.com/romanpitatelev/wallets-service/internal/rest/middleware.go:131.36,133.16 2 0
github.com/romanpitatelev/wallets-service/internal/rest/middleware.go:133.16,135.3 1 0
github.com/romanpitatelev/wallets-service/internal/rest/middleware.go:137.2,137.12 1 0
github.com/romanpitatelev/wallets-service/internal/rest/server.go:39.68,52.45 3 0
github.com/romanpitatelev/wallets-service/internal/rest/server.go:52.45,61.3 7 0
github.com/romanpitatelev/wallets-service/internal/rest/server.go:63.2,63.10 1 0
github.com/romanpitatelev/wallets-service/internal/rest/server.go:66.49,67.12 1 0
github.com/romanpitatelev/wallets-service/internal/rest/server.go:67.12,70.48 2 0
github.com/romanpitatelev/wallets-service/internal/rest/server.go:70.48,72.4 1 0
github.com/romanpitatelev/wallets-service/internal/rest/server.go:75.2,75.91 1 0
github.com/romanpitatelev/wallets-service/internal/rest/server.go:75.91,77.3 1 0
github.com/romanpitatelev/wallets-service/internal/rest/server.go:79.2,79.12 1 0
github.com/romanpitatelev/wallets-service/internal/store/store.go:33.64,35.16 2 0
github.com/romanpitatelev/wallets-service/internal/store/store.go:35.16,37.3 1 0
github.com/romanpitatelev/wallets-service/internal/store/store.go:39.2,39.39 1 0
github.com/romanpitatelev/wallets-service/internal/store/store.go:39.39,41.3 1 0
github.com/romanpitatelev/wallets-service/internal/store/store.go:43.2,48.8 2 0
github.com/romanpitatelev/wallets-service/internal/store/store.go:51.73,53.16 2 0
github.com/romanpitatelev/wallets-service/internal/store/store.go:53.16,55.3 1 0
github.com/romanpitatelev/wallets-service/internal/store/store.go:57.2,57.15 1 0
github.com/romanpitatelev/wallets-service/internal/store/store.go:57.15,59.17 2 0
github.com/romanpitatelev/wallets-service/internal/store/store.go:59.17,61.4 1 0
github.com/romanpitatelev/wallets-service/internal/store/store.go:64.2,65.16 2 0
github.com/romanpitatelev/wallets-service/internal/store/store.go:65.16,67.3 1 0
github.com/romanpitatelev/wallets-service/internal/store/store.go:69.2,69.29 1 0
github.com/romanpitatelev/wallets-service/internal/store/store.go:69.29,71.3 1 0
github.com/romanpitatelev/wallets-service/internal/store/store.go:73.2,73.52 1 0
github.com/romanpitatelev/wallets-service/internal/store/store.go:73.52,74.46 1 0
github.com/romanpitatelev/wallets-service/internal/store/store.go:74.46,76.18 2 0
github.com/romanpitatelev/wallets-service/internal/store/store.go:76.18,78.5 1 0
github.com/romanpitatelev/wallets-service/internal/store/store.go:80.4,81.31 2 0
github.com/romanpitatelev/wallets-service/internal/store/store.go:81.31,83.5 1 0
github.com/romanpitatelev/wallets-service/internal/store/store.go:85.4,85.23 1 0
github.com/romanpitatelev/wallets-service/internal/store/store.go:89.2,96.16 3 0
github.com/romanpitatelev/wallets-service/internal/store/store.go:96.16,98.3 1 0
github.com/romanpitatelev/wallets-service/internal/store/store.go:100.2,100.12 1 0
github.com/romanpitatelev/wallets-service/internal/store/store.go:103.78,110.16 3 0
github.com/romanpitatelev/wallets-service/internal/store/store.go:110.16,112.3 1 0
github.com/romanpitatelev/wallets-service/internal/store/store.go:114.2,114.12 1 0
github.com/romanpitatelev/wallets-service/internal/store/store.go:117.118,141.16 5 0
github.com/romanpitatelev/wallets-service/internal/store/store.go:141.16,143.3 1 0
github.com/romanpitatelev/wallets-service/internal/store/store.go:145.2,145.27 1 0
github.com/romanpitatelev/wallets-service/internal/store/store.go:148.113,165.16 4 0
github.com/romanpitatelev/wallets-service/internal/store/store.go:165.16,166.36 1 0
github.com/romanpitatelev/wallets-service/internal/store/store.go:166.36,168.4 1 0
github.com/romanpitatelev/wallets-service/internal/store/store.go:170.3,170.75 1 0
github.com/romanpitatelev/wallets-service/internal/store/store.go:173.2,173.20 1 0
github.com/romanpitatelev/wallets-service/internal/store/store.go:177.165,207.16 6 0
github.com/romanpitatelev/wallets-service/internal/store/store.go:207.16,208.36 1 0
github.com/romanpitatelev/wallets-service/internal/store/store.go:208.36,210.4 1 0
github.com/romanpitatelev/wallets-service/internal/store/store.go:212.3,212.75 1 0
github.com/romanpitatelev/wallets-service/internal/store/store.go:215.2,215.20 1 0
github.com/romanpitatelev/wallets-service/internal/store/store.go:218.99,220.16 2 0
github.com/romanpitatelev/wallets-service/internal/store/store.go:220.16,221.47 1 0
github.com/romanpitatelev/wallets-service/internal/store/store.go:221.47,223.4 1 0
github.com/romanpitatelev/wallets-service/internal/store/store.go:225.3,225.90 1 0
github.com/romanpitatelev/wallets-service/internal/store/store.go:228.2,228.34 1 0
github.com/romanpitatelev/wallets-service/internal/store/store.go:228.34,230.3 1 0
github.com/romanpitatelev/wallets-service/internal/store/store.go:232.2,240.16 3 0
github.com/romanpitatelev/wallets-service/internal/store/store.go:240.16,242.3 1 0
github.com/romanpitatelev/wallets-service/internal/store/store.go:244.2,244.12 1 0
github.com/romanpitatelev/wallets-service/internal/store/store.go:247.130,256.63 3 0
github.com/romanpitatelev/wallets-service/internal/store/store.go:256.63,258.3 1 0
github.com/romanpitatelev/wallets-service/internal/store/store.go:260.2,262.18 2 0
github.com/romanpitatelev/wallets-service/internal/store/store.go:262.18,275.17 3 0
github.com/romanpitatelev/wallets-service/internal/store/store.go:275.17,277.4 1 0
github.com/romanpitatelev/wallets-service/internal/store/store.go:279.3,279.42 1 0
github.com/romanpitatelev/wallets-service/internal/store/store.go:282.2,282.34 1 0
github.com/romanpitatelev/wallets-service/internal/store/store.go:282.34,284.3 1 0
github.com/romanpitatelev/wallets-service/internal/store/store.go:286.2,286.26 1 0
github.com/romanpitatelev/wallets-service/internal/store/store.go:286.26,288.3 1 0
github.com/romanpitatelev/wallets-service/internal/store/store.go:290.2,290.24 1 0
github.com/romanpitatelev/wallets-service/internal/store/store.go:293.105,315.26 5 0
github.com/romanpitatelev/wallets-service/internal/store/store.go:315.26,318.3 2 0
github.com/romanpitatelev/wallets-service/internal/store/store.go:320.2,321.9 2 0
github.com/romanpitatelev/wallets-service/internal/store/store.go:321.9,323.3 1 0
github.com/romanpitatelev/wallets-service/internal/store/store.go:325.2,327.24 2 0
github.com/romanpitatelev/wallets-service/internal/store/store.go:327.24,329.3 1 0
github.com/romanpitatelev/wallets-service/internal/store/store.go:331.2,335.24 3 0
github.com/romanpitatelev/wallets-service/internal/store/store.go:335.24,338.3 2 0
github.com/romanpitatelev/wallets-service/internal/store/store.go:340.2,340.26 1 0
github.com/romanpitatelev/wallets-service/internal/store/store.go:343.75,344.31 1 0
github.com/romanpitatelev/wallets-service/internal/store/store.go:344.31,345.67 1 0
github.com/romanpitatelev/wallets-service/internal/store/store.go:345.67,347.4 1 0
github.com/romanpitatelev/wallets-service/internal/store/store.go:350.2,350.12 1 0
github.com/romanpitatelev/wallets-service/internal/store/store.go:353.95,361.16 3 0
github.com/romanpitatelev/wallets-service/internal/store/store.go:361.16,363.3 1 0
github.com/romanpitatelev/wallets-service/internal/store/store.go:365.2,365.12 1 0
github.com/romanpitatelev/wallets-service/internal/store/store.go:368.80,369.60 1 0
github.com/romanpitatelev/wallets-service/internal/store/store.go:369.60,371.3 1 0
github.com/romanpitatelev/wallets-service/internal/store/store.go:373.2,373.12 1 0
github.com/romanpitatelev/wallets-service/internal/xr/xr-client/client.go:23.31,27.2 1 0
github.com/romanpitatelev/wallets-service/internal/xr/xr-client/client.go:29.88,33.16 3 0
github.com/romanpitatelev/wallets-service/internal/xr/xr-client/client.go:33.16,35.3 1 0
github.com/romanpitatelev/wallets-service/internal/xr/xr-client/client.go:37.2,40.16 3 0
github.com/romanpitatelev/wallets-service/internal/xr/xr-client/client.go:40.16,42.3 1 0
github.com/romanpitatelev/wallets-service/internal/xr/xr-client/client.go:44.2,44.15 1 0
github.com/romanpitatelev/wallets-service/internal/xr/xr-client/client.go:44.15,45.47 1 0
github.com/romanpitatelev/wallets-service/internal/xr/xr-client/client.go:45.47,47.4 1 0
github.com/romanpitatelev/wallets-service/internal/xr/xr-client/client.go:50.2,50.9 1 0
github.com/romanpitatelev/wallets-service/internal/xr/xr-client/client.go:51.61,52.38 1 0
github.com/romanpitatelev/wallets-service/internal/xr/xr-client/client.go:53.44,54.56 1 0
github.com/romanpitatelev/wallets-service/internal/xr/xr-client/client.go:55.10,58.69 2 0
github.com/romanpitatelev/wallets-service/internal/xr/xr-client/client.go:58.69,60.4 1 0
github.com/romanpitatelev/wallets-service/internal/xr/xr-client/client.go:62.3,62.24 1 0
github.com/romanpitatelev/wallets-service/internal/service/service.go:40.75,46.2 1 0
github.com/romanpitatelev/wallets-service/internal/service/service.go:48.116,52.16 3 0
github.com/romanpitatelev/wallets-service/internal/service/service.go:52.16,54.3 1 0
github.com/romanpitatelev/wallets-service/internal/service/service.go:56.2,57.16 2 0
github.com/romanpitatelev/wallets-service/internal/service/service.go:57.16,59.3 1 0
github.com/romanpitatelev/wallets-service/internal/service/service.go:59.8,61.3 1 0
github.com/romanpitatelev/wallets-service/internal/service/service.go:63.2,63.20 1 0
github.com/romanpitatelev/wallets-service/internal/service/service.go:66.111,68.16 2 0
github.com/romanpitatelev/wallets-service/internal/service/service.go:68.16,70.3 1 0
github.com/romanpitatelev/wallets-service/internal/service/service.go:72.2,72.20 1 0
github.com/romanpitatelev/wallets-service/internal/service/service.go:75.149,79.16 3 0
github.com/romanpitatelev/wallets-service/internal/service/service.go:79.16,81.3 1 0
github.com/romanpitatelev/wallets-service/internal/service/service.go:83.2,83.36 1 0
github.com/romanpitatelev/wallets-service/internal/service/service.go:83.36,85.3 1 0
github.com/romanpitatelev/wallets-service/internal/service/service.go:87.2,87.34 1 0
github.com/romanpitatelev/wallets-service/internal/service/service.go:87.34,89.3 1 0
github.com/romanpitatelev/wallets-service/internal/service/service.go:91.2,93.66 2 0
github.com/romanpitatelev/wallets-service/internal/service/service.go:93.66,95.17 2 0
github.com/romanpitatelev/wallets-service/internal/service/service.go:95.17,97.4 1 0
github.com/romanpitatelev/wallets-service/internal/service/service.go:100.2,101.16 2 0
github.com/romanpitatelev/wallets-service/internal/service/service.go:101.16,103.3 1 0
github.com/romanpitatelev/wallets-service/internal/service/service.go:105.2,105.27 1 0
github.com/romanpitatelev/wallets-service/internal/service/service.go:108.97,111.74 2 0
github.com/romanpitatelev/wallets-service/internal/service/service.go:111.74,113.3 1 0
github.com/romanpitatelev/wallets-service/internal/service/service.go:115.2,115.12 1 0
github.com/romanpitatelev/wallets-service/internal/service/service.go:118.131,120.16 2 0
github.com/romanpitatelev/wallets-service/internal/service/service.go:120.16,122.3 1 0
github.com/romanpitatelev/wallets-service/internal/service/service.go:124.2,124.21 1 0
github.com/romanpitatelev/wallets-service/internal/service/service.go:127.50,131.6 3 0
github.com/romanpitatelev/wallets-service/internal/service/service.go:131.6,132.10 1 0
github.com/romanpitatelev/wallets-service/internal/service/service.go:133.21,134.14 1 0
github.com/romanpitatelev/wallets-service/internal/service/service.go:135.19,136.91 1 0
github.com/romanpitatelev/wallets-service/internal/service/service.go:136.91,138.5 1 0
github.com/romanpitatelev/wallets-service/internal/xr/xr-server/server.go:25.28,35.45 3 0
github.com/romanpitatelev/wallets-service/internal/xr/xr-server/server.go:35.45,37.3 1 0
github.com/romanpitatelev/wallets-service/internal/xr/xr-server/server.go:39.2,39.10 1 0
github.com/romanpitatelev/wallets-service/internal/xr/xr-server/server.go:42.49,43.12 1 0
github.com/romanpitatelev/wallets-service/internal/xr/xr-server/server.go:43.12,47.65 2 0
github.com/romanpitatelev/wallets-service/internal/xr/xr-server/server.go:47.65,49.4 1 0
github.com/romanpitatelev/wallets-service/internal/xr/xr-server/server.go:52.2,52.91 1 0
github.com/romanpitatelev/wallets-service/internal/xr/xr-server/server.go:52.91,54.3 1 0
github.com/romanpitatelev/wallets-service/internal/xr/xr-server/server.go:56.2,56.12 1 0
github.com/romanpitatelev/wallets-service/internal/xr/xr-server/server.go:59.74,81.30 6 0
github.com/romanpitatelev/wallets-service/internal/xr/xr-server/server.go:81.30,85.3 2 0
github.com/romanpitatelev/wallets-service/internal/xr/xr-server/server.go:87.2,91.42 3 0
github.com/romanpitatelev/wallets-service/internal/xr/xr-server/server.go:94.84,97.45 2 0
github.com/romanpitatelev/wallets-service/internal/xr/xr-server/server.go:97.45,99.3 1 0
github.com/romanpitatelev/wallets-service/internal/xr/xr-server/server.go:101.2,102.50 2 0
github.com/romanpitatelev/wallets-service/internal/xr/xr-server/server.go:102.50,106.3 2 0
github.com/romanpitatelev/wallets-service/internal/xr/xr-server/server.go:108.2,109.16 2 0
github.com/romanpitatelev/wallets-service/internal/xr/xr-server/server.go:109.16,111.3 1 0
github.com/romanpitatelev/wallets-service/internal/xr/xr-server/server.go:113.2,115.45 2 0
github.com/romanpitatelev/wallets-service/internal/xr/xr-server/server.go:115.45,117.3 1 0
github.com/romanpitatelev/wallets-service/internal/xr/xr-server/server.go:120.78,124.60 3 0
github.com/romanpitatelev/wallets-service/internal/xr/xr-server/server.go:124.60,126.3 1 0
github.com/romanpitatelev/wallets-service/cmd/user-generator/main.go:40.13,44.16 3 0
github.com/romanpitatelev/wallets-service/cmd/user-generator/main.go:44.16,46.3 1 0
github.com/romanpitatelev/wallets-service/cmd/user-generator/main.go:48.2,48.15 1 0
github.com/romanpitatelev/wallets-service/cmd/user-generator/main.go:48.15,49.41 1 0
github.com/romanpitatelev/wallets-service/cmd/user-generator/main.go:49.41,51.4 1 0
github.com/romanpitatelev/wallets-service/cmd/user-generator/main.go:54.2,56.26 2 0
github.com/romanpitatelev/wallets-service/cmd/user-generator/main.go:56.26,57.64 1 0
github.com/romanpitatelev/wallets-service/cmd/user-generator/main.go:57.64,59.4 1 0
github.com/romanpitatelev/wallets-service/cmd/user-generator/main.go:61.3,62.27 2 0
github.com/romanpitatelev/wallets-service/cmd/user-generator/main.go:66.32,69.12 2 0
github.com/romanpitatelev/wallets-service/cmd/user-generator/main.go:69.12,72.7 2 0
github.com/romanpitatelev/wallets-service/cmd/user-generator/main.go:72.7,74.4 1 0
github.com/romanpitatelev/wallets-service/cmd/user-generator/main.go:77.2,77.11 1 0
github.com/romanpitatelev/wallets-service/cmd/user-generator/main.go:80.26,87.16 6 0
github.com/romanpitatelev/wallets-service/cmd/user-generator/main.go:87.16,91.3 2 0
github.com/romanpitatelev/wallets-service/cmd/user-generator/main.go:93.2,94.16 2 0
github.com/romanpitatelev/wallets-service/cmd/user-generator/main.go:94.16,98.3 2 0
github.com/romanpitatelev/wallets-service/cmd/user-generator/main.go:100.2,103.16 3 0
github.com/romanpitatelev/wallets-service/cmd/user-generator/main.go:103.16,105.3 1 0
github.com/romanpitatelev/wallets-service/cmd/user-generator/main.go:107.2,114.3 1 0
github.com/romanpitatelev/wallets-service/cmd/user-generator/main.go:117.48,121.2 2 0
github.com/romanpitatelev/wallets-service/cmd/user-generator/main.go:123.39,125.16 2 0
github.com/romanpitatelev/wallets-service/cmd/user-generator/main.go:125.16,127.3 1 0
github.com/romanpitatelev/wallets-service/cmd/user-generator/main.go:129.2,129.36 1 0
github.com/romanpitatelev/wallets-service/cmd/user-generator/main.go:129.36,131.3 1 0
github.com/romanpitatelev/wallets-service/cmd/user-generator/main.go:133.2,133.20 1 0
github.com/romanpitatelev/wallets-service/cmd/user-generator/main.go:136.51,140.16 3 0
github.com/romanpitatelev/wallets-service/cmd/user-generator/main.go:140.16,142.3 1 0
github.com/romanpitatelev/wallets-service/cmd/user-generator/main.go:144.2,144.48 1 0
github.com/romanpitatelev/wallets-service/cmd/user-generator/main.go:147.70,152.16 4 0
github.com/romanpitatelev/wallets-service/cmd/user-generator/main.go:152.16,154.3 1 0
github.com/romanpitatelev/wallets-service/cmd/user-generator/main.go:156.2,156.22 1 0
github.com/romanpitatelev/wallets-service/cmd/user-generator/main.go:159.83,161.16 2 0
github.com/romanpitatelev/wallets-service/cmd/user-generator/main.go:161.16,163.3 1 0
github.com/romanpitatelev/wallets-service/cmd/user-generator/main.go:165.2,171.16 3 0
github.com/romanpitatelev/wallets-service/cmd/user-generator/main.go:171.16,173.3 1 0
github.com/romanpitatelev/wallets-service/cmd/user-generator/main.go:175.2,175.12 1 0
github.com/romanpitatelev/wallets-service/cmd/user-generator/main.go:178.36,180.16 2 0
github.com/romanpitatelev/wallets-service/cmd/user-generator/main.go:180.16,182.3 1 0
github.com/romanpitatelev/wallets-service/cmd/user-generator/main.go:184.2,186.30 2 0
github.com/romanpitatelev/wallets-service/cmd/user-generator/main.go:186.30,188.3 1 0
github.com/romanpitatelev/wallets-service/cmd/user-generator/main.go:190.2,190.19 1 0
github.com/romanpitatelev/wallets-service/cmd/wallets-service/main.go:21.13,28.16 5 0
github.com/romanpitatelev/wallets-service/cmd/wallets-service/main.go:28.16,30.3 1 0
github.com/romanpitatelev/wallets-service/cmd/wallets-service/main.go:32.2,32.52 1 0
github.com/romanpitatelev/wallets-service/cmd/wallets-service/main.go:32.52,34.3 1 0
github.com/romanpitatelev/wallets-service/cmd/wallets-service/main.go:36.2,39.16 3 0
github.com/romanpitatelev/wallets-service/cmd/wallets-service/main.go:39.16,41.3 1 0
github.com/romanpitatelev/wallets-service/cmd/wallets-service/main.go:43.2,43.15 1 0
github.com/romanpitatelev/wallets-service/cmd/wallets-service/main.go:43.15,44.46 1 0
github.com/romanpitatelev/wallets-service/cmd/wallets-service/main.go:44.46,46.4 1 0
github.com/romanpitatelev/wallets-service/cmd/wallets-service/main.go:49.2,66.24 6 0
github.com/romanpitatelev/wallets-service/cmd/wallets-service/main.go:66.24,67.48 1 0
github.com/romanpitatelev/wallets-service/cmd/wallets-service/main.go:67.48,69.4 1 0
github.com/romanpitatelev/wallets-service/cmd/wallets-service/main.go:71.3,71.13 1 0
github.com/romanpitatelev/wallets-service/cmd/wallets-service/main.go:74.2,74.24 1 0
github.com/romanpitatelev/wallets-service/cmd/wallets-service/main.go:74.24,75.38 1 0
github.com/romanpitatelev/wallets-service/cmd/wallets-service/main.go:75.38,77.4 1 0
github.com/romanpitatelev/wallets-service/cmd/wallets-service/main.go:79.3,79.13 1 0
github.com/romanpitatelev/wallets-service/cmd/wallets-service/main.go:82.2,82.24 1 0
github.com/romanpitatelev/wallets-service/cmd/wallets-service/main.go:82.24,83.41 1 0
github.com/romanpitatelev/wallets-service/cmd/wallets-service/main.go:83.41,85.4 1 0
github.com/romanpitatelev/wallets-service/cmd/wallets-service/main.go:87.3,87.13 1 0
github.com/romanpitatelev/wallets-service/cmd/wallets-service/main.go:90.2,90.36 1 0
github.com/romanpitatelev/wallets-service/cmd/wallets-service/main.go:90.36,92.3 1 0
github.com/romanpitatelev/wallets-service/cmd/xr-service/main.go:14.13,20.40 4 0
github.com/romanpitatelev/wallets-service/cmd/xr-service/main.go:20.40,22.3 1 0
github.com/romanpitatelev/wallets-service/internal/configs/config.go:30.28,34.2 2 0
github.com/romanpitatelev/wallets-service/internal/configs/config.go:36.54,40.16 3 0
github.com/romanpitatelev/wallets-service/internal/configs/config.go:40.16,42.3 1 0
github.com/romanpitatelev/wallets-service/internal/configs/config.go:44.2,44.24 1 0
github.com/romanpitatelev/wallets-service/internal/configs/config.go:47.20,51.16 3 0
github.com/romanpitatelev/wallets-service/internal/configs/config.go:51.16,53.3 1 0
github.com/romanpitatelev/wallets-service/internal/configs/config.go:55.2,57.22 2 0
github.com/romanpitatelev/wallets-service/internal/configs/config.go:57.22,58.70 1 0
github.com/romanpitatelev/wallets-service/internal/configs/config.go:58.70,60.4 1 0
github.com/romanpitatelev/wallets-service/internal/configs/config.go:61.8,61.60 1 0
github.com/romanpitatelev/wallets-service/internal/configs/config.go:61.60,63.3 1 0
github.com/romanpitatelev/wallets-service/internal/configs/config.go:65.2,65.33 1 0
github.com/romanpitatelev/wallets-service/internal/configs/config.go:68.31,74.39 4 0
github.com/romanpitatelev/wallets-service/internal/configs/config.go:74.39,77.27 2 0
github.com/romanpitatelev/wallets-service/internal/configs/config.go:77.27,81.12 3 0
github.com/romanpitatelev/wallets-service/internal/configs/config.go:84.3,84.88 1 0
github.com/romanpitatelev/wallets-service/internal/configs/config.go:88.35,90.2 1 0
github.com/romanpitatelev/wallets-service/internal/configs/config.go:92.40,94.2 1 0
github.com/romanpitatelev/wallets-service/internal/configs/config.go:96.42,98.2 1 0
github.com/romanpitatelev/wallets-service/internal/configs/config.go:100.57,102.2 1 0
github.com/romanpitatelev/wallets-service/internal/configs/config.go:104.56,106.2 1 0
github.com/romanpitatelev/wallets-service/internal/configs/config.go:108.46,110.2 1 0
github.com/romanpitatelev/wallets-service/internal/consumer/consumer.go:30.59,32.16 2 0
github.com/romanpitatelev/wallets-service/internal/consumer/consumer.go:32.16,34.3 1 0
github.com/romanpitatelev/wallets-service/internal/consumer/consumer.go:36.2,39.8 1 0
github.com/romanpitatelev/wallets-service/internal/consumer/consumer.go:42.51,44.16 2 0
github.com/romanpitatelev/wallets-service/internal/consumer/consumer.go:44.16,46.3 1 0
github.com/romanpitatelev/wallets-service/internal/consumer/consumer.go:48.2,48.15 1 0
github.com/romanpitatelev/wallets-service/internal/consumer/consumer.go:48.15,49.46 1 0
github.com/romanpitatelev/wallets-service/internal/consumer/consumer.go:49.46,51.4 1 0
github.com/romanpitatelev/wallets-service/internal/consumer/consumer.go:54.2,54.6 1 0
github.com/romanpitatelev/wallets-service/internal/consumer/consumer.go:54.6,55.10 1 0
github.com/romanpitatelev/wallets-service/internal/consumer/consumer.go:56.45,61.63 3 0
github.com/romanpitatelev/wallets-service/internal/consumer/consumer.go:61.63,63.5 1 0
github.com/romanpitatelev/wallets-service/internal/consumer/consumer.go:65.4,65.56 1 0
github.com/romanpitatelev/wallets-service/internal/consumer/consumer.go:65.56,67.5 1 0
github.com/romanpitatelev/wallets-service/internal/consumer/consumer.go:68.38,69.65 1 0
github.com/romanpitatelev/wallets-service/internal/consumer/consumer.go:70.21,73.14 2 0
github.com/romanpitatelev/wallets-service/internal/consumer/consumer.go:78.34,79.43 1 0
github.com/romanpitatelev/wallets-service/internal/consumer/consumer.go:79.43,81.3 1 0
github.com/romanpitatelev/wallets-service/internal/consumer/consumer.go:83.2,83.12 1 0
github.com/romanpitatelev/wallets-service/internal/rest/handlers.go:19.71,22.64 2 12
github.com/romanpitatelev/wallets-service/internal/rest/handlers.go:22.64,27.3 3 0
github.com/romanpitatelev/wallets-service/internal/rest/handlers.go:29.2,33.16 4 12
github.com/romanpitatelev/wallets-service/internal/rest/handlers.go:33.16,38.3 3 0
github.com/romanpitatelev/wallets-service/internal/rest/handlers.go:40.2,41.16 2 12
github.com/romanpitatelev/wallets-service/internal/rest/handlers.go:41.16,46.3 3 2
github.com/romanpitatelev/wallets-service/internal/rest/handlers.go:48.2,49.16 2 10
github.com/romanpitatelev/wallets-service/internal/rest/handlers.go:49.16,54.3 3 0
github.com/romanpitatelev/wallets-service/internal/rest/handlers.go:56.2,59.64 3 10
github.com/romanpitatelev/wallets-service/internal/rest/handlers.go:59.64,63.3 2 0
github.com/romanpitatelev/wallets-service/internal/rest/handlers.go:66.68,70.16 3 6
github.com/romanpitatelev/wallets-service/internal/rest/handlers.go:70.16,75.3 3 0
github.com/romanpitatelev/wallets-service/internal/rest/handlers.go:77.2,80.26 3 6
github.com/romanpitatelev/wallets-service/internal/rest/handlers.go:80.26,84.3 2 0
github.com/romanpitatelev/wallets-service/internal/rest/handlers.go:86.2,86.33 1 6
github.com/romanpitatelev/wallets-service/internal/rest/handlers.go:86.33,90.3 2 0
github.com/romanpitatelev/wallets-service/internal/rest/handlers.go:92.2,93.16 2 6
github.com/romanpitatelev/wallets-service/internal/rest/handlers.go:93.16,94.47 1 4
github.com/romanpitatelev/wallets-service/internal/rest/handlers.go:94.47,99.4 3 4
github.com/romanpitatelev/wallets-service/internal/rest/handlers.go:101.3,104.9 3 0
github.com/romanpitatelev/wallets-service/internal/rest/handlers.go:107.2,110.58 3 2
github.com/romanpitatelev/wallets-service/internal/rest/handlers.go:110.58,114.3 2 0
github.com/romanpitatelev/wallets-service/internal/rest/handlers.go:117.71,121.16 3 7
github.com/romanpitatelev/wallets-service/internal/rest/handlers.go:121.16,126.3 3 0
github.com/romanpitatelev/wallets-service/internal/rest/handlers.go:128.2,133.78 4 7
github.com/romanpitatelev/wallets-service/internal/rest/handlers.go:133.78,138.3 3 0
github.com/romanpitatelev/wallets-service/internal/rest/handlers.go:140.2,142.9 2 7
github.com/romanpitatelev/wallets-service/internal/rest/handlers.go:143.48,147.9 3 2
github.com/romanpitatelev/wallets-service/internal/rest/handlers.go:148.47,152.9 3 1
github.com/romanpitatelev/wallets-service/internal/rest/handlers.go:153.18,157.9 3 0
github.com/romanpitatelev/wallets-service/internal/rest/handlers.go:160.2,163.64 3 4
github.com/romanpitatelev/wallets-service/internal/rest/handlers.go:163.64,167.3 2 0
github.com/romanpitatelev/wallets-service/internal/rest/handlers.go:170.71,174.16 3 5
github.com/romanpitatelev/wallets-service/internal/rest/handlers.go:174.16,179.3 3 0
github.com/romanpitatelev/wallets-service/internal/rest/handlers.go:181.2,186.9 4 5
github.com/romanpitatelev/wallets-service/internal/rest/handlers.go:187.48,191.9 3 3
github.com/romanpitatelev/wallets-service/internal/rest/handlers.go:192.54,196.9 3 1
github.com/romanpitatelev/wallets-service/internal/rest/handlers.go:197.18,201.9 3 0
github.com/romanpitatelev/wallets-service/internal/rest/handlers.go:204.2,205.37 2 1
github.com/romanpitatelev/wallets-service/internal/rest/handlers.go:208.69,214.16 5 6
github.com/romanpitatelev/wallets-service/internal/rest/handlers.go:214.16,219.3 3 0
github.com/romanpitatelev/wallets-service/internal/rest/handlers.go:221.2,224.59 3 6
github.com/romanpitatelev/wallets-service/internal/rest/handlers.go:224.59,228.3 2 0
github.com/romanpitatelev/wallets-service/internal/rest/handlers.go:231.64,244.49 4 6
github.com/romanpitatelev/wallets-service/internal/rest/handlers.go:244.49,246.3 1 1
github.com/romanpitatelev/wallets-service/internal/rest/handlers.go:248.2,248.44 1 6
github.com/romanpitatelev/wallets-service/internal/rest/handlers.go:248.44,249.56 1 4
github.com/romanpitatelev/wallets-service/internal/rest/handlers.go:249.56,251.4 1 0
github.com/romanpitatelev/wallets-service/internal/rest/handlers.go:253.3,253.32 1 4
github.com/romanpitatelev/wallets-service/internal/rest/handlers.go:254.8,256.3 1 2
github.com/romanpitatelev/wallets-service/internal/rest/handlers.go:258.2,258.45 1 6
github.com/romanpitatelev/wallets-service/internal/rest/handlers.go:258.45,261.3 2 3
github.com/romanpitatelev/wallets-service/internal/rest/handlers.go:263.2,263.19 1 6
github.com/romanpitatelev/wallets-service/internal/rest/handlers.go:266.78,267.29 1 12
github.com/romanpitatelev/wallets-service/internal/rest/handlers.go:267.29,269.3 1 0
github.com/romanpitatelev/wallets-service/internal/rest/handlers.go:271.2,274.20 3 12
github.com/romanpitatelev/wallets-service/internal/rest/handlers.go:277.88,278.24 1 12
github.com/romanpitatelev/wallets-service/internal/rest/handlers.go:278.24,280.3 1 2
github.com/romanpitatelev/wallets-service/internal/rest/handlers.go:282.2,282.20 1 10
github.com/romanpitatelev/wallets-service/internal/rest/middleware.go:28.58,29.71 1 1
github.com/romanpitatelev/wallets-service/internal/rest/middleware.go:29.71,31.19 2 36
github.com/romanpitatelev/wallets-service/internal/rest/middleware.go:31.19,35.4 2 0
github.com/romanpitatelev/wallets-service/internal/rest/middleware.go:37.3,39.33 2 36
github.com/romanpitatelev/wallets-service/internal/rest/middleware.go:39.33,43.4 2 0
github.com/romanpitatelev/wallets-service/internal/rest/middleware.go:45.3,46.39 2 36
github.com/romanpitatelev/wallets-service/internal/rest/middleware.go:46.39,50.4 2 0
github.com/romanpitatelev/wallets-service/internal/rest/middleware.go:52.3,52.115 1 36
github.com/romanpitatelev/wallets-service/internal/rest/middleware.go:52.115,53.58 1 36
github.com/romanpitatelev/wallets-service/internal/rest/middleware.go:53.58,55.5 1 0
github.com/romanpitatelev/wallets-service/internal/rest/middleware.go:57.4,57.21 1 36
github.com/romanpitatelev/wallets-service/internal/rest/middleware.go:59.3,59.17 1 36
github.com/romanpitatelev/wallets-service/internal/rest/middleware.go:59.17,63.4 2 0
github.com/romanpitatelev/wallets-service/internal/rest/middleware.go:65.3,66.27 2 36
github.com/romanpitatelev/wallets-service/internal/rest/middleware.go:66.27,70.4 2 0
github.com/romanpitatelev/wallets-service/internal/rest/middleware.go:72.3,72.42 1 36
github.com/romanpitatelev/wallets-service/internal/rest/middleware.go:72.42,76.4 2 0
github.com/romanpitatelev/wallets-service/internal/rest/middleware.go:78.3,86.23 3 36
github.com/romanpitatelev/wallets-service/internal/rest/middleware.go:90.67,94.2 2 36
github.com/romanpitatelev/wallets-service/internal/rest/middleware.go:96.78,100.16 3 0
github.com/romanpitatelev/wallets-service/internal/rest/middleware.go:100.16,102.3 1 0
github.com/romanpitatelev/wallets-service/internal/rest/middleware.go:104.2,106.44 2 0
github.com/romanpitatelev/wallets-service/internal/rest/middleware.go:106.44,108.3 1 0
github.com/romanpitatelev/wallets-service/internal/rest/middleware.go:111.33,120.2 2 0
github.com/romanpitatelev/wallets-service/internal/rest/middleware.go:122.46,124.16 2 1
github.com/romanpitatelev/wallets-service/internal/rest/middleware.go:124.16,126.3 1 0
github.com/romanpitatelev/wallets-service/internal/rest/middleware.go:128.2,128.23 1 1
github.com/romanpitatelev/wallets-service/internal/rest/middleware.go:131.36,133.16 2 1
github.com/romanpitatelev/wallets-service/internal/rest/middleware.go:133.16,135.3 1 0
github.com/romanpitatelev/wallets-service/internal/rest/middleware.go:137.2,137.12 1 1
github.com/romanpitatelev/wallets-service/internal/rest/server.go:39.68,52.45 3 1
github.com/romanpitatelev/wallets-service/internal/rest/server.go:52.45,61.3 7 1
github.com/romanpitatelev/wallets-service/internal/rest/server.go:63.2,63.10 1 1
github.com/romanpitatelev/wallets-service/internal/rest/server.go:66.49,67.12 1 1
github.com/romanpitatelev/wallets-service/internal/rest/server.go:67.12,70.48 2 1
github.com/romanpitatelev/wallets-service/internal/rest/server.go:70.48,72.4 1 0
github.com/romanpitatelev/wallets-service/internal/rest/server.go:75.2,75.91 1 1
github.com/romanpitatelev/wallets-service/internal/rest/server.go:75.91,77.3 1 0
github.com/romanpitatelev/wallets-service/internal/rest/server.go:79.2,79.12 1 1
github.com/romanpitatelev/wallets-service/internal/service/service.go:40.75,46.2 1 1
github.com/romanpitatelev/wallets-service/internal/service/service.go:48.116,52.16 3 10
github.com/romanpitatelev/wallets-service/internal/service/service.go:52.16,54.3 1 0
github.com/romanpitatelev/wallets-service/internal/service/service.go:56.2,57.16 2 10
github.com/romanpitatelev/wallets-service/internal/service/service.go:57.16,59.3 1 0
github.com/romanpitatelev/wallets-service/internal/service/service.go:59.8,61.3 1 10
github.com/romanpitatelev/wallets-service/internal/service/service.go:63.2,63.20 1 10
github.com/romanpitatelev/wallets-service/internal/service/service.go:66.111,68.16 2 6
github.com/romanpitatelev/wallets-service/internal/service/service.go:68.16,70.3 1 4
github.com/romanpitatelev/wallets-service/internal/service/service.go:72.2,72.20 1 2
github.com/romanpitatelev/wallets-service/internal/service/service.go:75.149,79.16 3 7
github.com/romanpitatelev/wallets-service/internal/service/service.go:79.16,81.3 1 2
github.com/romanpitatelev/wallets-service/internal/service/service.go:83.2,83.36 1 5
github.com/romanpitatelev/wallets-service/internal/service/service.go:83.36,85.3 1 0
github.com/romanpitatelev/wallets-service/internal/service/service.go:87.2,87.34 1 5
github.com/romanpitatelev/wallets-service/internal/service/service.go:87.34,89.3 1 0
github.com/romanpitatelev/wallets-service/internal/service/service.go:91.2,93.66 2 5
github.com/romanpitatelev/wallets-service/internal/service/service.go:93.66,95.17 2 3
github.com/romanpitatelev/wallets-service/internal/service/service.go:95.17,97.4 1 1
github.com/romanpitatelev/wallets-service/internal/service/service.go:100.2,101.16 2 4
github.com/romanpitatelev/wallets-service/internal/service/service.go:101.16,103.3 1 0
github.com/romanpitatelev/wallets-service/internal/service/service.go:105.2,105.27 1 4
github.com/romanpitatelev/wallets-service/internal/service/service.go:108.97,111.74 2 5
github.com/romanpitatelev/wallets-service/internal/service/service.go:111.74,113.3 1 4
github.com/romanpitatelev/wallets-service/internal/service/service.go:115.2,115.12 1 1
github.com/romanpitatelev/wallets-service/internal/service/service.go:118.131,120.16 2 6
github.com/romanpitatelev/wallets-service/internal/service/service.go:120.16,122.3 1 0
github.com/romanpitatelev/wallets-service/internal/service/service.go:124.2,124.21 1 6
github.com/romanpitatelev/wallets-service/internal/service/service.go:127.50,131.6 3 0
github.com/romanpitatelev/wallets-service/internal/service/service.go:131.6,132.10 1 0
github.com/romanpitatelev/wallets-service/internal/service/service.go:133.21,134.14 1 0
github.com/romanpitatelev/wallets-service/internal/service/service.go:135.19,136.91 1 0
github.com/romanpitatelev/wallets-service/internal/service/service.go:136.91,138.5 1 0
github.com/romanpitatelev/wallets-service/internal/store/store.go:33.64,35.16 2 1
github.com/romanpitatelev/wallets-service/internal/store/store.go:35.16,37.3 1 0
github.com/romanpitatelev/wallets-service/internal/store/store.go:39.2,39.39 1 1
github.com/romanpitatelev/wallets-service/internal/store/store.go:39.39,41.3 1 0
github.com/romanpitatelev/wallets-service/internal/store/store.go:43.2,48.8 2 1
github.com/romanpitatelev/wallets-service/internal/store/store.go:51.73,53.16 2 1
github.com/romanpitatelev/wallets-service/internal/store/store.go:53.16,55.3 1 0
github.com/romanpitatelev/wallets-service/internal/store/store.go:57.2,57.15 1 1
github.com/romanpitatelev/wallets-service/internal/store/store.go:57.15,59.17 2 1
github.com/romanpitatelev/wallets-service/internal/store/store.go:59.17,61.4 1 0
github.com/romanpitatelev/wallets-service/internal/store/store.go:64.2,65.16 2 1
github.com/romanpitatelev/wallets-service/internal/store/store.go:65.16,67.3 1 0
github.com/romanpitatelev/wallets-service/internal/store/store.go:69.2,69.29 1 1
github.com/romanpitatelev/wallets-service/internal/store/store.go:69.29,71.3 1 1
github.com/romanpitatelev/wallets-service/internal/store/store.go:73.2,73.52 1 1
github.com/romanpitatelev/wallets-service/internal/store/store.go:73.52,74.46 1 1
github.com/romanpitatelev/wallets-service/internal/store/store.go:74.46,76.18 2 1
github.com/romanpitatelev/wallets-service/internal/store/store.go:76.18,78.5 1 0
github.com/romanpitatelev/wallets-service/internal/store/store.go:80.4,81.31 2 1
github.com/romanpitatelev/wallets-service/internal/store/store.go:81.31,83.5 1 1
github.com/romanpitatelev/wallets-service/internal/store/store.go:85.4,85.23 1 1
github.com/romanpitatelev/wallets-service/internal/store/store.go:89.2,96.16 3 1
github.com/romanpitatelev/wallets-service/internal/store/store.go:96.16,98.3 1 0
github.com/romanpitatelev/wallets-service/internal/store/store.go:100.2,100.12 1 1
github.com/romanpitatelev/wallets-service/internal/store/store.go:103.78,110.16 3 12
github.com/romanpitatelev/wallets-service/internal/store/store.go:110.16,112.3 1 0
github.com/romanpitatelev/wallets-service/internal/store/store.go:114.2,114.12 1 12
github.com/romanpitatelev/wallets-service/internal/store/store.go:117.118,141.16 5 10
github.com/romanpitatelev/wallets-service/internal/store/store.go:141.16,143.3 1 0
github.com/romanpitatelev/wallets-service/internal/store/store.go:145.2,145.27 1 10
github.com/romanpitatelev/wallets-service/internal/store/store.go:148.113,165.16 4 28
github.com/romanpitatelev/wallets-service/internal/store/store.go:165.16,166.36 1 9
github.com/romanpitatelev/wallets-service/internal/store/store.go:166.36,168.4 1 9
github.com/romanpitatelev/wallets-service/internal/store/store.go:170.3,170.75 1 0
github.com/romanpitatelev/wallets-service/internal/store/store.go:173.2,173.20 1 19
github.com/romanpitatelev/wallets-service/internal/store/store.go:177.165,207.16 6 4
github.com/romanpitatelev/wallets-service/internal/store/store.go:207.16,208.36 1 0
github.com/romanpitatelev/wallets-service/internal/store/store.go:208.36,210.4 1 0
github.com/romanpitatelev/wallets-service/internal/store/store.go:212.3,212.75 1 0
github.com/romanpitatelev/wallets-service/internal/store/store.go:215.2,215.20 1 4
github.com/romanpitatelev/wallets-service/internal/store/store.go:218.99,220.16 2 5
github.com/romanpitatelev/wallets-service/internal/store/store.go:220.16,221.47 1 3
github.com/romanpitatelev/wallets-service/internal/store/store.go:221.47,223.4 1 3
github.com/romanpitatelev/wallets-service/internal/store/store.go:225.3,225.90 1 0
github.com/romanpitatelev/wallets-service/internal/store/store.go:228.2,228.34 1 2
github.com/romanpitatelev/wallets-service/internal/store/store.go:228.34,230.3 1 1
github.com/romanpitatelev/wallets-service/internal/store/store.go:232.2,240.16 3 1
github.com/romanpitatelev/wallets-service/internal/store/store.go:240.16,242.3 1 0
github.com/romanpitatelev/wallets-service/internal/store/store.go:244.2,244.12 1 1
github.com/romanpitatelev/wallets-service/internal/store/store.go:247.130,256.63 3 6
github.com/romanpitatelev/wallets-service/internal/store/store.go:256.63,258.3 1 0
github.com/romanpitatelev/wallets-service/internal/store/store.go:260.2,262.18 2 6
github.com/romanpitatelev/wallets-service/internal/store/store.go:262.18,275.17 3 13
github.com/romanpitatelev/wallets-service/internal/store/store.go:275.17,277.4 1 0
github.com/romanpitatelev/wallets-service/internal/store/store.go:279.3,279.42 1 13
github.com/romanpitatelev/wallets-service/internal/store/store.go:282.2,282.34 1 6
github.com/romanpitatelev/wallets-service/internal/store/store.go:282.34,284.3 1 0
github.com/romanpitatelev/wallets-service/internal/store/store.go:286.2,286.26 1 6
github.com/romanpitatelev/wallets-service/internal/store/store.go:286.26,288.3 1 1
github.com/romanpitatelev/wallets-service/internal/store/store.go:290.2,290.24 1 5
github.com/romanpitatelev/wallets-service/internal/store/store.go:293.105,315.26 5 6
github.com/romanpitatelev/wallets-service/internal/store/store.go:315.26,318.3 2 0
github.com/romanpitatelev/wallets-service/internal/store/store.go:320.2,321.9 2 6
github.com/romanpitatelev/wallets-service/internal/store/store.go:321.9,323.3 1 2
github.com/romanpitatelev/wallets-service/internal/store/store.go:325.2,327.24 2 6
github.com/romanpitatelev/wallets-service/internal/store/store.go:327.24,329.3 1 1
github.com/romanpitatelev/wallets-service/internal/store/store.go:331.2,335.24 3 6
github.com/romanpitatelev/wallets-service/internal/store/store.go:335.24,338.3 2 3
github.com/romanpitatelev/wallets-service/internal/store/store.go:340.2,340.26 1 6
github.com/romanpitatelev/wallets-service/internal/store/store.go:343.75,344.31 1 6
github.com/romanpitatelev/wallets-service/internal/store/store.go:344.31,345.67 1 11
github.com/romanpitatelev/wallets-service/internal/store/store.go:345.67,347.4 1 0
github.com/romanpitatelev/wallets-service/internal/store/store.go:350.2,350.12 1 6
github.com/romanpitatelev/wallets-service/internal/store/store.go:353.95,361.16 3 0
github.com/romanpitatelev/wallets-service/internal/store/store.go:361.16,363.3 1 0
github.com/romanpitatelev/wallets-service/internal/store/store.go:365.2,365.12 1 0
github.com/romanpitatelev/wallets-service/internal/store/store.go:368.80,369.60 1 7
github.com/romanpitatelev/wallets-service/internal/store/store.go:369.60,371.3 1 0
github.com/romanpitatelev/wallets-service/internal/store/store.go:373.2,373.12 1 7
github.com/romanpitatelev/wallets-service/internal/xr/xr-client/client.go:23.31,27.2 1 1
github.com/romanpitatelev/wallets-service/internal/xr/xr-client/client.go:29.88,33.16 3 3
github.com/romanpitatelev/wallets-service/internal/xr/xr-client/client.go:33.16,35.3 1 0
github.com/romanpitatelev/wallets-service/internal/xr/xr-client/client.go:37.2,40.16 3 3
github.com/romanpitatelev/wallets-service/internal/xr/xr-client/client.go:40.16,42.3 1 0
github.com/romanpitatelev/wallets-service/internal/xr/xr-client/client.go:44.2,44.15 1 3
github.com/romanpitatelev/wallets-service/internal/xr/xr-client/client.go:44.15,45.47 1 3
github.com/romanpitatelev/wallets-service/internal/xr/xr-client/client.go:45.47,47.4 1 0
github.com/romanpitatelev/wallets-service/internal/xr/xr-client/client.go:50.2,50.9 1 3
github.com/romanpitatelev/wallets-service/internal/xr/xr-client/client.go:51.61,52.38 1 1
github.com/romanpitatelev/wallets-service/internal/xr/xr-client/client.go:53.44,54.56 1 0
github.com/romanpitatelev/wallets-service/internal/xr/xr-client/client.go:55.10,58.69 2 2
github.com/romanpitatelev/wallets-service/internal/xr/xr-client/client.go:58.69,60.4 1 0
github.com/romanpitatelev/wallets-service/internal/xr/xr-client/client.go:62.3,62.24 1 2
github.com/romanpitatelev/wallets-service/internal/xr/xr-server/server.go:25.28,35.45 3 1
github.com/romanpitatelev/wallets-service/internal/xr/xr-server/server.go:35.45,37.3 1 1
github.com/romanpitatelev/wallets-service/internal/xr/xr-server/server.go:39.2,39.10 1 1
github.com/romanpitatelev/wallets-service/internal/xr/xr-server/server.go:42.49,43.12 1 1
github.com/romanpitatelev/wallets-service/internal/xr/xr-server/server.go:43.12,47.65 2 1
github.com/romanpitatelev/wallets-service/internal/xr/xr-server/server.go:47.65,49.4 1 0
github.com/romanpitatelev/wallets-service/internal/xr/xr-server/server.go:52.2,52.91 1 1
github.com/romanpitatelev/wallets-service/internal/xr/xr-server/server.go:52.91,54.3 1 0
github.com/romanpitatelev/wallets-service/internal/xr/xr-server/server.go:56.2,56.12 1 1
github.com/romanpitatelev/wallets-service/internal/xr/xr-server/server.go:59.74,81.30 6 3
github.com/romanpitatelev/wallets-service/internal/xr/xr-server/server.go:81.30,85.3 2 1
github.com/romanpitatelev/wallets-service/internal/xr/xr-server/server.go:87.2,91.42 3 2
github.com/romanpitatelev/wallets-service/internal/xr/xr-server/server.go:94.84,97.45 2 1
github.com/romanpitatelev/wallets-service/internal/xr/xr-server/server.go:97.45,99.3 1 1
github.com/romanpitatelev/wallets-service/internal/xr/xr-server/server.go:101.2,102.50 2 1
github.com/romanpitatelev/wallets-service/internal/xr/xr-server/server.go:102.50,106.3 2 0
github.com/romanpitatelev/wallets-service/internal/xr/xr-server/server.go:108.2,109.16 2 1
github.com/romanpitatelev/wallets-service/internal/xr/xr-server/server.go:109.16,111.3 1 0
github.com/romanpitatelev/wallets-service/internal/xr/xr-server/server.go:113.2,115.45 2 1
github.com/romanpitatelev/wallets-service/internal/xr/xr-server/server.go:115.45,117.3 1 0
github.com/romanpitatelev/wallets-service/internal/xr/xr-server/server.go:120.78,124.60 3 2
github.com/romanpitatelev/wallets-service/internal/xr/xr-server/server.go:124.60,126.3 1 0
