<?xml version="1.0" encoding="UTF-8"?>
<!DOCTYPE coverage SYSTEM "http://cobertura.sourceforge.net/xml/coverage-04.dtd">
<coverage line-rate="0.4507614" branch-rate="0" version="" timestamp="1741767773723" lines-covered="444" lines-valid="985" branches-covered="0" branches-valid="0" complexity="0">
  <sources>
    <source>/home/roman/go/src/github.com/romanpitatelev/wallets-service</source>
  </sources>
  <packages>
    <package name="github.com/romanpitatelev/wallets-service/cmd/user-generator" line-rate="0" branch-rate="0" complexity="0">
      <classes>
        <class name="-" filename="cmd/user-generator/main.go" line-rate="0" branch-rate="0" complexity="0">
          <methods>
            <method name="main" signature="" line-rate="0" branch-rate="0" complexity="0">
              <lines>
                <line number="39" hits="0"></line>
                <line number="40" hits="0"></line>
                <line number="41" hits="0"></line>
                <line number="42" hits="0"></line>
                <line number="43" hits="0"></line>
                <line number="44" hits="0"></line>
                <line number="45" hits="0"></line>
                <line number="47" hits="0"></line>
                <line number="48" hits="0"></line>
                <line number="49" hits="0"></line>
                <line number="50" hits="0"></line>
                <line number="53" hits="0"></line>
                <line number="54" hits="0"></line>
                <line number="55" hits="0"></line>
                <line number="56" hits="0"></line>
                <line number="57" hits="0"></line>
                <line number="58" hits="0"></line>
                <line number="60" hits="0"></line>
                <line number="61" hits="0"></line>
              </lines>
            </method>
            <method name="generateUsers" signature="" line-rate="0" branch-rate="0" complexity="0">
              <lines>
                <line number="65" hits="0"></line>
                <line number="66" hits="0"></line>
                <line number="67" hits="0"></line>
                <line number="68" hits="0"></line>
                <line number="69" hits="0"></line>
                <line number="70" hits="0"></line>
                <line number="71" hits="0"></line>
                <line number="72" hits="0"></line>
                <line number="73" hits="0"></line>
                <line number="76" hits="0"></line>
              </lines>
            </method>
            <method name="generateUser" signature="" line-rate="0" branch-rate="0" complexity="0">
              <lines>
                <line number="79" hits="0"></line>
                <line number="80" hits="0"></line>
                <line number="81" hits="0"></line>
                <line number="82" hits="0"></line>
                <line number="83" hits="0"></line>
                <line number="84" hits="0"></line>
                <line number="85" hits="0"></line>
                <line number="86" hits="0"></line>
                <line number="87" hits="0"></line>
                <line number="88" hits="0"></line>
                <line number="89" hits="0"></line>
                <line number="90" hits="0"></line>
                <line number="92" hits="0"></line>
                <line number="93" hits="0"></line>
                <line number="94" hits="0"></line>
                <line number="95" hits="0"></line>
                <line number="96" hits="0"></line>
                <line number="97" hits="0"></line>
                <line number="99" hits="0"></line>
                <line number="100" hits="0"></line>
                <line number="101" hits="0"></line>
                <line number="102" hits="0"></line>
                <line number="104" hits="0"></line>
                <line number="105" hits="0"></line>
                <line number="106" hits="0"></line>
                <line number="107" hits="0"></line>
                <line number="109" hits="0"></line>
                <line number="110" hits="0"></line>
                <line number="111" hits="0"></line>
                <line number="112" hits="0"></line>
                <line number="113" hits="0"></line>
                <line number="114" hits="0"></line>
                <line number="115" hits="0"></line>
                <line number="116" hits="0"></line>
              </lines>
            </method>
            <method name="capitalizeFirstLetter" signature="" line-rate="0" branch-rate="0" complexity="0">
              <lines>
                <line number="119" hits="0"></line>
                <line number="120" hits="0"></line>
                <line number="121" hits="0"></line>
                <line number="122" hits="0"></line>
                <line number="123" hits="0"></line>
              </lines>
            </method>
            <method name="generateGender" signature="" line-rate="0" branch-rate="0" complexity="0">
              <lines>
                <line number="125" hits="0"></line>
                <line number="126" hits="0"></line>
                <line number="127" hits="0"></line>
                <line number="128" hits="0"></line>
                <line number="129" hits="0"></line>
                <line number="131" hits="0"></line>
                <line number="132" hits="0"></line>
                <line number="133" hits="0"></line>
                <line number="135" hits="0"></line>
              </lines>
            </method>
            <method name="generateAge" signature="" line-rate="0" branch-rate="0" complexity="0">
              <lines>
                <line number="138" hits="0"></line>
                <line number="139" hits="0"></line>
                <line number="140" hits="0"></line>
                <line number="141" hits="0"></line>
                <line number="142" hits="0"></line>
                <line number="143" hits="0"></line>
                <line number="144" hits="0"></line>
                <line number="146" hits="0"></line>
              </lines>
            </method>
            <method name="newKafkaProducer" signature="" line-rate="0" branch-rate="0" complexity="0">
              <lines>
                <line number="149" hits="0"></line>
                <line number="150" hits="0"></line>
                <line number="151" hits="0"></line>
                <line number="152" hits="0"></line>
                <line number="153" hits="0"></line>
                <line number="154" hits="0"></line>
                <line number="155" hits="0"></line>
                <line number="156" hits="0"></line>
                <line number="158" hits="0"></line>
              </lines>
            </method>
            <method name="sendUserToKafka" signature="" line-rate="0" branch-rate="0" complexity="0">
              <lines>
                <line number="161" hits="0"></line>
                <line number="162" hits="0"></line>
                <line number="163" hits="0"></line>
                <line number="164" hits="0"></line>
                <line number="165" hits="0"></line>
                <line number="167" hits="0"></line>
                <line number="168" hits="0"></line>
                <line number="169" hits="0"></line>
                <line number="170" hits="0"></line>
                <line number="171" hits="0"></line>
                <line number="172" hits="0"></line>
                <line number="173" hits="0"></line>
                <line number="174" hits="0"></line>
                <line number="175" hits="0"></line>
                <line number="177" hits="0"></line>
              </lines>
            </method>
            <method name="randomDeleted" signature="" line-rate="0" branch-rate="0" complexity="0">
              <lines>
                <line number="180" hits="0"></line>
                <line number="181" hits="0"></line>
                <line number="182" hits="0"></line>
                <line number="183" hits="0"></line>
                <line number="184" hits="0"></line>
                <line number="186" hits="0"></line>
                <line number="187" hits="0"></line>
                <line number="188" hits="0"></line>
                <line number="189" hits="0"></line>
                <line number="190" hits="0"></line>
                <line number="192" hits="0"></line>
              </lines>
            </method>
          </methods>
          <lines>
            <line number="39" hits="0"></line>
            <line number="40" hits="0"></line>
            <line number="41" hits="0"></line>
            <line number="42" hits="0"></line>
            <line number="43" hits="0"></line>
            <line number="44" hits="0"></line>
            <line number="45" hits="0"></line>
            <line number="47" hits="0"></line>
            <line number="48" hits="0"></line>
            <line number="49" hits="0"></line>
            <line number="50" hits="0"></line>
            <line number="53" hits="0"></line>
            <line number="54" hits="0"></line>
            <line number="55" hits="0"></line>
            <line number="56" hits="0"></line>
            <line number="57" hits="0"></line>
            <line number="58" hits="0"></line>
            <line number="60" hits="0"></line>
            <line number="61" hits="0"></line>
            <line number="65" hits="0"></line>
            <line number="66" hits="0"></line>
            <line number="67" hits="0"></line>
            <line number="68" hits="0"></line>
            <line number="69" hits="0"></line>
            <line number="70" hits="0"></line>
            <line number="71" hits="0"></line>
            <line number="72" hits="0"></line>
            <line number="73" hits="0"></line>
            <line number="76" hits="0"></line>
            <line number="79" hits="0"></line>
            <line number="80" hits="0"></line>
            <line number="81" hits="0"></line>
            <line number="82" hits="0"></line>
            <line number="83" hits="0"></line>
            <line number="84" hits="0"></line>
            <line number="85" hits="0"></line>
            <line number="86" hits="0"></line>
            <line number="87" hits="0"></line>
            <line number="88" hits="0"></line>
            <line number="89" hits="0"></line>
            <line number="90" hits="0"></line>
            <line number="92" hits="0"></line>
            <line number="93" hits="0"></line>
            <line number="94" hits="0"></line>
            <line number="95" hits="0"></line>
            <line number="96" hits="0"></line>
            <line number="97" hits="0"></line>
            <line number="99" hits="0"></line>
            <line number="100" hits="0"></line>
            <line number="101" hits="0"></line>
            <line number="102" hits="0"></line>
            <line number="104" hits="0"></line>
            <line number="105" hits="0"></line>
            <line number="106" hits="0"></line>
            <line number="107" hits="0"></line>
            <line number="109" hits="0"></line>
            <line number="110" hits="0"></line>
            <line number="111" hits="0"></line>
            <line number="112" hits="0"></line>
            <line number="113" hits="0"></line>
            <line number="114" hits="0"></line>
            <line number="115" hits="0"></line>
            <line number="116" hits="0"></line>
            <line number="119" hits="0"></line>
            <line number="120" hits="0"></line>
            <line number="121" hits="0"></line>
            <line number="122" hits="0"></line>
            <line number="123" hits="0"></line>
            <line number="125" hits="0"></line>
            <line number="126" hits="0"></line>
            <line number="127" hits="0"></line>
            <line number="128" hits="0"></line>
            <line number="129" hits="0"></line>
            <line number="131" hits="0"></line>
            <line number="132" hits="0"></line>
            <line number="133" hits="0"></line>
            <line number="135" hits="0"></line>
            <line number="138" hits="0"></line>
            <line number="139" hits="0"></line>
            <line number="140" hits="0"></line>
            <line number="141" hits="0"></line>
            <line number="142" hits="0"></line>
            <line number="143" hits="0"></line>
            <line number="144" hits="0"></line>
            <line number="146" hits="0"></line>
            <line number="149" hits="0"></line>
            <line number="150" hits="0"></line>
            <line number="151" hits="0"></line>
            <line number="152" hits="0"></line>
            <line number="153" hits="0"></line>
            <line number="154" hits="0"></line>
            <line number="155" hits="0"></line>
            <line number="156" hits="0"></line>
            <line number="158" hits="0"></line>
            <line number="161" hits="0"></line>
            <line number="162" hits="0"></line>
            <line number="163" hits="0"></line>
            <line number="164" hits="0"></line>
            <line number="165" hits="0"></line>
            <line number="167" hits="0"></line>
            <line number="168" hits="0"></line>
            <line number="169" hits="0"></line>
            <line number="170" hits="0"></line>
            <line number="171" hits="0"></line>
            <line number="172" hits="0"></line>
            <line number="173" hits="0"></line>
            <line number="174" hits="0"></line>
            <line number="175" hits="0"></line>
            <line number="177" hits="0"></line>
            <line number="180" hits="0"></line>
            <line number="181" hits="0"></line>
            <line number="182" hits="0"></line>
            <line number="183" hits="0"></line>
            <line number="184" hits="0"></line>
            <line number="186" hits="0"></line>
            <line number="187" hits="0"></line>
            <line number="188" hits="0"></line>
            <line number="189" hits="0"></line>
            <line number="190" hits="0"></line>
            <line number="192" hits="0"></line>
          </lines>
        </class>
      </classes>
    </package>
    <package name="github.com/romanpitatelev/wallets-service/cmd/wallets-service" line-rate="0" branch-rate="0" complexity="0">
      <classes>
        <class name="-" filename="cmd/wallets-service/main.go" line-rate="0" branch-rate="0" complexity="0">
          <methods>
            <method name="main" signature="" line-rate="0" branch-rate="0" complexity="0">
              <lines>
                <line number="21" hits="0"></line>
                <line number="22" hits="0"></line>
                <line number="23" hits="0"></line>
                <line number="24" hits="0"></line>
                <line number="25" hits="0"></line>
                <line number="26" hits="0"></line>
                <line number="27" hits="0"></line>
                <line number="28" hits="0"></line>
                <line number="29" hits="0"></line>
                <line number="30" hits="0"></line>
                <line number="32" hits="0"></line>
                <line number="33" hits="0"></line>
                <line number="34" hits="0"></line>
                <line number="36" hits="0"></line>
                <line number="37" hits="0"></line>
                <line number="38" hits="0"></line>
                <line number="39" hits="0"></line>
                <line number="40" hits="0"></line>
                <line number="41" hits="0"></line>
                <line number="43" hits="0"></line>
                <line number="44" hits="0"></line>
                <line number="45" hits="0"></line>
                <line number="46" hits="0"></line>
                <line number="49" hits="0"></line>
                <line number="50" hits="0"></line>
                <line number="51" hits="0"></line>
                <line number="52" hits="0"></line>
                <line number="53" hits="0"></line>
                <line number="54" hits="0"></line>
                <line number="55" hits="0"></line>
                <line number="56" hits="0"></line>
                <line number="57" hits="0"></line>
                <line number="58" hits="0"></line>
                <line number="59" hits="0"></line>
                <line number="60" hits="0"></line>
                <line number="61" hits="0"></line>
                <line number="62" hits="0"></line>
                <line number="63" hits="0"></line>
                <line number="64" hits="0"></line>
                <line number="65" hits="0"></line>
                <line number="66" hits="0"></line>
                <line number="67" hits="0"></line>
                <line number="68" hits="0"></line>
                <line number="69" hits="0"></line>
                <line number="71" hits="0"></line>
                <line number="74" hits="0"></line>
                <line number="75" hits="0"></line>
                <line number="76" hits="0"></line>
                <line number="77" hits="0"></line>
                <line number="79" hits="0"></line>
                <line number="82" hits="0"></line>
                <line number="83" hits="0"></line>
                <line number="84" hits="0"></line>
                <line number="85" hits="0"></line>
                <line number="87" hits="0"></line>
                <line number="90" hits="0"></line>
                <line number="91" hits="0"></line>
                <line number="92" hits="0"></line>
              </lines>
            </method>
          </methods>
          <lines>
            <line number="21" hits="0"></line>
            <line number="22" hits="0"></line>
            <line number="23" hits="0"></line>
            <line number="24" hits="0"></line>
            <line number="25" hits="0"></line>
            <line number="26" hits="0"></line>
            <line number="27" hits="0"></line>
            <line number="28" hits="0"></line>
            <line number="29" hits="0"></line>
            <line number="30" hits="0"></line>
            <line number="32" hits="0"></line>
            <line number="33" hits="0"></line>
            <line number="34" hits="0"></line>
            <line number="36" hits="0"></line>
            <line number="37" hits="0"></line>
            <line number="38" hits="0"></line>
            <line number="39" hits="0"></line>
            <line number="40" hits="0"></line>
            <line number="41" hits="0"></line>
            <line number="43" hits="0"></line>
            <line number="44" hits="0"></line>
            <line number="45" hits="0"></line>
            <line number="46" hits="0"></line>
            <line number="49" hits="0"></line>
            <line number="50" hits="0"></line>
            <line number="51" hits="0"></line>
            <line number="52" hits="0"></line>
            <line number="53" hits="0"></line>
            <line number="54" hits="0"></line>
            <line number="55" hits="0"></line>
            <line number="56" hits="0"></line>
            <line number="57" hits="0"></line>
            <line number="58" hits="0"></line>
            <line number="59" hits="0"></line>
            <line number="60" hits="0"></line>
            <line number="61" hits="0"></line>
            <line number="62" hits="0"></line>
            <line number="63" hits="0"></line>
            <line number="64" hits="0"></line>
            <line number="65" hits="0"></line>
            <line number="66" hits="0"></line>
            <line number="67" hits="0"></line>
            <line number="68" hits="0"></line>
            <line number="69" hits="0"></line>
            <line number="71" hits="0"></line>
            <line number="74" hits="0"></line>
            <line number="75" hits="0"></line>
            <line number="76" hits="0"></line>
            <line number="77" hits="0"></line>
            <line number="79" hits="0"></line>
            <line number="82" hits="0"></line>
            <line number="83" hits="0"></line>
            <line number="84" hits="0"></line>
            <line number="85" hits="0"></line>
            <line number="87" hits="0"></line>
            <line number="90" hits="0"></line>
            <line number="91" hits="0"></line>
            <line number="92" hits="0"></line>
          </lines>
        </class>
      </classes>
    </package>
    <package name="github.com/romanpitatelev/wallets-service/cmd/xr-service" line-rate="0" branch-rate="0" complexity="0">
      <classes>
        <class name="-" filename="cmd/xr-service/main.go" line-rate="0" branch-rate="0" complexity="0">
          <methods>
            <method name="main" signature="" line-rate="0" branch-rate="0" complexity="0">
              <lines>
                <line number="14" hits="0"></line>
                <line number="15" hits="0"></line>
                <line number="16" hits="0"></line>
                <line number="17" hits="0"></line>
                <line number="18" hits="0"></line>
                <line number="19" hits="0"></line>
                <line number="20" hits="0"></line>
                <line number="21" hits="0"></line>
                <line number="22" hits="0"></line>
              </lines>
            </method>
          </methods>
          <lines>
            <line number="14" hits="0"></line>
            <line number="15" hits="0"></line>
            <line number="16" hits="0"></line>
            <line number="17" hits="0"></line>
            <line number="18" hits="0"></line>
            <line number="19" hits="0"></line>
            <line number="20" hits="0"></line>
            <line number="21" hits="0"></line>
            <line number="22" hits="0"></line>
          </lines>
        </class>
      </classes>
    </package>
    <package name="github.com/romanpitatelev/wallets-service/configs" line-rate="0" branch-rate="0" complexity="0">
      <classes>
        <class name="-" filename="configs/config.go" line-rate="0" branch-rate="0" complexity="0">
          <methods>
            <method name="findConfigFile" signature="" line-rate="0" branch-rate="0" complexity="0">
              <lines>
                <line number="30" hits="0"></line>
                <line number="31" hits="0"></line>
                <line number="32" hits="0"></line>
                <line number="33" hits="0"></line>
                <line number="34" hits="0"></line>
              </lines>
            </method>
            <method name="New" signature="" line-rate="0" branch-rate="0" complexity="0">
              <lines>
                <line number="47" hits="0"></line>
                <line number="48" hits="0"></line>
                <line number="49" hits="0"></line>
                <line number="50" hits="0"></line>
                <line number="51" hits="0"></line>
                <line number="52" hits="0"></line>
                <line number="53" hits="0"></line>
                <line number="55" hits="0"></line>
                <line number="56" hits="0"></line>
                <line number="57" hits="0"></line>
                <line number="58" hits="0"></line>
                <line number="59" hits="0"></line>
                <line number="60" hits="0"></line>
                <line number="61" hits="0"></line>
                <line number="62" hits="0"></line>
                <line number="63" hits="0"></line>
                <line number="65" hits="0"></line>
              </lines>
            </method>
          </methods>
          <lines>
            <line number="30" hits="0"></line>
            <line number="31" hits="0"></line>
            <line number="32" hits="0"></line>
            <line number="33" hits="0"></line>
            <line number="34" hits="0"></line>
            <line number="47" hits="0"></line>
            <line number="48" hits="0"></line>
            <line number="49" hits="0"></line>
            <line number="50" hits="0"></line>
            <line number="51" hits="0"></line>
            <line number="52" hits="0"></line>
            <line number="53" hits="0"></line>
            <line number="55" hits="0"></line>
            <line number="56" hits="0"></line>
            <line number="57" hits="0"></line>
            <line number="58" hits="0"></line>
            <line number="59" hits="0"></line>
            <line number="60" hits="0"></line>
            <line number="61" hits="0"></line>
            <line number="62" hits="0"></line>
            <line number="63" hits="0"></line>
            <line number="65" hits="0"></line>
          </lines>
        </class>
        <class name="EnvSetting" filename="configs/config.go" line-rate="0" branch-rate="0" complexity="0">
          <methods>
            <method name="GetHelpString" signature="" line-rate="0" branch-rate="0" complexity="0">
              <lines>
                <line number="36" hits="0"></line>
                <line number="37" hits="0"></line>
                <line number="38" hits="0"></line>
                <line number="39" hits="0"></line>
                <line number="40" hits="0"></line>
                <line number="41" hits="0"></line>
                <line number="42" hits="0"></line>
                <line number="44" hits="0"></line>
              </lines>
            </method>
          </methods>
          <lines>
            <line number="36" hits="0"></line>
            <line number="37" hits="0"></line>
            <line number="38" hits="0"></line>
            <line number="39" hits="0"></line>
            <line number="40" hits="0"></line>
            <line number="41" hits="0"></line>
            <line number="42" hits="0"></line>
            <line number="44" hits="0"></line>
          </lines>
        </class>
        <class name="Config" filename="configs/config.go" line-rate="0" branch-rate="0" complexity="0">
          <methods>
            <method name="PrintDebug" signature="" line-rate="0" branch-rate="0" complexity="0">
              <lines>
                <line number="68" hits="0"></line>
                <line number="69" hits="0"></line>
                <line number="70" hits="0"></line>
                <line number="71" hits="0"></line>
                <line number="72" hits="0"></line>
                <line number="73" hits="0"></line>
                <line number="74" hits="0"></line>
                <line number="75" hits="0"></line>
                <line number="76" hits="0"></line>
                <line number="77" hits="0"></line>
                <line number="78" hits="0"></line>
                <line number="79" hits="0"></line>
                <line number="80" hits="0"></line>
                <line number="81" hits="0"></line>
                <line number="84" hits="0"></line>
              </lines>
            </method>
            <method name="GetAppPort" signature="" line-rate="0" branch-rate="0" complexity="0">
              <lines>
                <line number="88" hits="0"></line>
                <line number="89" hits="0"></line>
                <line number="90" hits="0"></line>
              </lines>
            </method>
            <method name="GetKafkaPort" signature="" line-rate="0" branch-rate="0" complexity="0">
              <lines>
                <line number="92" hits="0"></line>
                <line number="93" hits="0"></line>
                <line number="94" hits="0"></line>
              </lines>
            </method>
            <method name="GetPostgresDSN" signature="" line-rate="0" branch-rate="0" complexity="0">
              <lines>
                <line number="96" hits="0"></line>
                <line number="97" hits="0"></line>
                <line number="98" hits="0"></line>
              </lines>
            </method>
            <method name="GetStaleWalletDuration" signature="" line-rate="0" branch-rate="0" complexity="0">
              <lines>
                <line number="100" hits="0"></line>
                <line number="101" hits="0"></line>
                <line number="102" hits="0"></line>
              </lines>
            </method>
            <method name="GetPerformCheckPeriod" signature="" line-rate="0" branch-rate="0" complexity="0">
              <lines>
                <line number="104" hits="0"></line>
                <line number="105" hits="0"></line>
                <line number="106" hits="0"></line>
              </lines>
            </method>
            <method name="GetXRServerAddress" signature="" line-rate="0" branch-rate="0" complexity="0">
              <lines>
                <line number="108" hits="0"></line>
                <line number="109" hits="0"></line>
                <line number="110" hits="0"></line>
              </lines>
            </method>
          </methods>
          <lines>
            <line number="68" hits="0"></line>
            <line number="69" hits="0"></line>
            <line number="70" hits="0"></line>
            <line number="71" hits="0"></line>
            <line number="72" hits="0"></line>
            <line number="73" hits="0"></line>
            <line number="74" hits="0"></line>
            <line number="75" hits="0"></line>
            <line number="76" hits="0"></line>
            <line number="77" hits="0"></line>
            <line number="78" hits="0"></line>
            <line number="79" hits="0"></line>
            <line number="80" hits="0"></line>
            <line number="81" hits="0"></line>
            <line number="84" hits="0"></line>
            <line number="88" hits="0"></line>
            <line number="89" hits="0"></line>
            <line number="90" hits="0"></line>
            <line number="92" hits="0"></line>
            <line number="93" hits="0"></line>
            <line number="94" hits="0"></line>
            <line number="96" hits="0"></line>
            <line number="97" hits="0"></line>
            <line number="98" hits="0"></line>
            <line number="100" hits="0"></line>
            <line number="101" hits="0"></line>
            <line number="102" hits="0"></line>
            <line number="104" hits="0"></line>
            <line number="105" hits="0"></line>
            <line number="106" hits="0"></line>
            <line number="108" hits="0"></line>
            <line number="109" hits="0"></line>
            <line number="110" hits="0"></line>
          </lines>
        </class>
      </classes>
    </package>
    <package name="github.com/romanpitatelev/wallets-service/internal/consumer" line-rate="0" branch-rate="0" complexity="0">
      <classes>
        <class name="-" filename="internal/consumer/consumer.go" line-rate="0" branch-rate="0" complexity="0">
          <methods>
            <method name="New" signature="" line-rate="0" branch-rate="0" complexity="0">
              <lines>
                <line number="30" hits="0"></line>
                <line number="31" hits="0"></line>
                <line number="32" hits="0"></line>
                <line number="33" hits="0"></line>
                <line number="34" hits="0"></line>
                <line number="36" hits="0"></line>
                <line number="37" hits="0"></line>
                <line number="38" hits="0"></line>
                <line number="39" hits="0"></line>
              </lines>
            </method>
          </methods>
          <lines>
            <line number="30" hits="0"></line>
            <line number="31" hits="0"></line>
            <line number="32" hits="0"></line>
            <line number="33" hits="0"></line>
            <line number="34" hits="0"></line>
            <line number="36" hits="0"></line>
            <line number="37" hits="0"></line>
            <line number="38" hits="0"></line>
            <line number="39" hits="0"></line>
          </lines>
        </class>
        <class name="Consumer" filename="internal/consumer/consumer.go" line-rate="0" branch-rate="0" complexity="0">
          <methods>
            <method name="Run" signature="" line-rate="0" branch-rate="0" complexity="0">
              <lines>
                <line number="42" hits="0"></line>
                <line number="43" hits="0"></line>
                <line number="44" hits="0"></line>
                <line number="45" hits="0"></line>
                <line number="46" hits="0"></line>
                <line number="48" hits="0"></line>
                <line number="49" hits="0"></line>
                <line number="50" hits="0"></line>
                <line number="51" hits="0"></line>
                <line number="54" hits="0"></line>
                <line number="55" hits="0"></line>
                <line number="56" hits="0"></line>
                <line number="57" hits="0"></line>
                <line number="58" hits="0"></line>
                <line number="59" hits="0"></line>
                <line number="60" hits="0"></line>
                <line number="61" hits="0"></line>
                <line number="62" hits="0"></line>
                <line number="63" hits="0"></line>
                <line number="65" hits="0"></line>
                <line number="66" hits="0"></line>
                <line number="67" hits="0"></line>
                <line number="68" hits="0"></line>
                <line number="69" hits="0"></line>
                <line number="70" hits="0"></line>
                <line number="71" hits="0"></line>
                <line number="72" hits="0"></line>
                <line number="73" hits="0"></line>
              </lines>
            </method>
            <method name="Close" signature="" line-rate="0" branch-rate="0" complexity="0">
              <lines>
                <line number="78" hits="0"></line>
                <line number="79" hits="0"></line>
                <line number="80" hits="0"></line>
                <line number="81" hits="0"></line>
                <line number="83" hits="0"></line>
              </lines>
            </method>
          </methods>
          <lines>
            <line number="42" hits="0"></line>
            <line number="43" hits="0"></line>
            <line number="44" hits="0"></line>
            <line number="45" hits="0"></line>
            <line number="46" hits="0"></line>
            <line number="48" hits="0"></line>
            <line number="49" hits="0"></line>
            <line number="50" hits="0"></line>
            <line number="51" hits="0"></line>
            <line number="54" hits="0"></line>
            <line number="55" hits="0"></line>
            <line number="56" hits="0"></line>
            <line number="57" hits="0"></line>
            <line number="58" hits="0"></line>
            <line number="59" hits="0"></line>
            <line number="60" hits="0"></line>
            <line number="61" hits="0"></line>
            <line number="62" hits="0"></line>
            <line number="63" hits="0"></line>
            <line number="65" hits="0"></line>
            <line number="66" hits="0"></line>
            <line number="67" hits="0"></line>
            <line number="68" hits="0"></line>
            <line number="69" hits="0"></line>
            <line number="70" hits="0"></line>
            <line number="71" hits="0"></line>
            <line number="72" hits="0"></line>
            <line number="73" hits="0"></line>
            <line number="78" hits="0"></line>
            <line number="79" hits="0"></line>
            <line number="80" hits="0"></line>
            <line number="81" hits="0"></line>
            <line number="83" hits="0"></line>
          </lines>
        </class>
      </classes>
    </package>
    <package name="github.com/romanpitatelev/wallets-service/internal/rest" line-rate="0.5540541" branch-rate="0" complexity="0">
      <classes>
        <class name="Server" filename="internal/rest/handlers.go" line-rate="0.44444445" branch-rate="0" complexity="0">
          <methods>
            <method name="CreateWallet" signature="" line-rate="0.2580645" branch-rate="0" complexity="0">
              <lines>
                <line number="19" hits="10"></line>
                <line number="20" hits="10"></line>
                <line number="21" hits="10"></line>
                <line number="22" hits="0"></line>
                <line number="23" hits="0"></line>
                <line number="24" hits="0"></line>
                <line number="25" hits="0"></line>
                <line number="26" hits="0"></line>
                <line number="27" hits="0"></line>
                <line number="29" hits="10"></line>
                <line number="30" hits="0"></line>
                <line number="31" hits="0"></line>
                <line number="32" hits="0"></line>
                <line number="33" hits="0"></line>
                <line number="34" hits="0"></line>
                <line number="35" hits="0"></line>
                <line number="37" hits="10"></line>
                <line number="38" hits="0"></line>
                <line number="39" hits="0"></line>
                <line number="40" hits="0"></line>
                <line number="41" hits="0"></line>
                <line number="42" hits="0"></line>
                <line number="43" hits="0"></line>
                <line number="45" hits="10"></line>
                <line number="46" hits="10"></line>
                <line number="47" hits="10"></line>
                <line number="48" hits="0"></line>
                <line number="49" hits="0"></line>
                <line number="50" hits="0"></line>
                <line number="51" hits="0"></line>
                <line number="52" hits="0"></line>
              </lines>
            </method>
            <method name="GetWallet" signature="" line-rate="0.5" branch-rate="0" complexity="0">
              <lines>
                <line number="55" hits="4"></line>
                <line number="56" hits="4"></line>
                <line number="57" hits="4"></line>
                <line number="58" hits="4"></line>
                <line number="59" hits="0"></line>
                <line number="60" hits="0"></line>
                <line number="61" hits="0"></line>
                <line number="62" hits="0"></line>
                <line number="63" hits="0"></line>
                <line number="64" hits="0"></line>
                <line number="66" hits="4"></line>
                <line number="67" hits="2"></line>
                <line number="68" hits="2"></line>
                <line number="69" hits="2"></line>
                <line number="70" hits="2"></line>
                <line number="71" hits="2"></line>
                <line number="72" hits="2"></line>
                <line number="73" hits="2"></line>
                <line number="75" hits="0"></line>
                <line number="76" hits="0"></line>
                <line number="77" hits="0"></line>
                <line number="78" hits="0"></line>
                <line number="81" hits="2"></line>
                <line number="82" hits="2"></line>
                <line number="83" hits="2"></line>
                <line number="84" hits="0"></line>
                <line number="85" hits="0"></line>
                <line number="86" hits="0"></line>
                <line number="87" hits="0"></line>
                <line number="88" hits="0"></line>
              </lines>
            </method>
            <method name="UpdateWallet" signature="" line-rate="0.38636363" branch-rate="0" complexity="0">
              <lines>
                <line number="91" hits="5"></line>
                <line number="92" hits="5"></line>
                <line number="93" hits="5"></line>
                <line number="94" hits="5"></line>
                <line number="95" hits="0"></line>
                <line number="96" hits="0"></line>
                <line number="97" hits="0"></line>
                <line number="98" hits="0"></line>
                <line number="99" hits="0"></line>
                <line number="100" hits="0"></line>
                <line number="102" hits="5"></line>
                <line number="103" hits="5"></line>
                <line number="104" hits="0"></line>
                <line number="105" hits="0"></line>
                <line number="106" hits="0"></line>
                <line number="107" hits="0"></line>
                <line number="108" hits="0"></line>
                <line number="109" hits="0"></line>
                <line number="111" hits="5"></line>
                <line number="112" hits="5"></line>
                <line number="113" hits="5"></line>
                <line number="114" hits="0"></line>
                <line number="115" hits="0"></line>
                <line number="116" hits="0"></line>
                <line number="117" hits="0"></line>
                <line number="118" hits="0"></line>
                <line number="119" hits="1"></line>
                <line number="120" hits="1"></line>
                <line number="121" hits="1"></line>
                <line number="122" hits="1"></line>
                <line number="123" hits="1"></line>
                <line number="124" hits="0"></line>
                <line number="125" hits="0"></line>
                <line number="126" hits="0"></line>
                <line number="127" hits="0"></line>
                <line number="128" hits="0"></line>
                <line number="131" hits="4"></line>
                <line number="132" hits="4"></line>
                <line number="133" hits="4"></line>
                <line number="134" hits="0"></line>
                <line number="135" hits="0"></line>
                <line number="136" hits="0"></line>
                <line number="137" hits="0"></line>
                <line number="138" hits="0"></line>
              </lines>
            </method>
            <method name="DeleteWallet" signature="" line-rate="0.6333333" branch-rate="0" complexity="0">
              <lines>
                <line number="141" hits="3"></line>
                <line number="142" hits="3"></line>
                <line number="143" hits="3"></line>
                <line number="144" hits="3"></line>
                <line number="145" hits="0"></line>
                <line number="146" hits="0"></line>
                <line number="147" hits="0"></line>
                <line number="148" hits="0"></line>
                <line number="149" hits="0"></line>
                <line number="150" hits="0"></line>
                <line number="152" hits="3"></line>
                <line number="153" hits="3"></line>
                <line number="154" hits="3"></line>
                <line number="155" hits="1"></line>
                <line number="156" hits="1"></line>
                <line number="157" hits="1"></line>
                <line number="158" hits="1"></line>
                <line number="159" hits="1"></line>
                <line number="160" hits="1"></line>
                <line number="161" hits="1"></line>
                <line number="162" hits="1"></line>
                <line number="163" hits="1"></line>
                <line number="164" hits="1"></line>
                <line number="165" hits="0"></line>
                <line number="166" hits="0"></line>
                <line number="167" hits="0"></line>
                <line number="168" hits="0"></line>
                <line number="169" hits="0"></line>
                <line number="172" hits="1"></line>
                <line number="173" hits="1"></line>
              </lines>
            </method>
            <method name="GetWallets" signature="" line-rate="0.42105263" branch-rate="0" complexity="0">
              <lines>
                <line number="176" hits="5"></line>
                <line number="177" hits="5"></line>
                <line number="178" hits="5"></line>
                <line number="179" hits="5"></line>
                <line number="180" hits="5"></line>
                <line number="181" hits="0"></line>
                <line number="182" hits="0"></line>
                <line number="183" hits="0"></line>
                <line number="184" hits="0"></line>
                <line number="185" hits="0"></line>
                <line number="186" hits="0"></line>
                <line number="188" hits="5"></line>
                <line number="189" hits="5"></line>
                <line number="190" hits="5"></line>
                <line number="191" hits="0"></line>
                <line number="192" hits="0"></line>
                <line number="193" hits="0"></line>
                <line number="194" hits="0"></line>
                <line number="195" hits="0"></line>
              </lines>
            </method>
            <method name="ValidateWallet" signature="" line-rate="0.625" branch-rate="0" complexity="0">
              <lines>
                <line number="233" hits="10"></line>
                <line number="234" hits="0"></line>
                <line number="235" hits="0"></line>
                <line number="236" hits="0"></line>
                <line number="238" hits="10"></line>
                <line number="239" hits="10"></line>
                <line number="240" hits="10"></line>
                <line number="241" hits="10"></line>
              </lines>
            </method>
          </methods>
          <lines>
            <line number="19" hits="10"></line>
            <line number="20" hits="10"></line>
            <line number="21" hits="10"></line>
            <line number="22" hits="0"></line>
            <line number="23" hits="0"></line>
            <line number="24" hits="0"></line>
            <line number="25" hits="0"></line>
            <line number="26" hits="0"></line>
            <line number="27" hits="0"></line>
            <line number="29" hits="10"></line>
            <line number="30" hits="0"></line>
            <line number="31" hits="0"></line>
            <line number="32" hits="0"></line>
            <line number="33" hits="0"></line>
            <line number="34" hits="0"></line>
            <line number="35" hits="0"></line>
            <line number="37" hits="10"></line>
            <line number="38" hits="0"></line>
            <line number="39" hits="0"></line>
            <line number="40" hits="0"></line>
            <line number="41" hits="0"></line>
            <line number="42" hits="0"></line>
            <line number="43" hits="0"></line>
            <line number="45" hits="10"></line>
            <line number="46" hits="10"></line>
            <line number="47" hits="10"></line>
            <line number="48" hits="0"></line>
            <line number="49" hits="0"></line>
            <line number="50" hits="0"></line>
            <line number="51" hits="0"></line>
            <line number="52" hits="0"></line>
            <line number="55" hits="4"></line>
            <line number="56" hits="4"></line>
            <line number="57" hits="4"></line>
            <line number="58" hits="4"></line>
            <line number="59" hits="0"></line>
            <line number="60" hits="0"></line>
            <line number="61" hits="0"></line>
            <line number="62" hits="0"></line>
            <line number="63" hits="0"></line>
            <line number="64" hits="0"></line>
            <line number="66" hits="4"></line>
            <line number="67" hits="2"></line>
            <line number="68" hits="2"></line>
            <line number="69" hits="2"></line>
            <line number="70" hits="2"></line>
            <line number="71" hits="2"></line>
            <line number="72" hits="2"></line>
            <line number="73" hits="2"></line>
            <line number="75" hits="0"></line>
            <line number="76" hits="0"></line>
            <line number="77" hits="0"></line>
            <line number="78" hits="0"></line>
            <line number="81" hits="2"></line>
            <line number="82" hits="2"></line>
            <line number="83" hits="2"></line>
            <line number="84" hits="0"></line>
            <line number="85" hits="0"></line>
            <line number="86" hits="0"></line>
            <line number="87" hits="0"></line>
            <line number="88" hits="0"></line>
            <line number="91" hits="5"></line>
            <line number="92" hits="5"></line>
            <line number="93" hits="5"></line>
            <line number="94" hits="5"></line>
            <line number="95" hits="0"></line>
            <line number="96" hits="0"></line>
            <line number="97" hits="0"></line>
            <line number="98" hits="0"></line>
            <line number="99" hits="0"></line>
            <line number="100" hits="0"></line>
            <line number="102" hits="5"></line>
            <line number="103" hits="5"></line>
            <line number="104" hits="0"></line>
            <line number="105" hits="0"></line>
            <line number="106" hits="0"></line>
            <line number="107" hits="0"></line>
            <line number="108" hits="0"></line>
            <line number="109" hits="0"></line>
            <line number="111" hits="5"></line>
            <line number="112" hits="5"></line>
            <line number="113" hits="5"></line>
            <line number="114" hits="0"></line>
            <line number="115" hits="0"></line>
            <line number="116" hits="0"></line>
            <line number="117" hits="0"></line>
            <line number="118" hits="0"></line>
            <line number="119" hits="1"></line>
            <line number="120" hits="1"></line>
            <line number="121" hits="1"></line>
            <line number="122" hits="1"></line>
            <line number="123" hits="1"></line>
            <line number="124" hits="0"></line>
            <line number="125" hits="0"></line>
            <line number="126" hits="0"></line>
            <line number="127" hits="0"></line>
            <line number="128" hits="0"></line>
            <line number="131" hits="4"></line>
            <line number="132" hits="4"></line>
            <line number="133" hits="4"></line>
            <line number="134" hits="0"></line>
            <line number="135" hits="0"></line>
            <line number="136" hits="0"></line>
            <line number="137" hits="0"></line>
            <line number="138" hits="0"></line>
            <line number="141" hits="3"></line>
            <line number="142" hits="3"></line>
            <line number="143" hits="3"></line>
            <line number="144" hits="3"></line>
            <line number="145" hits="0"></line>
            <line number="146" hits="0"></line>
            <line number="147" hits="0"></line>
            <line number="148" hits="0"></line>
            <line number="149" hits="0"></line>
            <line number="150" hits="0"></line>
            <line number="152" hits="3"></line>
            <line number="153" hits="3"></line>
            <line number="154" hits="3"></line>
            <line number="155" hits="1"></line>
            <line number="156" hits="1"></line>
            <line number="157" hits="1"></line>
            <line number="158" hits="1"></line>
            <line number="159" hits="1"></line>
            <line number="160" hits="1"></line>
            <line number="161" hits="1"></line>
            <line number="162" hits="1"></line>
            <line number="163" hits="1"></line>
            <line number="164" hits="1"></line>
            <line number="165" hits="0"></line>
            <line number="166" hits="0"></line>
            <line number="167" hits="0"></line>
            <line number="168" hits="0"></line>
            <line number="169" hits="0"></line>
            <line number="172" hits="1"></line>
            <line number="173" hits="1"></line>
            <line number="176" hits="5"></line>
            <line number="177" hits="5"></line>
            <line number="178" hits="5"></line>
            <line number="179" hits="5"></line>
            <line number="180" hits="5"></line>
            <line number="181" hits="0"></line>
            <line number="182" hits="0"></line>
            <line number="183" hits="0"></line>
            <line number="184" hits="0"></line>
            <line number="185" hits="0"></line>
            <line number="186" hits="0"></line>
            <line number="188" hits="5"></line>
            <line number="189" hits="5"></line>
            <line number="190" hits="5"></line>
            <line number="191" hits="0"></line>
            <line number="192" hits="0"></line>
            <line number="193" hits="0"></line>
            <line number="194" hits="0"></line>
            <line number="195" hits="0"></line>
            <line number="233" hits="10"></line>
            <line number="234" hits="0"></line>
            <line number="235" hits="0"></line>
            <line number="236" hits="0"></line>
            <line number="238" hits="10"></line>
            <line number="239" hits="10"></line>
            <line number="240" hits="10"></line>
            <line number="241" hits="10"></line>
          </lines>
        </class>
        <class name="-" filename="internal/rest/handlers.go" line-rate="0.8965517" branch-rate="0" complexity="0">
          <methods>
            <method name="ParseGetRequest" signature="" line-rate="0.8965517" branch-rate="0" complexity="0">
              <lines>
                <line number="198" hits="5"></line>
                <line number="199" hits="5"></line>
                <line number="200" hits="5"></line>
                <line number="201" hits="5"></line>
                <line number="202" hits="5"></line>
                <line number="203" hits="5"></line>
                <line number="204" hits="5"></line>
                <line number="205" hits="5"></line>
                <line number="206" hits="5"></line>
                <line number="207" hits="5"></line>
                <line number="208" hits="5"></line>
                <line number="209" hits="5"></line>
                <line number="210" hits="5"></line>
                <line number="211" hits="1"></line>
                <line number="212" hits="1"></line>
                <line number="213" hits="1"></line>
                <line number="215" hits="4"></line>
                <line number="216" hits="0"></line>
                <line number="217" hits="0"></line>
                <line number="218" hits="0"></line>
                <line number="220" hits="4"></line>
                <line number="221" hits="1"></line>
                <line number="222" hits="1"></line>
                <line number="223" hits="1"></line>
                <line number="225" hits="3"></line>
                <line number="226" hits="3"></line>
                <line number="227" hits="3"></line>
                <line number="228" hits="3"></line>
                <line number="230" hits="5"></line>
              </lines>
            </method>
          </methods>
          <lines>
            <line number="198" hits="5"></line>
            <line number="199" hits="5"></line>
            <line number="200" hits="5"></line>
            <line number="201" hits="5"></line>
            <line number="202" hits="5"></line>
            <line number="203" hits="5"></line>
            <line number="204" hits="5"></line>
            <line number="205" hits="5"></line>
            <line number="206" hits="5"></line>
            <line number="207" hits="5"></line>
            <line number="208" hits="5"></line>
            <line number="209" hits="5"></line>
            <line number="210" hits="5"></line>
            <line number="211" hits="1"></line>
            <line number="212" hits="1"></line>
            <line number="213" hits="1"></line>
            <line number="215" hits="4"></line>
            <line number="216" hits="0"></line>
            <line number="217" hits="0"></line>
            <line number="218" hits="0"></line>
            <line number="220" hits="4"></line>
            <line number="221" hits="1"></line>
            <line number="222" hits="1"></line>
            <line number="223" hits="1"></line>
            <line number="225" hits="3"></line>
            <line number="226" hits="3"></line>
            <line number="227" hits="3"></line>
            <line number="228" hits="3"></line>
            <line number="230" hits="5"></line>
          </lines>
        </class>
        <class name="-" filename="internal/rest/server.go" line-rate="1" branch-rate="0" complexity="0">
          <methods>
            <method name="New" signature="" line-rate="1" branch-rate="0" complexity="0">
              <lines>
                <line number="36" hits="1"></line>
                <line number="37" hits="1"></line>
                <line number="38" hits="1"></line>
                <line number="39" hits="1"></line>
                <line number="40" hits="1"></line>
                <line number="41" hits="1"></line>
                <line number="42" hits="1"></line>
                <line number="43" hits="1"></line>
                <line number="44" hits="1"></line>
                <line number="45" hits="1"></line>
                <line number="46" hits="1"></line>
                <line number="47" hits="1"></line>
                <line number="48" hits="1"></line>
                <line number="49" hits="1"></line>
                <line number="50" hits="1"></line>
                <line number="51" hits="1"></line>
                <line number="52" hits="1"></line>
                <line number="53" hits="1"></line>
                <line number="54" hits="1"></line>
                <line number="56" hits="1"></line>
              </lines>
            </method>
          </methods>
          <lines>
            <line number="36" hits="1"></line>
            <line number="37" hits="1"></line>
            <line number="38" hits="1"></line>
            <line number="39" hits="1"></line>
            <line number="40" hits="1"></line>
            <line number="41" hits="1"></line>
            <line number="42" hits="1"></line>
            <line number="43" hits="1"></line>
            <line number="44" hits="1"></line>
            <line number="45" hits="1"></line>
            <line number="46" hits="1"></line>
            <line number="47" hits="1"></line>
            <line number="48" hits="1"></line>
            <line number="49" hits="1"></line>
            <line number="50" hits="1"></line>
            <line number="51" hits="1"></line>
            <line number="52" hits="1"></line>
            <line number="53" hits="1"></line>
            <line number="54" hits="1"></line>
            <line number="56" hits="1"></line>
          </lines>
        </class>
        <class name="Server" filename="internal/rest/server.go" line-rate="0.45454547" branch-rate="0" complexity="0">
          <methods>
            <method name="Run" signature="" line-rate="0.45454547" branch-rate="0" complexity="0">
              <lines>
                <line number="59" hits="1"></line>
                <line number="60" hits="1"></line>
                <line number="61" hits="1"></line>
                <line number="62" hits="1"></line>
                <line number="63" hits="0"></line>
                <line number="64" hits="0"></line>
                <line number="65" hits="0"></line>
                <line number="68" hits="0"></line>
                <line number="69" hits="0"></line>
                <line number="70" hits="0"></line>
                <line number="72" hits="1"></line>
              </lines>
            </method>
          </methods>
          <lines>
            <line number="59" hits="1"></line>
            <line number="60" hits="1"></line>
            <line number="61" hits="1"></line>
            <line number="62" hits="1"></line>
            <line number="63" hits="0"></line>
            <line number="64" hits="0"></line>
            <line number="65" hits="0"></line>
            <line number="68" hits="0"></line>
            <line number="69" hits="0"></line>
            <line number="70" hits="0"></line>
            <line number="72" hits="1"></line>
          </lines>
        </class>
      </classes>
    </package>
    <package name="github.com/romanpitatelev/wallets-service/internal/service" line-rate="0.6197183" branch-rate="0" complexity="0">
      <classes>
        <class name="-" filename="internal/service/service.go" line-rate="1" branch-rate="0" complexity="0">
          <methods>
            <method name="New" signature="" line-rate="1" branch-rate="0" complexity="0">
              <lines>
                <line number="40" hits="1"></line>
                <line number="41" hits="1"></line>
                <line number="42" hits="1"></line>
                <line number="43" hits="1"></line>
                <line number="44" hits="1"></line>
                <line number="45" hits="1"></line>
                <line number="46" hits="1"></line>
              </lines>
            </method>
          </methods>
          <lines>
            <line number="40" hits="1"></line>
            <line number="41" hits="1"></line>
            <line number="42" hits="1"></line>
            <line number="43" hits="1"></line>
            <line number="44" hits="1"></line>
            <line number="45" hits="1"></line>
            <line number="46" hits="1"></line>
          </lines>
        </class>
        <class name="Service" filename="internal/service/service.go" line-rate="0.578125" branch-rate="0" complexity="0">
          <methods>
            <method name="CreateWallet" signature="" line-rate="0.5714286" branch-rate="0" complexity="0">
              <lines>
                <line number="48" hits="10"></line>
                <line number="49" hits="10"></line>
                <line number="50" hits="10"></line>
                <line number="51" hits="10"></line>
                <line number="52" hits="0"></line>
                <line number="53" hits="0"></line>
                <line number="54" hits="0"></line>
                <line number="56" hits="10"></line>
                <line number="57" hits="0"></line>
                <line number="58" hits="0"></line>
                <line number="59" hits="0"></line>
                <line number="60" hits="10"></line>
                <line number="61" hits="10"></line>
                <line number="63" hits="10"></line>
              </lines>
            </method>
            <method name="GetWallet" signature="" line-rate="1" branch-rate="0" complexity="0">
              <lines>
                <line number="66" hits="4"></line>
                <line number="67" hits="4"></line>
                <line number="68" hits="2"></line>
                <line number="69" hits="2"></line>
                <line number="70" hits="2"></line>
                <line number="72" hits="2"></line>
              </lines>
            </method>
            <method name="UpdateWallet" signature="" line-rate="0.68421054" branch-rate="0" complexity="0">
              <lines>
                <line number="75" hits="5"></line>
                <line number="76" hits="5"></line>
                <line number="77" hits="5"></line>
                <line number="78" hits="5"></line>
                <line number="79" hits="0"></line>
                <line number="80" hits="0"></line>
                <line number="81" hits="0"></line>
                <line number="83" hits="5"></line>
                <line number="84" hits="5"></line>
                <line number="85" hits="3"></line>
                <line number="86" hits="3"></line>
                <line number="87" hits="1"></line>
                <line number="88" hits="1"></line>
                <line number="89" hits="1"></line>
                <line number="92" hits="4"></line>
                <line number="93" hits="0"></line>
                <line number="94" hits="0"></line>
                <line number="95" hits="0"></line>
                <line number="97" hits="4"></line>
              </lines>
            </method>
            <method name="DeleteWallet" signature="" line-rate="1" branch-rate="0" complexity="0">
              <lines>
                <line number="100" hits="3"></line>
                <line number="101" hits="3"></line>
                <line number="102" hits="3"></line>
                <line number="103" hits="2"></line>
                <line number="104" hits="2"></line>
                <line number="105" hits="2"></line>
                <line number="107" hits="1"></line>
              </lines>
            </method>
            <method name="GetAllWallets" signature="" line-rate="0.5" branch-rate="0" complexity="0">
              <lines>
                <line number="110" hits="5"></line>
                <line number="111" hits="5"></line>
                <line number="112" hits="0"></line>
                <line number="113" hits="0"></line>
                <line number="114" hits="0"></line>
                <line number="116" hits="5"></line>
              </lines>
            </method>
            <method name="Run" signature="" line-rate="0" branch-rate="0" complexity="0">
              <lines>
                <line number="119" hits="0"></line>
                <line number="120" hits="0"></line>
                <line number="121" hits="0"></line>
                <line number="122" hits="0"></line>
                <line number="123" hits="0"></line>
                <line number="124" hits="0"></line>
                <line number="125" hits="0"></line>
                <line number="126" hits="0"></line>
                <line number="127" hits="0"></line>
                <line number="128" hits="0"></line>
                <line number="129" hits="0"></line>
                <line number="130" hits="0"></line>
              </lines>
            </method>
          </methods>
          <lines>
            <line number="48" hits="10"></line>
            <line number="49" hits="10"></line>
            <line number="50" hits="10"></line>
            <line number="51" hits="10"></line>
            <line number="52" hits="0"></line>
            <line number="53" hits="0"></line>
            <line number="54" hits="0"></line>
            <line number="56" hits="10"></line>
            <line number="57" hits="0"></line>
            <line number="58" hits="0"></line>
            <line number="59" hits="0"></line>
            <line number="60" hits="10"></line>
            <line number="61" hits="10"></line>
            <line number="63" hits="10"></line>
            <line number="66" hits="4"></line>
            <line number="67" hits="4"></line>
            <line number="68" hits="2"></line>
            <line number="69" hits="2"></line>
            <line number="70" hits="2"></line>
            <line number="72" hits="2"></line>
            <line number="75" hits="5"></line>
            <line number="76" hits="5"></line>
            <line number="77" hits="5"></line>
            <line number="78" hits="5"></line>
            <line number="79" hits="0"></line>
            <line number="80" hits="0"></line>
            <line number="81" hits="0"></line>
            <line number="83" hits="5"></line>
            <line number="84" hits="5"></line>
            <line number="85" hits="3"></line>
            <line number="86" hits="3"></line>
            <line number="87" hits="1"></line>
            <line number="88" hits="1"></line>
            <line number="89" hits="1"></line>
            <line number="92" hits="4"></line>
            <line number="93" hits="0"></line>
            <line number="94" hits="0"></line>
            <line number="95" hits="0"></line>
            <line number="97" hits="4"></line>
            <line number="100" hits="3"></line>
            <line number="101" hits="3"></line>
            <line number="102" hits="3"></line>
            <line number="103" hits="2"></line>
            <line number="104" hits="2"></line>
            <line number="105" hits="2"></line>
            <line number="107" hits="1"></line>
            <line number="110" hits="5"></line>
            <line number="111" hits="5"></line>
            <line number="112" hits="0"></line>
            <line number="113" hits="0"></line>
            <line number="114" hits="0"></line>
            <line number="116" hits="5"></line>
            <line number="119" hits="0"></line>
            <line number="120" hits="0"></line>
            <line number="121" hits="0"></line>
            <line number="122" hits="0"></line>
            <line number="123" hits="0"></line>
            <line number="124" hits="0"></line>
            <line number="125" hits="0"></line>
            <line number="126" hits="0"></line>
            <line number="127" hits="0"></line>
            <line number="128" hits="0"></line>
            <line number="129" hits="0"></line>
            <line number="130" hits="0"></line>
          </lines>
        </class>
      </classes>
    </package>
    <package name="github.com/romanpitatelev/wallets-service/internal/store" line-rate="0.68214285" branch-rate="0" complexity="0">
      <classes>
        <class name="-" filename="internal/store/store.go" line-rate="0.5714286" branch-rate="0" complexity="0">
          <methods>
            <method name="New" signature="" line-rate="0.5714286" branch-rate="0" complexity="0">
              <lines>
                <line number="33" hits="1"></line>
                <line number="34" hits="1"></line>
                <line number="35" hits="0"></line>
                <line number="36" hits="0"></line>
                <line number="37" hits="0"></line>
                <line number="39" hits="0"></line>
                <line number="40" hits="0"></line>
                <line number="41" hits="0"></line>
                <line number="43" hits="1"></line>
                <line number="44" hits="1"></line>
                <line number="45" hits="1"></line>
                <line number="46" hits="1"></line>
                <line number="47" hits="1"></line>
                <line number="48" hits="1"></line>
              </lines>
            </method>
          </methods>
          <lines>
            <line number="33" hits="1"></line>
            <line number="34" hits="1"></line>
            <line number="35" hits="0"></line>
            <line number="36" hits="0"></line>
            <line number="37" hits="0"></line>
            <line number="39" hits="0"></line>
            <line number="40" hits="0"></line>
            <line number="41" hits="0"></line>
            <line number="43" hits="1"></line>
            <line number="44" hits="1"></line>
            <line number="45" hits="1"></line>
            <line number="46" hits="1"></line>
            <line number="47" hits="1"></line>
            <line number="48" hits="1"></line>
          </lines>
        </class>
        <class name="DataStore" filename="internal/store/store.go" line-rate="0.6879699" branch-rate="0" complexity="0">
          <methods>
            <method name="Migrate" signature="" line-rate="0.61538464" branch-rate="0" complexity="0">
              <lines>
                <line number="51" hits="1"></line>
                <line number="52" hits="1"></line>
                <line number="53" hits="0"></line>
                <line number="54" hits="0"></line>
                <line number="55" hits="0"></line>
                <line number="57" hits="1"></line>
                <line number="58" hits="1"></line>
                <line number="59" hits="0"></line>
                <line number="60" hits="0"></line>
                <line number="61" hits="0"></line>
                <line number="64" hits="1"></line>
                <line number="65" hits="0"></line>
                <line number="66" hits="0"></line>
                <line number="67" hits="0"></line>
                <line number="69" hits="1"></line>
                <line number="70" hits="1"></line>
                <line number="71" hits="1"></line>
                <line number="73" hits="1"></line>
                <line number="74" hits="1"></line>
                <line number="75" hits="1"></line>
                <line number="76" hits="0"></line>
                <line number="77" hits="0"></line>
                <line number="78" hits="0"></line>
                <line number="80" hits="1"></line>
                <line number="81" hits="1"></line>
                <line number="82" hits="1"></line>
                <line number="83" hits="1"></line>
                <line number="85" hits="1"></line>
                <line number="89" hits="1"></line>
                <line number="90" hits="1"></line>
                <line number="91" hits="1"></line>
                <line number="92" hits="1"></line>
                <line number="93" hits="1"></line>
                <line number="94" hits="1"></line>
                <line number="95" hits="1"></line>
                <line number="96" hits="0"></line>
                <line number="97" hits="0"></line>
                <line number="98" hits="0"></line>
                <line number="100" hits="1"></line>
              </lines>
            </method>
            <method name="UpsertUser" signature="" line-rate="0" branch-rate="0" complexity="0">
              <lines>
                <line number="103" hits="0"></line>
                <line number="104" hits="0"></line>
                <line number="105" hits="0"></line>
                <line number="106" hits="0"></line>
                <line number="107" hits="0"></line>
                <line number="108" hits="0"></line>
                <line number="109" hits="0"></line>
                <line number="110" hits="0"></line>
                <line number="111" hits="0"></line>
                <line number="112" hits="0"></line>
                <line number="114" hits="0"></line>
              </lines>
            </method>
            <method name="CreateWallet" signature="" line-rate="0.8214286" branch-rate="0" complexity="0">
              <lines>
                <line number="117" hits="10"></line>
                <line number="118" hits="10"></line>
                <line number="119" hits="10"></line>
                <line number="120" hits="10"></line>
                <line number="121" hits="10"></line>
                <line number="122" hits="10"></line>
                <line number="123" hits="10"></line>
                <line number="124" hits="10"></line>
                <line number="125" hits="10"></line>
                <line number="126" hits="10"></line>
                <line number="127" hits="10"></line>
                <line number="128" hits="10"></line>
                <line number="129" hits="10"></line>
                <line number="130" hits="10"></line>
                <line number="131" hits="10"></line>
                <line number="132" hits="10"></line>
                <line number="133" hits="10"></line>
                <line number="134" hits="10"></line>
                <line number="135" hits="10"></line>
                <line number="136" hits="10"></line>
                <line number="137" hits="10"></line>
                <line number="138" hits="10"></line>
                <line number="139" hits="0"></line>
                <line number="140" hits="0"></line>
                <line number="141" hits="0"></line>
                <line number="142" hits="0"></line>
                <line number="143" hits="0"></line>
                <line number="145" hits="10"></line>
              </lines>
            </method>
            <method name="GetWallet" signature="" line-rate="0.95652175" branch-rate="0" complexity="0">
              <lines>
                <line number="148" hits="26"></line>
                <line number="149" hits="26"></line>
                <line number="150" hits="26"></line>
                <line number="151" hits="26"></line>
                <line number="152" hits="26"></line>
                <line number="153" hits="26"></line>
                <line number="154" hits="26"></line>
                <line number="155" hits="26"></line>
                <line number="156" hits="26"></line>
                <line number="157" hits="26"></line>
                <line number="158" hits="26"></line>
                <line number="159" hits="26"></line>
                <line number="160" hits="26"></line>
                <line number="161" hits="26"></line>
                <line number="162" hits="26"></line>
                <line number="163" hits="26"></line>
                <line number="164" hits="26"></line>
                <line number="165" hits="3"></line>
                <line number="166" hits="3"></line>
                <line number="167" hits="3"></line>
                <line number="168" hits="3"></line>
                <line number="170" hits="0"></line>
                <line number="173" hits="23"></line>
              </lines>
            </method>
            <method name="UpdateWallet" signature="" line-rate="0.6818182" branch-rate="0" complexity="0">
              <lines>
                <line number="176" hits="4"></line>
                <line number="177" hits="4"></line>
                <line number="178" hits="0"></line>
                <line number="179" hits="0"></line>
                <line number="180" hits="0"></line>
                <line number="182" hits="0"></line>
                <line number="183" hits="0"></line>
                <line number="184" hits="0"></line>
                <line number="186" hits="0"></line>
                <line number="187" hits="0"></line>
                <line number="188" hits="0"></line>
                <line number="190" hits="4"></line>
                <line number="191" hits="4"></line>
                <line number="192" hits="4"></line>
                <line number="193" hits="4"></line>
                <line number="194" hits="4"></line>
                <line number="195" hits="4"></line>
                <line number="196" hits="4"></line>
                <line number="197" hits="4"></line>
                <line number="198" hits="4"></line>
                <line number="199" hits="4"></line>
                <line number="200" hits="4"></line>
                <line number="201" hits="4"></line>
                <line number="202" hits="4"></line>
                <line number="203" hits="4"></line>
                <line number="204" hits="4"></line>
                <line number="205" hits="4"></line>
                <line number="206" hits="4"></line>
                <line number="207" hits="4"></line>
                <line number="208" hits="4"></line>
                <line number="209" hits="4"></line>
                <line number="210" hits="4"></line>
                <line number="211" hits="4"></line>
                <line number="212" hits="4"></line>
                <line number="213" hits="4"></line>
                <line number="214" hits="4"></line>
                <line number="215" hits="4"></line>
                <line number="216" hits="4"></line>
                <line number="217" hits="0"></line>
                <line number="218" hits="0"></line>
                <line number="219" hits="0"></line>
                <line number="220" hits="0"></line>
                <line number="222" hits="0"></line>
                <line number="225" hits="4"></line>
              </lines>
            </method>
            <method name="DeleteWallet" signature="" line-rate="0.8095238" branch-rate="0" complexity="0">
              <lines>
                <line number="228" hits="3"></line>
                <line number="229" hits="3"></line>
                <line number="230" hits="1"></line>
                <line number="231" hits="1"></line>
                <line number="232" hits="1"></line>
                <line number="233" hits="1"></line>
                <line number="235" hits="0"></line>
                <line number="238" hits="1"></line>
[...]
            <line number="231" hits="1"></line>
            <line number="232" hits="1"></line>
            <line number="233" hits="1"></line>
            <line number="235" hits="0"></line>
            <line number="238" hits="1"></line>
            <line number="239" hits="1"></line>
            <line number="240" hits="1"></line>
            <line number="242" hits="1"></line>
            <line number="243" hits="1"></line>
            <line number="244" hits="1"></line>
            <line number="245" hits="1"></line>
            <line number="246" hits="1"></line>
            <line number="247" hits="1"></line>
            <line number="248" hits="1"></line>
            <line number="249" hits="0"></line>
            <line number="250" hits="0"></line>
            <line number="251" hits="0"></line>
            <line number="253" hits="1"></line>
            <line number="256" hits="5"></line>
            <line number="257" hits="5"></line>
            <line number="258" hits="5"></line>
            <line number="259" hits="5"></line>
            <line number="260" hits="5"></line>
            <line number="261" hits="5"></line>
            <line number="262" hits="5"></line>
            <line number="263" hits="5"></line>
            <line number="264" hits="5"></line>
            <line number="265" hits="0"></line>
            <line number="266" hits="0"></line>
            <line number="267" hits="0"></line>
            <line number="269" hits="5"></line>
            <line number="270" hits="5"></line>
            <line number="271" hits="5"></line>
            <line number="272" hits="13"></line>
            <line number="273" hits="13"></line>
            <line number="274" hits="13"></line>
            <line number="275" hits="13"></line>
            <line number="276" hits="13"></line>
            <line number="277" hits="13"></line>
            <line number="278" hits="13"></line>
            <line number="279" hits="13"></line>
            <line number="280" hits="13"></line>
            <line number="281" hits="13"></line>
            <line number="282" hits="13"></line>
            <line number="283" hits="0"></line>
            <line number="284" hits="0"></line>
            <line number="285" hits="0"></line>
            <line number="287" hits="13"></line>
            <line number="290" hits="0"></line>
            <line number="291" hits="0"></line>
            <line number="292" hits="0"></line>
            <line number="294" hits="0"></line>
            <line number="295" hits="0"></line>
            <line number="296" hits="0"></line>
            <line number="298" hits="5"></line>
            <line number="301" hits="5"></line>
            <line number="302" hits="5"></line>
            <line number="303" hits="5"></line>
            <line number="304" hits="5"></line>
            <line number="305" hits="5"></line>
            <line number="306" hits="5"></line>
            <line number="307" hits="5"></line>
            <line number="308" hits="5"></line>
            <line number="309" hits="5"></line>
            <line number="310" hits="5"></line>
            <line number="311" hits="5"></line>
            <line number="312" hits="5"></line>
            <line number="313" hits="5"></line>
            <line number="314" hits="5"></line>
            <line number="315" hits="5"></line>
            <line number="316" hits="5"></line>
            <line number="317" hits="5"></line>
            <line number="318" hits="5"></line>
            <line number="319" hits="5"></line>
            <line number="320" hits="0"></line>
            <line number="321" hits="0"></line>
            <line number="322" hits="0"></line>
            <line number="323" hits="0"></line>
            <line number="325" hits="5"></line>
            <line number="326" hits="1"></line>
            <line number="327" hits="1"></line>
            <line number="328" hits="1"></line>
            <line number="330" hits="5"></line>
            <line number="331" hits="5"></line>
            <line number="332" hits="1"></line>
            <line number="333" hits="1"></line>
            <line number="334" hits="1"></line>
            <line number="336" hits="5"></line>
            <line number="337" hits="5"></line>
            <line number="338" hits="5"></line>
            <line number="339" hits="5"></line>
            <line number="340" hits="3"></line>
            <line number="341" hits="3"></line>
            <line number="342" hits="3"></line>
            <line number="343" hits="3"></line>
            <line number="345" hits="5"></line>
            <line number="348" hits="6"></line>
            <line number="349" hits="6"></line>
            <line number="350" hits="0"></line>
            <line number="351" hits="0"></line>
            <line number="352" hits="0"></line>
            <line number="355" hits="6"></line>
            <line number="358" hits="0"></line>
            <line number="359" hits="0"></line>
            <line number="360" hits="0"></line>
            <line number="361" hits="0"></line>
            <line number="362" hits="0"></line>
            <line number="363" hits="0"></line>
            <line number="364" hits="0"></line>
            <line number="365" hits="0"></line>
            <line number="366" hits="0"></line>
            <line number="367" hits="0"></line>
            <line number="369" hits="0"></line>
            <line number="372" hits="7"></line>
            <line number="373" hits="0"></line>
            <line number="374" hits="0"></line>
            <line number="375" hits="0"></line>
            <line number="377" hits="7"></line>
          </lines>
        </class>
      </classes>
    </package>
    <package name="github.com/romanpitatelev/wallets-service/internal/xr/xr-client" line-rate="0.5882353" branch-rate="0" complexity="0">
      <classes>
        <class name="-" filename="internal/xr/xr-client/client.go" line-rate="1" branch-rate="0" complexity="0">
          <methods>
            <method name="New" signature="" line-rate="1" branch-rate="0" complexity="0">
              <lines>
                <line number="23" hits="1"></line>
                <line number="24" hits="1"></line>
                <line number="25" hits="1"></line>
                <line number="26" hits="1"></line>
                <line number="27" hits="1"></line>
              </lines>
            </method>
          </methods>
          <lines>
            <line number="23" hits="1"></line>
            <line number="24" hits="1"></line>
            <line number="25" hits="1"></line>
            <line number="26" hits="1"></line>
            <line number="27" hits="1"></line>
          </lines>
        </class>
        <class name="Client" filename="internal/xr/xr-client/client.go" line-rate="0.51724136" branch-rate="0" complexity="0">
          <methods>
            <method name="GetRate" signature="" line-rate="0.51724136" branch-rate="0" complexity="0">
              <lines>
                <line number="29" hits="3"></line>
                <line number="30" hits="3"></line>
                <line number="31" hits="3"></line>
                <line number="32" hits="3"></line>
                <line number="33" hits="0"></line>
                <line number="34" hits="0"></line>
                <line number="35" hits="0"></line>
                <line number="37" hits="3"></line>
                <line number="38" hits="3"></line>
                <line number="39" hits="3"></line>
                <line number="40" hits="0"></line>
                <line number="41" hits="0"></line>
                <line number="42" hits="0"></line>
                <line number="44" hits="3"></line>
                <line number="45" hits="0"></line>
                <line number="46" hits="0"></line>
                <line number="47" hits="0"></line>
                <line number="50" hits="3"></line>
                <line number="51" hits="1"></line>
                <line number="52" hits="1"></line>
                <line number="53" hits="0"></line>
                <line number="54" hits="0"></line>
                <line number="55" hits="2"></line>
                <line number="56" hits="2"></line>
                <line number="57" hits="2"></line>
                <line number="58" hits="0"></line>
                <line number="59" hits="0"></line>
                <line number="60" hits="0"></line>
                <line number="62" hits="2"></line>
              </lines>
            </method>
          </methods>
          <lines>
            <line number="29" hits="3"></line>
            <line number="30" hits="3"></line>
            <line number="31" hits="3"></line>
            <line number="32" hits="3"></line>
            <line number="33" hits="0"></line>
            <line number="34" hits="0"></line>
            <line number="35" hits="0"></line>
            <line number="37" hits="3"></line>
            <line number="38" hits="3"></line>
            <line number="39" hits="3"></line>
            <line number="40" hits="0"></line>
            <line number="41" hits="0"></line>
            <line number="42" hits="0"></line>
            <line number="44" hits="3"></line>
            <line number="45" hits="0"></line>
            <line number="46" hits="0"></line>
            <line number="47" hits="0"></line>
            <line number="50" hits="3"></line>
            <line number="51" hits="1"></line>
            <line number="52" hits="1"></line>
            <line number="53" hits="0"></line>
            <line number="54" hits="0"></line>
            <line number="55" hits="2"></line>
            <line number="56" hits="2"></line>
            <line number="57" hits="2"></line>
            <line number="58" hits="0"></line>
            <line number="59" hits="0"></line>
            <line number="60" hits="0"></line>
            <line number="62" hits="2"></line>
          </lines>
        </class>
      </classes>
    </package>
    <package name="github.com/romanpitatelev/wallets-service/internal/xr/xr-server" line-rate="0.76744187" branch-rate="0" complexity="0">
      <classes>
        <class name="-" filename="internal/xr/xr-server/server.go" line-rate="1" branch-rate="0" complexity="0">
          <methods>
            <method name="New" signature="" line-rate="1" branch-rate="0" complexity="0">
              <lines>
                <line number="25" hits="1"></line>
                <line number="26" hits="1"></line>
                <line number="27" hits="1"></line>
                <line number="28" hits="1"></line>
                <line number="29" hits="1"></line>
                <line number="30" hits="1"></line>
                <line number="31" hits="1"></line>
                <line number="32" hits="1"></line>
                <line number="33" hits="1"></line>
                <line number="34" hits="1"></line>
                <line number="35" hits="1"></line>
                <line number="36" hits="1"></line>
                <line number="37" hits="1"></line>
                <line number="39" hits="1"></line>
              </lines>
            </method>
          </methods>
          <lines>
            <line number="25" hits="1"></line>
            <line number="26" hits="1"></line>
            <line number="27" hits="1"></line>
            <line number="28" hits="1"></line>
            <line number="29" hits="1"></line>
            <line number="30" hits="1"></line>
            <line number="31" hits="1"></line>
            <line number="32" hits="1"></line>
            <line number="33" hits="1"></line>
            <line number="34" hits="1"></line>
            <line number="35" hits="1"></line>
            <line number="36" hits="1"></line>
            <line number="37" hits="1"></line>
            <line number="39" hits="1"></line>
          </lines>
        </class>
        <class name="Server" filename="internal/xr/xr-server/server.go" line-rate="0.7222222" branch-rate="0" complexity="0">
          <methods>
            <method name="Run" signature="" line-rate="0.5" branch-rate="0" complexity="0">
              <lines>
                <line number="42" hits="1"></line>
                <line number="43" hits="1"></line>
                <line number="44" hits="1"></line>
                <line number="45" hits="1"></line>
                <line number="46" hits="1"></line>
                <line number="47" hits="0"></line>
                <line number="48" hits="0"></line>
                <line number="49" hits="0"></line>
                <line number="52" hits="0"></line>
                <line number="53" hits="0"></line>
                <line number="54" hits="0"></line>
                <line number="56" hits="1"></line>
              </lines>
            </method>
            <method name="GetExchangeRate" signature="" line-rate="1" branch-rate="0" complexity="0">
              <lines>
                <line number="59" hits="3"></line>
                <line number="60" hits="3"></line>
                <line number="61" hits="3"></line>
                <line number="62" hits="3"></line>
                <line number="63" hits="3"></line>
                <line number="64" hits="3"></line>
                <line number="65" hits="3"></line>
                <line number="66" hits="3"></line>
                <line number="67" hits="3"></line>
                <line number="68" hits="3"></line>
                <line number="69" hits="3"></line>
                <line number="70" hits="3"></line>
                <line number="71" hits="3"></line>
                <line number="72" hits="3"></line>
                <line number="73" hits="3"></line>
                <line number="74" hits="3"></line>
                <line number="75" hits="3"></line>
                <line number="76" hits="3"></line>
                <line number="77" hits="3"></line>
                <line number="78" hits="3"></line>
                <line number="79" hits="3"></line>
                <line number="80" hits="3"></line>
                <line number="81" hits="1"></line>
                <line number="82" hits="1"></line>
                <line number="83" hits="1"></line>
                <line number="84" hits="1"></line>
                <line number="85" hits="1"></line>
                <line number="87" hits="2"></line>
                <line number="88" hits="2"></line>
                <line number="89" hits="2"></line>
                <line number="90" hits="2"></line>
                <line number="91" hits="2"></line>
              </lines>
            </method>
            <method name="errorResponse" signature="" line-rate="0.47619048" branch-rate="0" complexity="0">
              <lines>
                <line number="94" hits="1"></line>
                <line number="95" hits="1"></line>
                <line number="96" hits="1"></line>
                <line number="97" hits="1"></line>
                <line number="98" hits="1"></line>
                <line number="99" hits="1"></line>
                <line number="101" hits="1"></line>
                <line number="102" hits="0"></line>
                <line number="103" hits="0"></line>
                <line number="104" hits="0"></line>
                <line number="105" hits="0"></line>
                <line number="106" hits="0"></line>
                <line number="108" hits="1"></line>
                <line number="109" hits="0"></line>
                <line number="110" hits="0"></line>
                <line number="111" hits="0"></line>
                <line number="113" hits="1"></line>
                <line number="114" hits="1"></line>
                <line number="115" hits="0"></line>
                <line number="116" hits="0"></line>
                <line number="117" hits="0"></line>
              </lines>
            </method>
            <method name="okResponse" signature="" line-rate="0.5714286" branch-rate="0" complexity="0">
              <lines>
                <line number="120" hits="2"></line>
                <line number="121" hits="2"></line>
                <line number="122" hits="2"></line>
                <line number="123" hits="2"></line>
                <line number="124" hits="0"></line>
                <line number="125" hits="0"></line>
                <line number="126" hits="0"></line>
              </lines>
            </method>
          </methods>
          <lines>
            <line number="42" hits="1"></line>
            <line number="43" hits="1"></line>
            <line number="44" hits="1"></line>
            <line number="45" hits="1"></line>
            <line number="46" hits="1"></line>
            <line number="47" hits="0"></line>
            <line number="48" hits="0"></line>
            <line number="49" hits="0"></line>
            <line number="52" hits="0"></line>
            <line number="53" hits="0"></line>
            <line number="54" hits="0"></line>
            <line number="56" hits="1"></line>
            <line number="59" hits="3"></line>
            <line number="60" hits="3"></line>
            <line number="61" hits="3"></line>
            <line number="62" hits="3"></line>
            <line number="63" hits="3"></line>
            <line number="64" hits="3"></line>
            <line number="65" hits="3"></line>
            <line number="66" hits="3"></line>
            <line number="67" hits="3"></line>
            <line number="68" hits="3"></line>
            <line number="69" hits="3"></line>
            <line number="70" hits="3"></line>
            <line number="71" hits="3"></line>
            <line number="72" hits="3"></line>
            <line number="73" hits="3"></line>
            <line number="74" hits="3"></line>
            <line number="75" hits="3"></line>
            <line number="76" hits="3"></line>
            <line number="77" hits="3"></line>
            <line number="78" hits="3"></line>
            <line number="79" hits="3"></line>
            <line number="80" hits="3"></line>
            <line number="81" hits="1"></line>
            <line number="82" hits="1"></line>
            <line number="83" hits="1"></line>
            <line number="84" hits="1"></line>
            <line number="85" hits="1"></line>
            <line number="87" hits="2"></line>
            <line number="88" hits="2"></line>
            <line number="89" hits="2"></line>
            <line number="90" hits="2"></line>
            <line number="91" hits="2"></line>
            <line number="94" hits="1"></line>
            <line number="95" hits="1"></line>
            <line number="96" hits="1"></line>
            <line number="97" hits="1"></line>
            <line number="98" hits="1"></line>
            <line number="99" hits="1"></line>
            <line number="101" hits="1"></line>
            <line number="102" hits="0"></line>
            <line number="103" hits="0"></line>
            <line number="104" hits="0"></line>
            <line number="105" hits="0"></line>
            <line number="106" hits="0"></line>
            <line number="108" hits="1"></line>
            <line number="109" hits="0"></line>
            <line number="110" hits="0"></line>
            <line number="111" hits="0"></line>
            <line number="113" hits="1"></line>
            <line number="114" hits="1"></line>
            <line number="115" hits="0"></line>
            <line number="116" hits="0"></line>
            <line number="117" hits="0"></line>
            <line number="120" hits="2"></line>
            <line number="121" hits="2"></line>
            <line number="122" hits="2"></line>
            <line number="123" hits="2"></line>
            <line number="124" hits="0"></line>
            <line number="125" hits="0"></line>
            <line number="126" hits="0"></line>
          </lines>
        </class>
      </classes>
    </package>
  </packages>
</coverage>
